# JRE version: OpenJDK Runtime Environment (8.0_242-b08) (build 1.8.0_242-b08)
# Java VM: OpenJDK 64-Bit Server VM (25.242-b08 mixed mode linux-amd64 compressed oops)
Heap:
 def new generation   total 314560K, used 214483K [0x00000000c0000000, 0x00000000d5550000, 0x00000000d5550000)
  eden space 279616K,  67% used [0x00000000c0000000, 0x00000000cb777358, 0x00000000d1110000)
  from space 34944K,  76% used [0x00000000d1110000, 0x00000000d2b0d9e8, 0x00000000d3330000)
  to   space 34944K,   0% used [0x00000000d3330000, 0x00000000d3330000, 0x00000000d5550000)
 tenured generation   total 699072K, used 339705K [0x00000000d5550000, 0x0000000100000000, 0x0000000100000000)
   the space 699072K,  48% used [0x00000000d5550000, 0x00000000ea10e6f0, 0x00000000ea10e800, 0x0000000100000000)
 Metaspace       used 59641K, capacity 65574K, committed 65624K, reserved 1105920K
  class space    used 8066K, capacity 9582K, committed 9600K, reserved 1048576K
GC Heap History (250 events):
Event: 36.839 GC heap before
{Heap before GC invocations=46 (full 2):
 def new generation   total 314560K, used 283204K [0x00000000c0000000, 0x00000000d5550000, 0x00000000d5550000)
  eden space 279616K, 100% used [0x00000000c0000000, 0x00000000d1110000, 0x00000000d1110000)
  from space 34944K,  10% used [0x00000000d1110000, 0x00000000d14910e0, 0x00000000d3330000)
  to   space 34944K,   0% used [0x00000000d3330000, 0x00000000d3330000, 0x00000000d5550000)
 tenured generation   total 699072K, used 215469K [0x00000000d5550000, 0x0000000100000000, 0x0000000100000000)
   the space 699072K,  30% used [0x00000000d5550000, 0x00000000e27bb450, 0x00000000e27bb600, 0x0000000100000000)
 Metaspace       used 52209K, capacity 56339K, committed 56448K, reserved 1097728K
  class space    used 7342K, capacity 8572K, committed 8576K, reserved 1048576K
Event: 36.846 GC heap after
Heap after GC invocations=47 (full 2):
 def new generation   total 314560K, used 3548K [0x00000000c0000000, 0x00000000d5550000, 0x00000000d5550000)
  eden space 279616K,   0% used [0x00000000c0000000, 0x00000000c0000000, 0x00000000d1110000)
  from space 34944K,  10% used [0x00000000d3330000, 0x00000000d36a71b0, 0x00000000d5550000)
  to   space 34944K,   0% used [0x00000000d1110000, 0x00000000d1110000, 0x00000000d3330000)
 tenured generation   total 699072K, used 215509K [0x00000000d5550000, 0x0000000100000000, 0x0000000100000000)
   the space 699072K,  30% used [0x00000000d5550000, 0x00000000e27c5790, 0x00000000e27c5800, 0x0000000100000000)
 Metaspace       used 52209K, capacity 56339K, committed 56448K, reserved 1097728K
  class space    used 7342K, capacity 8572K, committed 8576K, reserved 1048576K
}
Event: 37.223 GC heap before
{Heap before GC invocations=47 (full 2):
 def new generation   total 314560K, used 283164K [0x00000000c0000000, 0x00000000d5550000, 0x00000000d5550000)
  eden space 279616K, 100% used [0x00000000c0000000, 0x00000000d1110000, 0x00000000d1110000)
  from space 34944K,  10% used [0x00000000d3330000, 0x00000000d36a71b0, 0x00000000d5550000)
  to   space 34944K,   0% used [0x00000000d1110000, 0x00000000d1110000, 0x00000000d3330000)
 tenured generation   total 699072K, used 215509K [0x00000000d5550000, 0x0000000100000000, 0x0000000100000000)
   the space 699072K,  30% used [0x00000000d5550000, 0x00000000e27c5790, 0x00000000e27c5800, 0x0000000100000000)
 Metaspace       used 52209K, capacity 56339K, committed 56448K, reserved 1097728K
  class space    used 7342K, capacity 8572K, committed 8576K, reserved 1048576K
Event: 37.230 GC heap after
Heap after GC invocations=48 (full 2):
 def new generation   total 314560K, used 2252K [0x00000000c0000000, 0x00000000d5550000, 0x00000000d5550000)
  eden space 279616K,   0% used [0x00000000c0000000, 0x00000000c0000000, 0x00000000d1110000)
  from space 34944K,   6% used [0x00000000d1110000, 0x00000000d1343018, 0x00000000d3330000)
  to   space 34944K,   0% used [0x00000000d3330000, 0x00000000d3330000, 0x00000000d5550000)
 tenured generation   total 699072K, used 216839K [0x00000000d5550000, 0x0000000100000000, 0x0000000100000000)
   the space 699072K,  31% used [0x00000000d5550000, 0x00000000e2911ff8, 0x00000000e2912000, 0x0000000100000000)
 Metaspace       used 52209K, capacity 56339K, committed 56448K, reserved 1097728K
  class space    used 7342K, capacity 8572K, committed 8576K, reserved 1048576K
}
Event: 37.681 GC heap before
{Heap before GC invocations=48 (full 2):
 def new generation   total 314560K, used 281868K [0x00000000c0000000, 0x00000000d5550000, 0x00000000d5550000)
  eden space 279616K, 100% used [0x00000000c0000000, 0x00000000d1110000, 0x00000000d1110000)
  from space 34944K,   6% used [0x00000000d1110000, 0x00000000d1343018, 0x00000000d3330000)
  to   space 34944K,   0% used [0x00000000d3330000, 0x00000000d3330000, 0x00000000d5550000)
 tenured generation   total 699072K, used 216839K [0x00000000d5550000, 0x0000000100000000, 0x0000000100000000)
   the space 699072K,  31% used [0x00000000d5550000, 0x00000000e2911ff8, 0x00000000e2912000, 0x0000000100000000)
 Metaspace       used 52209K, capacity 56339K, committed 56448K, reserved 1097728K
  class space    used 7342K, capacity 8572K, committed 8576K, reserved 1048576K
Event: 37.687 GC heap after
Heap after GC invocations=49 (full 2):
 def new generation   total 314560K, used 857K [0x00000000c0000000, 0x00000000d5550000, 0x00000000d5550000)
  eden space 279616K,   0% used [0x00000000c0000000, 0x00000000c0000000, 0x00000000d1110000)
  from space 34944K,   2% used [0x00000000d3330000, 0x00000000d34066f0, 0x00000000d5550000)
  to   space 34944K,   0% used [0x00000000d1110000, 0x00000000d1110000, 0x00000000d3330000)
 tenured generation   total 699072K, used 218313K [0x00000000d5550000, 0x0000000100000000, 0x0000000100000000)
   the space 699072K,  31% used [0x00000000d5550000, 0x00000000e2a82430, 0x00000000e2a82600, 0x0000000100000000)
 Metaspace       used 52209K, capacity 56339K, committed 56448K, reserved 1097728K
  class space    used 7342K, capacity 8572K, committed 8576K, reserved 1048576K
}
Event: 38.063 GC heap before
{Heap before GC invocations=49 (full 2):
 def new generation   total 314560K, used 280473K [0x00000000c0000000, 0x00000000d5550000, 0x00000000d5550000)
  eden space 279616K, 100% used [0x00000000c0000000, 0x00000000d1110000, 0x00000000d1110000)
  from space 34944K,   2% used [0x00000000d3330000, 0x00000000d34066f0, 0x00000000d5550000)
  to   space 34944K,   0% used [0x00000000d1110000, 0x00000000d1110000, 0x00000000d3330000)
 tenured generation   total 699072K, used 218313K [0x00000000d5550000, 0x0000000100000000, 0x0000000100000000)
   the space 699072K,  31% used [0x00000000d5550000, 0x00000000e2a82430, 0x00000000e2a82600, 0x0000000100000000)
 Metaspace       used 52209K, capacity 56339K, committed 56448K, reserved 1097728K
  class space    used 7342K, capacity 8572K, committed 8576K, reserved 1048576K
Event: 38.067 GC heap after
Heap after GC invocations=50 (full 2):
 def new generation   total 314560K, used 857K [0x00000000c0000000, 0x00000000d5550000, 0x00000000d5550000)
  eden space 279616K,   0% used [0x00000000c0000000, 0x00000000c0000000, 0x00000000d1110000)
  from space 34944K,   2% used [0x00000000d1110000, 0x00000000d11e65a8, 0x00000000d3330000)
  to   space 34944K,   0% used [0x00000000d3330000, 0x00000000d3330000, 0x00000000d5550000)
 tenured generation   total 699072K, used 218353K [0x00000000d5550000, 0x0000000100000000, 0x0000000100000000)
   the space 699072K,  31% used [0x00000000d5550000, 0x00000000e2a8c748, 0x00000000e2a8c800, 0x0000000100000000)
 Metaspace       used 52209K, capacity 56339K, committed 56448K, reserved 1097728K
  class space    used 7342K, capacity 8572K, committed 8576K, reserved 1048576K
}
Event: 38.429 GC heap before
{Heap before GC invocations=50 (full 2):
 def new generation   total 314560K, used 280473K [0x00000000c0000000, 0x00000000d5550000, 0x00000000d5550000)
  eden space 279616K, 100% used [0x00000000c0000000, 0x00000000d1110000, 0x00000000d1110000)
  from space 34944K,   2% used [0x00000000d1110000, 0x00000000d11e65a8, 0x00000000d3330000)
  to   space 34944K,   0% used [0x00000000d3330000, 0x00000000d3330000, 0x00000000d5550000)
 tenured generation   total 699072K, used 218353K [0x00000000d5550000, 0x0000000100000000, 0x0000000100000000)
   the space 699072K,  31% used [0x00000000d5550000, 0x00000000e2a8c748, 0x00000000e2a8c800, 0x0000000100000000)
 Metaspace       used 52209K, capacity 56339K, committed 56448K, reserved 1097728K
  class space    used 7342K, capacity 8572K, committed 8576K, reserved 1048576K
Event: 38.433 GC heap after
Heap after GC invocations=51 (full 2):
 def new generation   total 314560K, used 855K [0x00000000c0000000, 0x00000000d5550000, 0x00000000d5550000)
  eden space 279616K,   0% used [0x00000000c0000000, 0x00000000c0000000, 0x00000000d1110000)
  from space 34944K,   2% used [0x00000000d3330000, 0x00000000d3405c98, 0x00000000d5550000)
  to   space 34944K,   0% used [0x00000000d1110000, 0x00000000d1110000, 0x00000000d3330000)
 tenured generation   total 699072K, used 218420K [0x00000000d5550000, 0x0000000100000000, 0x0000000100000000)
   the space 699072K,  31% used [0x00000000d5550000, 0x00000000e2a9d138, 0x00000000e2a9d200, 0x0000000100000000)
 Metaspace       used 52209K, capacity 56339K, committed 56448K, reserved 1097728K
  class space    used 7342K, capacity 8572K, committed 8576K, reserved 1048576K
}
Event: 38.916 GC heap before
{Heap before GC invocations=51 (full 2):
 def new generation   total 314560K, used 280471K [0x00000000c0000000, 0x00000000d5550000, 0x00000000d5550000)
  eden space 279616K, 100% used [0x00000000c0000000, 0x00000000d1110000, 0x00000000d1110000)
  from space 34944K,   2% used [0x00000000d3330000, 0x00000000d3405c98, 0x00000000d5550000)
  to   space 34944K,   0% used [0x00000000d1110000, 0x00000000d1110000, 0x00000000d3330000)
 tenured generation   total 699072K, used 218420K [0x00000000d5550000, 0x0000000100000000, 0x0000000100000000)
   the space 699072K,  31% used [0x00000000d5550000, 0x00000000e2a9d138, 0x00000000e2a9d200, 0x0000000100000000)
 Metaspace       used 52209K, capacity 56339K, committed 56448K, reserved 1097728K
  class space    used 7342K, capacity 8572K, committed 8576K, reserved 1048576K
Event: 38.920 GC heap after
Heap after GC invocations=52 (full 2):
 def new generation   total 314560K, used 901K [0x00000000c0000000, 0x00000000d5550000, 0x00000000d5550000)
  eden space 279616K,   0% used [0x00000000c0000000, 0x00000000c0000000, 0x00000000d1110000)
  from space 34944K,   2% used [0x00000000d1110000, 0x00000000d11f1668, 0x00000000d3330000)
  to   space 34944K,   0% used [0x00000000d3330000, 0x00000000d3330000, 0x00000000d5550000)
 tenured generation   total 699072K, used 218453K [0x00000000d5550000, 0x0000000100000000, 0x0000000100000000)
   the space 699072K,  31% used [0x00000000d5550000, 0x00000000e2aa5780, 0x00000000e2aa5800, 0x0000000100000000)
 Metaspace       used 52209K, capacity 56339K, committed 56448K, reserved 1097728K
  class space    used 7342K, capacity 8572K, committed 8576K, reserved 1048576K
}
Event: 39.268 GC heap before
{Heap before GC invocations=52 (full 2):
 def new generation   total 314560K, used 280517K [0x00000000c0000000, 0x00000000d5550000, 0x00000000d5550000)
  eden space 279616K, 100% used [0x00000000c0000000, 0x00000000d1110000, 0x00000000d1110000)
  from space 34944K,   2% used [0x00000000d1110000, 0x00000000d11f1668, 0x00000000d3330000)
  to   space 34944K,   0% used [0x00000000d3330000, 0x00000000d3330000, 0x00000000d5550000)
 tenured generation   total 699072K, used 218453K [0x00000000d5550000, 0x0000000100000000, 0x0000000100000000)
   the space 699072K,  31% used [0x00000000d5550000, 0x00000000e2aa5780, 0x00000000e2aa5800, 0x0000000100000000)
 Metaspace       used 52209K, capacity 56339K, committed 56448K, reserved 1097728K
  class space    used 7342K, capacity 8572K, committed 8576K, reserved 1048576K
Event: 39.272 GC heap after
Heap after GC invocations=53 (full 2):
 def new generation   total 314560K, used 863K [0x00000000c0000000, 0x00000000d5550000, 0x00000000d5550000)
  eden space 279616K,   0% used [0x00000000c0000000, 0x00000000c0000000, 0x00000000d1110000)
  from space 34944K,   2% used [0x00000000d3330000, 0x00000000d3407f58, 0x00000000d5550000)
  to   space 34944K,   0% used [0x00000000d1110000, 0x00000000d1110000, 0x00000000d3330000)
 tenured generation   total 699072K, used 218527K [0x00000000d5550000, 0x0000000100000000, 0x0000000100000000)
   the space 699072K,  31% used [0x00000000d5550000, 0x00000000e2ab7c58, 0x00000000e2ab7e00, 0x0000000100000000)
 Metaspace       used 52209K, capacity 56339K, committed 56448K, reserved 1097728K
  class space    used 7342K, capacity 8572K, committed 8576K, reserved 1048576K
}
Event: 39.686 GC heap before
{Heap before GC invocations=53 (full 2):
 def new generation   total 314560K, used 280479K [0x00000000c0000000, 0x00000000d5550000, 0x00000000d5550000)
  eden space 279616K, 100% used [0x00000000c0000000, 0x00000000d1110000, 0x00000000d1110000)
  from space 34944K,   2% used [0x00000000d3330000, 0x00000000d3407f58, 0x00000000d5550000)
  to   space 34944K,   0% used [0x00000000d1110000, 0x00000000d1110000, 0x00000000d3330000)
 tenured generation   total 699072K, used 218527K [0x00000000d5550000, 0x0000000100000000, 0x0000000100000000)
   the space 699072K,  31% used [0x00000000d5550000, 0x00000000e2ab7c58, 0x00000000e2ab7e00, 0x0000000100000000)
 Metaspace       used 52209K, capacity 56339K, committed 56448K, reserved 1097728K
  class space    used 7342K, capacity 8572K, committed 8576K, reserved 1048576K
Event: 39.690 GC heap after
Heap after GC invocations=54 (full 2):
 def new generation   total 314560K, used 910K [0x00000000c0000000, 0x00000000d5550000, 0x00000000d5550000)
  eden space 279616K,   0% used [0x00000000c0000000, 0x00000000c0000000, 0x00000000d1110000)
  from space 34944K,   2% used [0x00000000d1110000, 0x00000000d11f3aa0, 0x00000000d3330000)
  to   space 34944K,   0% used [0x00000000d3330000, 0x00000000d3330000, 0x00000000d5550000)
 tenured generation   total 699072K, used 218562K [0x00000000d5550000, 0x0000000100000000, 0x0000000100000000)
   the space 699072K,  31% used [0x00000000d5550000, 0x00000000e2ac0840, 0x00000000e2ac0a00, 0x0000000100000000)
 Metaspace       used 52209K, capacity 56339K, committed 56448K, reserved 1097728K
  class space    used 7342K, capacity 8572K, committed 8576K, reserved 1048576K
}
Event: 40.078 GC heap before
{Heap before GC invocations=54 (full 2):
 def new generation   total 314560K, used 280526K [0x00000000c0000000, 0x00000000d5550000, 0x00000000d5550000)
  eden space 279616K, 100% used [0x00000000c0000000, 0x00000000d1110000, 0x00000000d1110000)
  from space 34944K,   2% used [0x00000000d1110000, 0x00000000d11f3aa0, 0x00000000d3330000)
  to   space 34944K,   0% used [0x00000000d3330000, 0x00000000d3330000, 0x00000000d5550000)
 tenured generation   total 699072K, used 218562K [0x00000000d5550000, 0x0000000100000000, 0x0000000100000000)
   the space 699072K,  31% used [0x00000000d5550000, 0x00000000e2ac0840, 0x00000000e2ac0a00, 0x0000000100000000)
 Metaspace       used 52209K, capacity 56339K, committed 56448K, reserved 1097728K
  class space    used 7342K, capacity 8572K, committed 8576K, reserved 1048576K
Event: 40.082 GC heap after
Heap after GC invocations=55 (full 2):
 def new generation   total 314560K, used 882K [0x00000000c0000000, 0x00000000d5550000, 0x00000000d5550000)
  eden space 279616K,   0% used [0x00000000c0000000, 0x00000000c0000000, 0x00000000d1110000)
  from space 34944K,   2% used [0x00000000d3330000, 0x00000000d340caf0, 0x00000000d5550000)
  to   space 34944K,   0% used [0x00000000d1110000, 0x00000000d1110000, 0x00000000d3330000)
 tenured generation   total 699072K, used 218637K [0x00000000d5550000, 0x0000000100000000, 0x0000000100000000)
   the space 699072K,  31% used [0x00000000d5550000, 0x00000000e2ad3430, 0x00000000e2ad3600, 0x0000000100000000)
 Metaspace       used 52209K, capacity 56339K, committed 56448K, reserved 1097728K
  class space    used 7342K, capacity 8572K, committed 8576K, reserved 1048576K
}
Event: 40.450 GC heap before
{Heap before GC invocations=55 (full 2):
 def new generation   total 314560K, used 280498K [0x00000000c0000000, 0x00000000d5550000, 0x00000000d5550000)
  eden space 279616K, 100% used [0x00000000c0000000, 0x00000000d1110000, 0x00000000d1110000)
  from space 34944K,   2% used [0x00000000d3330000, 0x00000000d340caf0, 0x00000000d5550000)
  to   space 34944K,   0% used [0x00000000d1110000, 0x00000000d1110000, 0x00000000d3330000)
 tenured generation   total 699072K, used 218637K [0x00000000d5550000, 0x0000000100000000, 0x0000000100000000)
   the space 699072K,  31% used [0x00000000d5550000, 0x00000000e2ad3430, 0x00000000e2ad3600, 0x0000000100000000)
 Metaspace       used 52209K, capacity 56339K, committed 56448K, reserved 1097728K
  class space    used 7342K, capacity 8572K, committed 8576K, reserved 1048576K
Event: 40.453 GC heap after
Heap after GC invocations=56 (full 2):
 def new generation   total 314560K, used 914K [0x00000000c0000000, 0x00000000d5550000, 0x00000000d5550000)
  eden space 279616K,   0% used [0x00000000c0000000, 0x00000000c0000000, 0x00000000d1110000)
  from space 34944K,   2% used [0x00000000d1110000, 0x00000000d11f4b48, 0x00000000d3330000)
  to   space 34944K,   0% used [0x00000000d3330000, 0x00000000d3330000, 0x00000000d5550000)
 tenured generation   total 699072K, used 218673K [0x00000000d5550000, 0x0000000100000000, 0x0000000100000000)
   the space 699072K,  31% used [0x00000000d5550000, 0x00000000e2adc708, 0x00000000e2adc800, 0x0000000100000000)
 Metaspace       used 52209K, capacity 56339K, committed 56448K, reserved 1097728K
  class space    used 7342K, capacity 8572K, committed 8576K, reserved 1048576K
}
Event: 40.848 GC heap before
{Heap before GC invocations=56 (full 2):
 def new generation   total 314560K, used 280530K [0x00000000c0000000, 0x00000000d5550000, 0x00000000d5550000)
  eden space 279616K, 100% used [0x00000000c0000000, 0x00000000d1110000, 0x00000000d1110000)
  from space 34944K,   2% used [0x00000000d1110000, 0x00000000d11f4b48, 0x00000000d3330000)
  to   space 34944K,   0% used [0x00000000d3330000, 0x00000000d3330000, 0x00000000d5550000)
 tenured generation   total 699072K, used 218673K [0x00000000d5550000, 0x0000000100000000, 0x0000000100000000)
   the space 699072K,  31% used [0x00000000d5550000, 0x00000000e2adc708, 0x00000000e2adc800, 0x0000000100000000)
 Metaspace       used 52209K, capacity 56339K, committed 56448K, reserved 1097728K
  class space    used 7342K, capacity 8572K, committed 8576K, reserved 1048576K
Event: 40.852 GC heap after
Heap after GC invocations=57 (full 2):
 def new generation   total 314560K, used 931K [0x00000000c0000000, 0x00000000d5550000, 0x00000000d5550000)
  eden space 279616K,   0% used [0x00000000c0000000, 0x00000000c0000000, 0x00000000d1110000)
  from space 34944K,   2% used [0x00000000d3330000, 0x00000000d3418f00, 0x00000000d5550000)
  to   space 34944K,   0% used [0x00000000d1110000, 0x00000000d1110000, 0x00000000d3330000)
 tenured generation   total 699072K, used 218742K [0x00000000d5550000, 0x0000000100000000, 0x0000000100000000)
   the space 699072K,  31% used [0x00000000d5550000, 0x00000000e2aedb68, 0x00000000e2aedc00, 0x0000000100000000)
 Metaspace       used 52209K, capacity 56339K, committed 56448K, reserved 1097728K
  class space    used 7342K, capacity 8572K, committed 8576K, reserved 1048576K
}
Event: 41.281 GC heap before
{Heap before GC invocations=57 (full 2):
 def new generation   total 314560K, used 280547K [0x00000000c0000000, 0x00000000d5550000, 0x00000000d5550000)
  eden space 279616K, 100% used [0x00000000c0000000, 0x00000000d1110000, 0x00000000d1110000)
  from space 34944K,   2% used [0x00000000d3330000, 0x00000000d3418f00, 0x00000000d5550000)
  to   space 34944K,   0% used [0x00000000d1110000, 0x00000000d1110000, 0x00000000d3330000)
 tenured generation   total 699072K, used 218742K [0x00000000d5550000, 0x0000000100000000, 0x0000000100000000)
   the space 699072K,  31% used [0x00000000d5550000, 0x00000000e2aedb68, 0x00000000e2aedc00, 0x0000000100000000)
 Metaspace       used 52209K, capacity 56339K, committed 56448K, reserved 1097728K
  class space    used 7342K, capacity 8572K, committed 8576K, reserved 1048576K
Event: 41.285 GC heap after
Heap after GC invocations=58 (full 2):
 def new generation   total 314560K, used 962K [0x00000000c0000000, 0x00000000d5550000, 0x00000000d5550000)
  eden space 279616K,   0% used [0x00000000c0000000, 0x00000000c0000000, 0x00000000d1110000)
  from space 34944K,   2% used [0x00000000d1110000, 0x00000000d12008b0, 0x00000000d3330000)
  to   space 34944K,   0% used [0x00000000d3330000, 0x00000000d3330000, 0x00000000d5550000)
 tenured generation   total 699072K, used 218793K [0x00000000d5550000, 0x0000000100000000, 0x0000000100000000)
   the space 699072K,  31% used [0x00000000d5550000, 0x00000000e2afa4c0, 0x00000000e2afa600, 0x0000000100000000)
 Metaspace       used 52209K, capacity 56339K, committed 56448K, reserved 1097728K
  class space    used 7342K, capacity 8572K, committed 8576K, reserved 1048576K
}
Event: 41.613 GC heap before
{Heap before GC invocations=58 (full 2):
 def new generation   total 314560K, used 280578K [0x00000000c0000000, 0x00000000d5550000, 0x00000000d5550000)
  eden space 279616K, 100% used [0x00000000c0000000, 0x00000000d1110000, 0x00000000d1110000)
  from space 34944K,   2% used [0x00000000d1110000, 0x00000000d12008b0, 0x00000000d3330000)
  to   space 34944K,   0% used [0x00000000d3330000, 0x00000000d3330000, 0x00000000d5550000)
 tenured generation   total 699072K, used 218793K [0x00000000d5550000, 0x0000000100000000, 0x0000000100000000)
   the space 699072K,  31% used [0x00000000d5550000, 0x00000000e2afa4c0, 0x00000000e2afa600, 0x0000000100000000)
 Metaspace       used 52209K, capacity 56339K, committed 56448K, reserved 1097728K
  class space    used 7342K, capacity 8572K, committed 8576K, reserved 1048576K
Event: 41.617 GC heap after
Heap after GC invocations=59 (full 2):
 def new generation   total 314560K, used 955K [0x00000000c0000000, 0x00000000d5550000, 0x00000000d5550000)
  eden space 279616K,   0% used [0x00000000c0000000, 0x00000000c0000000, 0x00000000d1110000)
  from space 34944K,   2% used [0x00000000d3330000, 0x00000000d341ec60, 0x00000000d5550000)
  to   space 34944K,   0% used [0x00000000d1110000, 0x00000000d1110000, 0x00000000d3330000)
 tenured generation   total 699072K, used 218849K [0x00000000d5550000, 0x0000000100000000, 0x0000000100000000)
   the space 699072K,  31% used [0x00000000d5550000, 0x00000000e2b08728, 0x00000000e2b08800, 0x0000000100000000)
 Metaspace       used 52209K, capacity 56339K, committed 56448K, reserved 1097728K
  class space    used 7342K, capacity 8572K, committed 8576K, reserved 1048576K
}
Event: 42.016 GC heap before
{Heap before GC invocations=59 (full 2):
 def new generation   total 314560K, used 280571K [0x00000000c0000000, 0x00000000d5550000, 0x00000000d5550000)
  eden space 279616K, 100% used [0x00000000c0000000, 0x00000000d1110000, 0x00000000d1110000)
  from space 34944K,   2% used [0x00000000d3330000, 0x00000000d341ec60, 0x00000000d5550000)
  to   space 34944K,   0% used [0x00000000d1110000, 0x00000000d1110000, 0x00000000d3330000)
 tenured generation   total 699072K, used 218849K [0x00000000d5550000, 0x0000000100000000, 0x0000000100000000)
   the space 699072K,  31% used [0x00000000d5550000, 0x00000000e2b08728, 0x00000000e2b08800, 0x0000000100000000)
 Metaspace       used 52209K, capacity 56339K, committed 56448K, reserved 1097728K
  class space    used 7342K, capacity 8572K, committed 8576K, reserved 1048576K
Event: 42.020 GC heap after
Heap after GC invocations=60 (full 2):
 def new generation   total 314560K, used 967K [0x00000000c0000000, 0x00000000d5550000, 0x00000000d5550000)
  eden space 279616K,   0% used [0x00000000c0000000, 0x00000000c0000000, 0x00000000d1110000)
  from space 34944K,   2% used [0x00000000d1110000, 0x00000000d1201ee8, 0x00000000d3330000)
  to   space 34944K,   0% used [0x00000000d3330000, 0x00000000d3330000, 0x00000000d5550000)
 tenured generation   total 699072K, used 218901K [0x00000000d5550000, 0x0000000100000000, 0x0000000100000000)
   the space 699072K,  31% used [0x00000000d5550000, 0x00000000e2b156f8, 0x00000000e2b15800, 0x0000000100000000)
 Metaspace       used 52209K, capacity 56339K, committed 56448K, reserved 1097728K
  class space    used 7342K, capacity 8572K, committed 8576K, reserved 1048576K
}
Event: 42.395 GC heap before
{Heap before GC invocations=60 (full 2):
 def new generation   total 314560K, used 280583K [0x00000000c0000000, 0x00000000d5550000, 0x00000000d5550000)
  eden space 279616K, 100% used [0x00000000c0000000, 0x00000000d1110000, 0x00000000d1110000)
  from space 34944K,   2% used [0x00000000d1110000, 0x00000000d1201ee8, 0x00000000d3330000)
  to   space 34944K,   0% used [0x00000000d3330000, 0x00000000d3330000, 0x00000000d5550000)
 tenured generation   total 699072K, used 218901K [0x00000000d5550000, 0x0000000100000000, 0x0000000100000000)
   the space 699072K,  31% used [0x00000000d5550000, 0x00000000e2b156f8, 0x00000000e2b15800, 0x0000000100000000)
 Metaspace       used 52209K, capacity 56339K, committed 56448K, reserved 1097728K
  class space    used 7342K, capacity 8572K, committed 8576K, reserved 1048576K
Event: 42.399 GC heap after
Heap after GC invocations=61 (full 2):
 def new generation   total 314560K, used 1000K [0x00000000c0000000, 0x00000000d5550000, 0x00000000d5550000)
  eden space 279616K,   0% used [0x00000000c0000000, 0x00000000c0000000, 0x00000000d1110000)
  from space 34944K,   2% used [0x00000000d3330000, 0x00000000d342a288, 0x00000000d5550000)
  to   space 34944K,   0% used [0x00000000d1110000, 0x00000000d1110000, 0x00000000d3330000)
 tenured generation   total 699072K, used 218965K [0x00000000d5550000, 0x0000000100000000, 0x0000000100000000)
   the space 699072K,  31% used [0x00000000d5550000, 0x00000000e2b25500, 0x00000000e2b25600, 0x0000000100000000)
 Metaspace       used 52209K, capacity 56339K, committed 56448K, reserved 1097728K
  class space    used 7342K, capacity 8572K, committed 8576K, reserved 1048576K
}
Event: 42.820 GC heap before
{Heap before GC invocations=61 (full 2):
 def new generation   total 314560K, used 280616K [0x00000000c0000000, 0x00000000d5550000, 0x00000000d5550000)
  eden space 279616K, 100% used [0x00000000c0000000, 0x00000000d1110000, 0x00000000d1110000)
  from space 34944K,   2% used [0x00000000d3330000, 0x00000000d342a288, 0x00000000d5550000)
  to   space 34944K,   0% used [0x00000000d1110000, 0x00000000d1110000, 0x00000000d3330000)
 tenured generation   total 699072K, used 218965K [0x00000000d5550000, 0x0000000100000000, 0x0000000100000000)
   the space 699072K,  31% used [0x00000000d5550000, 0x00000000e2b25500, 0x00000000e2b25600, 0x0000000100000000)
 Metaspace       used 52209K, capacity 56339K, committed 56448K, reserved 1097728K
  class space    used 7342K, capacity 8572K, committed 8576K, reserved 1048576K
Event: 42.824 GC heap after
Heap after GC invocations=62 (full 2):
 def new generation   total 314560K, used 1005K [0x00000000c0000000, 0x00000000d5550000, 0x00000000d5550000)
  eden space 279616K,   0% used [0x00000000c0000000, 0x00000000c0000000, 0x00000000d1110000)
  from space 34944K,   2% used [0x00000000d1110000, 0x00000000d120b628, 0x00000000d3330000)
  to   space 34944K,   0% used [0x00000000d3330000, 0x00000000d3330000, 0x00000000d5550000)
 tenured generation   total 699072K, used 219042K [0x00000000d5550000, 0x0000000100000000, 0x0000000100000000)
   the space 699072K,  31% used [0x00000000d5550000, 0x00000000e2b38b80, 0x00000000e2b38c00, 0x0000000100000000)
 Metaspace       used 52209K, capacity 56339K, committed 56448K, reserved 1097728K
  class space    used 7342K, capacity 8572K, committed 8576K, reserved 1048576K
}
Event: 43.194 GC heap before
{Heap before GC invocations=62 (full 2):
 def new generation   total 314560K, used 280621K [0x00000000c0000000, 0x00000000d5550000, 0x00000000d5550000)
  eden space 279616K, 100% used [0x00000000c0000000, 0x00000000d1110000, 0x00000000d1110000)
  from space 34944K,   2% used [0x00000000d1110000, 0x00000000d120b628, 0x00000000d3330000)
  to   space 34944K,   0% used [0x00000000d3330000, 0x00000000d3330000, 0x00000000d5550000)
 tenured generation   total 699072K, used 219042K [0x00000000d5550000, 0x0000000100000000, 0x0000000100000000)
   the space 699072K,  31% used [0x00000000d5550000, 0x00000000e2b38b80, 0x00000000e2b38c00, 0x0000000100000000)
 Metaspace       used 52209K, capacity 56339K, committed 56448K, reserved 1097728K
  class space    used 7342K, capacity 8572K, committed 8576K, reserved 1048576K
Event: 43.198 GC heap after
Heap after GC invocations=63 (full 2):
 def new generation   total 314560K, used 1038K [0x00000000c0000000, 0x00000000d5550000, 0x00000000d5550000)
  eden space 279616K,   0% used [0x00000000c0000000, 0x00000000c0000000, 0x00000000d1110000)
  from space 34944K,   2% used [0x00000000d3330000, 0x00000000d34339f0, 0x00000000d5550000)
  to   space 34944K,   0% used [0x00000000d1110000, 0x00000000d1110000, 0x00000000d3330000)
 tenured generation   total 699072K, used 219073K [0x00000000d5550000, 0x0000000100000000, 0x0000000100000000)
   the space 699072K,  31% used [0x00000000d5550000, 0x00000000e2b40628, 0x00000000e2b40800, 0x0000000100000000)
 Metaspace       used 52209K, capacity 56339K, committed 56448K, reserved 1097728K
  class space    used 7342K, capacity 8572K, committed 8576K, reserved 1048576K
}
Event: 43.547 GC heap before
{Heap before GC invocations=63 (full 2):
 def new generation   total 314560K, used 280654K [0x00000000c0000000, 0x00000000d5550000, 0x00000000d5550000)
  eden space 279616K, 100% used [0x00000000c0000000, 0x00000000d1110000, 0x00000000d1110000)
  from space 34944K,   2% used [0x00000000d3330000, 0x00000000d34339f0, 0x00000000d5550000)
  to   space 34944K,   0% used [0x00000000d1110000, 0x00000000d1110000, 0x00000000d3330000)
 tenured generation   total 699072K, used 219073K [0x00000000d5550000, 0x0000000100000000, 0x0000000100000000)
   the space 699072K,  31% used [0x00000000d5550000, 0x00000000e2b40628, 0x00000000e2b40800, 0x0000000100000000)
 Metaspace       used 52209K, capacity 56339K, committed 56448K, reserved 1097728K
  class space    used 7342K, capacity 8572K, committed 8576K, reserved 1048576K
Event: 43.551 GC heap after
Heap after GC invocations=64 (full 2):
 def new generation   total 314560K, used 1015K [0x00000000c0000000, 0x00000000d5550000, 0x00000000d5550000)
  eden space 279616K,   0% used [0x00000000c0000000, 0x00000000c0000000, 0x00000000d1110000)
  from space 34944K,   2% used [0x00000000d1110000, 0x00000000d120de48, 0x00000000d3330000)
  to   space 34944K,   0% used [0x00000000d3330000, 0x00000000d3330000, 0x00000000d5550000)
 tenured generation   total 699072K, used 219161K [0x00000000d5550000, 0x0000000100000000, 0x0000000100000000)
   the space 699072K,  31% used [0x00000000d5550000, 0x00000000e2b564d0, 0x00000000e2b56600, 0x0000000100000000)
 Metaspace       used 52209K, capacity 56339K, committed 56448K, reserved 1097728K
  class space    used 7342K, capacity 8572K, committed 8576K, reserved 1048576K
}
Event: 43.935 GC heap before
{Heap before GC invocations=64 (full 2):
 def new generation   total 314560K, used 280631K [0x00000000c0000000, 0x00000000d5550000, 0x00000000d5550000)
  eden space 279616K, 100% used [0x00000000c0000000, 0x00000000d1110000, 0x00000000d1110000)
  from space 34944K,   2% used [0x00000000d1110000, 0x00000000d120de48, 0x00000000d3330000)
  to   space 34944K,   0% used [0x00000000d3330000, 0x00000000d3330000, 0x00000000d5550000)
 tenured generation   total 699072K, used 219161K [0x00000000d5550000, 0x0000000100000000, 0x0000000100000000)
   the space 699072K,  31% used [0x00000000d5550000, 0x00000000e2b564d0, 0x00000000e2b56600, 0x0000000100000000)
 Metaspace       used 52209K, capacity 56339K, committed 56448K, reserved 1097728K
  class space    used 7342K, capacity 8572K, committed 8576K, reserved 1048576K
Event: 43.940 GC heap after
Heap after GC invocations=65 (full 2):
 def new generation   total 314560K, used 1249K [0x00000000c0000000, 0x00000000d5550000, 0x00000000d5550000)
  eden space 279616K,   0% used [0x00000000c0000000, 0x00000000c0000000, 0x00000000d1110000)
  from space 34944K,   3% used [0x00000000d3330000, 0x00000000d3468648, 0x00000000d5550000)
  to   space 34944K,   0% used [0x00000000d1110000, 0x00000000d1110000, 0x00000000d3330000)
 tenured generation   total 699072K, used 219200K [0x00000000d5550000, 0x0000000100000000, 0x0000000100000000)
   the space 699072K,  31% used [0x00000000d5550000, 0x00000000e2b60278, 0x00000000e2b60400, 0x0000000100000000)
 Metaspace       used 52209K, capacity 56339K, committed 56448K, reserved 1097728K
  class space    used 7342K, capacity 8572K, committed 8576K, reserved 1048576K
}
Event: 44.388 GC heap before
{Heap before GC invocations=65 (full 2):
 def new generation   total 314560K, used 280865K [0x00000000c0000000, 0x00000000d5550000, 0x00000000d5550000)
  eden space 279616K, 100% used [0x00000000c0000000, 0x00000000d1110000, 0x00000000d1110000)
  from space 34944K,   3% used [0x00000000d3330000, 0x00000000d3468648, 0x00000000d5550000)
  to   space 34944K,   0% used [0x00000000d1110000, 0x00000000d1110000, 0x00000000d3330000)
 tenured generation   total 699072K, used 219200K [0x00000000d5550000, 0x0000000100000000, 0x0000000100000000)
   the space 699072K,  31% used [0x00000000d5550000, 0x00000000e2b60278, 0x00000000e2b60400, 0x0000000100000000)
 Metaspace       used 52209K, capacity 56339K, committed 56448K, reserved 1097728K
  class space    used 7342K, capacity 8572K, committed 8576K, reserved 1048576K
Event: 44.397 GC heap after
Heap after GC invocations=66 (full 2):
 def new generation   total 314560K, used 2150K [0x00000000c0000000, 0x00000000d5550000, 0x00000000d5550000)
  eden space 279616K,   0% used [0x00000000c0000000, 0x00000000c0000000, 0x00000000d1110000)
  from space 34944K,   6% used [0x00000000d1110000, 0x00000000d1329a88, 0x00000000d3330000)
  to   space 34944K,   0% used [0x00000000d3330000, 0x00000000d3330000, 0x00000000d5550000)
 tenured generation   total 699072K, used 219261K [0x00000000d5550000, 0x0000000100000000, 0x0000000100000000)
   the space 699072K,  31% used [0x00000000d5550000, 0x00000000e2b6f4d8, 0x00000000e2b6f600, 0x0000000100000000)
 Metaspace       used 52209K, capacity 56339K, committed 56448K, reserved 1097728K
  class space    used 7342K, capacity 8572K, committed 8576K, reserved 1048576K
}
Event: 44.789 GC heap before
{Heap before GC invocations=66 (full 2):
 def new generation   total 314560K, used 281766K [0x00000000c0000000, 0x00000000d5550000, 0x00000000d5550000)
  eden space 279616K, 100% used [0x00000000c0000000, 0x00000000d1110000, 0x00000000d1110000)
  from space 34944K,   6% used [0x00000000d1110000, 0x00000000d1329a88, 0x00000000d3330000)
  to   space 34944K,   0% used [0x00000000d3330000, 0x00000000d3330000, 0x00000000d5550000)
 tenured generation   total 699072K, used 219261K [0x00000000d5550000, 0x0000000100000000, 0x0000000100000000)
   the space 699072K,  31% used [0x00000000d5550000, 0x00000000e2b6f4d8, 0x00000000e2b6f600, 0x0000000100000000)
 Metaspace       used 52209K, capacity 56339K, committed 56448K, reserved 1097728K
  class space    used 7342K, capacity 8572K, committed 8576K, reserved 1048576K
Event: 44.796 GC heap after
Heap after GC invocations=67 (full 2):
 def new generation   total 314560K, used 2156K [0x00000000c0000000, 0x00000000d5550000, 0x00000000d5550000)
  eden space 279616K,   0% used [0x00000000c0000000, 0x00000000c0000000, 0x00000000d1110000)
  from space 34944K,   6% used [0x00000000d3330000, 0x00000000d354b108, 0x00000000d5550000)
  to   space 34944K,   0% used [0x00000000d1110000, 0x00000000d1110000, 0x00000000d3330000)
 tenured generation   total 699072K, used 219343K [0x00000000d5550000, 0x0000000100000000, 0x0000000100000000)
   the space 699072K,  31% used [0x00000000d5550000, 0x00000000e2b83d58, 0x00000000e2b83e00, 0x0000000100000000)
 Metaspace       used 52209K, capacity 56339K, committed 56448K, reserved 1097728K
  class space    used 7342K, capacity 8572K, committed 8576K, reserved 1048576K
}
Event: 45.164 GC heap before
{Heap before GC invocations=67 (full 2):
 def new generation   total 314560K, used 281772K [0x00000000c0000000, 0x00000000d5550000, 0x00000000d5550000)
  eden space 279616K, 100% used [0x00000000c0000000, 0x00000000d1110000, 0x00000000d1110000)
  from space 34944K,   6% used [0x00000000d3330000, 0x00000000d354b108, 0x00000000d5550000)
  to   space 34944K,   0% used [0x00000000d1110000, 0x00000000d1110000, 0x00000000d3330000)
 tenured generation   total 699072K, used 219343K [0x00000000d5550000, 0x0000000100000000, 0x0000000100000000)
   the space 699072K,  31% used [0x00000000d5550000, 0x00000000e2b83d58, 0x00000000e2b83e00, 0x0000000100000000)
 Metaspace       used 52209K, capacity 56339K, committed 56448K, reserved 1097728K
  class space    used 7342K, capacity 8572K, committed 8576K, reserved 1048576K
Event: 45.171 GC heap after
Heap after GC invocations=68 (full 2):
 def new generation   total 314560K, used 2192K [0x00000000c0000000, 0x00000000d5550000, 0x00000000d5550000)
  eden space 279616K,   0% used [0x00000000c0000000, 0x00000000c0000000, 0x00000000d1110000)
  from space 34944K,   6% used [0x00000000d1110000, 0x00000000d1334188, 0x00000000d3330000)
  to   space 34944K,   0% used [0x00000000d3330000, 0x00000000d3330000, 0x00000000d5550000)
 tenured generation   total 699072K, used 219373K [0x00000000d5550000, 0x0000000100000000, 0x0000000100000000)
   the space 699072K,  31% used [0x00000000d5550000, 0x00000000e2b8b5c0, 0x00000000e2b8b600, 0x0000000100000000)
 Metaspace       used 52209K, capacity 56339K, committed 56448K, reserved 1097728K
  class space    used 7342K, capacity 8572K, committed 8576K, reserved 1048576K
}
Event: 45.562 GC heap before
{Heap before GC invocations=68 (full 2):
 def new generation   total 314560K, used 281808K [0x00000000c0000000, 0x00000000d5550000, 0x00000000d5550000)
  eden space 279616K, 100% used [0x00000000c0000000, 0x00000000d1110000, 0x00000000d1110000)
  from space 34944K,   6% used [0x00000000d1110000, 0x00000000d1334188, 0x00000000d3330000)
  to   space 34944K,   0% used [0x00000000d3330000, 0x00000000d3330000, 0x00000000d5550000)
 tenured generation   total 699072K, used 219373K [0x00000000d5550000, 0x0000000100000000, 0x0000000100000000)
   the space 699072K,  31% used [0x00000000d5550000, 0x00000000e2b8b5c0, 0x00000000e2b8b600, 0x0000000100000000)
 Metaspace       used 52209K, capacity 56339K, committed 56448K, reserved 1097728K
  class space    used 7342K, capacity 8572K, committed 8576K, reserved 1048576K
Event: 45.569 GC heap after
Heap after GC invocations=69 (full 2):
 def new generation   total 314560K, used 2192K [0x00000000c0000000, 0x00000000d5550000, 0x00000000d5550000)
  eden space 279616K,   0% used [0x00000000c0000000, 0x00000000c0000000, 0x00000000d1110000)
  from space 34944K,   6% used [0x00000000d3330000, 0x00000000d3554028, 0x00000000d5550000)
  to   space 34944K,   0% used [0x00000000d1110000, 0x00000000d1110000, 0x00000000d3330000)
 tenured generation   total 699072K, used 219459K [0x00000000d5550000, 0x0000000100000000, 0x0000000100000000)
   the space 699072K,  31% used [0x00000000d5550000, 0x00000000e2ba0dc0, 0x00000000e2ba0e00, 0x0000000100000000)
 Metaspace       used 52209K, capacity 56339K, committed 56448K, reserved 1097728K
  class space    used 7342K, capacity 8572K, committed 8576K, reserved 1048576K
}
Event: 45.913 GC heap before
{Heap before GC invocations=69 (full 2):
 def new generation   total 314560K, used 281808K [0x00000000c0000000, 0x00000000d5550000, 0x00000000d5550000)
  eden space 279616K, 100% used [0x00000000c0000000, 0x00000000d1110000, 0x00000000d1110000)
  from space 34944K,   6% used [0x00000000d3330000, 0x00000000d3554028, 0x00000000d5550000)
  to   space 34944K,   0% used [0x00000000d1110000, 0x00000000d1110000, 0x00000000d3330000)
 tenured generation   total 699072K, used 219459K [0x00000000d5550000, 0x0000000100000000, 0x0000000100000000)
   the space 699072K,  31% used [0x00000000d5550000, 0x00000000e2ba0dc0, 0x00000000e2ba0e00, 0x0000000100000000)
 Metaspace       used 52209K, capacity 56339K, committed 56448K, reserved 1097728K
  class space    used 7342K, capacity 8572K, committed 8576K, reserved 1048576K
Event: 45.920 GC heap after
Heap after GC invocations=70 (full 2):
 def new generation   total 314560K, used 2220K [0x00000000c0000000, 0x00000000d5550000, 0x00000000d5550000)
  eden space 279616K,   0% used [0x00000000c0000000, 0x00000000c0000000, 0x00000000d1110000)
  from space 34944K,   6% used [0x00000000d1110000, 0x00000000d133b238, 0x00000000d3330000)
  to   space 34944K,   0% used [0x00000000d3330000, 0x00000000d3330000, 0x00000000d5550000)
 tenured generation   total 699072K, used 219511K [0x00000000d5550000, 0x0000000100000000, 0x0000000100000000)
   the space 699072K,  31% used [0x00000000d5550000, 0x00000000e2badec8, 0x00000000e2bae000, 0x0000000100000000)
 Metaspace       used 52209K, capacity 56339K, committed 56448K, reserved 1097728K
  class space    used 7342K, capacity 8572K, committed 8576K, reserved 1048576K
}
Event: 46.316 GC heap before
{Heap before GC invocations=70 (full 2):
 def new generation   total 314560K, used 281836K [0x00000000c0000000, 0x00000000d5550000, 0x00000000d5550000)
  eden space 279616K, 100% used [0x00000000c0000000, 0x00000000d1110000, 0x00000000d1110000)
  from space 34944K,   6% used [0x00000000d1110000, 0x00000000d133b238, 0x00000000d3330000)
  to   space 34944K,   0% used [0x00000000d3330000, 0x00000000d3330000, 0x00000000d5550000)
 tenured generation   total 699072K, used 219511K [0x00000000d5550000, 0x0000000100000000, 0x0000000100000000)
   the space 699072K,  31% used [0x00000000d5550000, 0x00000000e2badec8, 0x00000000e2bae000, 0x0000000100000000)
 Metaspace       used 52209K, capacity 56339K, committed 56448K, reserved 1097728K
  class space    used 7342K, capacity 8572K, committed 8576K, reserved 1048576K
Event: 46.324 GC heap after
Heap after GC invocations=71 (full 2):
 def new generation   total 314560K, used 2257K [0x00000000c0000000, 0x00000000d5550000, 0x00000000d5550000)
  eden space 279616K,   0% used [0x00000000c0000000, 0x00000000c0000000, 0x00000000d1110000)
  from space 34944K,   6% used [0x00000000d3330000, 0x00000000d35647a8, 0x00000000d5550000)
  to   space 34944K,   0% used [0x00000000d1110000, 0x00000000d1110000, 0x00000000d3330000)
 tenured generation   total 699072K, used 219569K [0x00000000d5550000, 0x0000000100000000, 0x0000000100000000)
   the space 699072K,  31% used [0x00000000d5550000, 0x00000000e2bbc7e0, 0x00000000e2bbc800, 0x0000000100000000)
 Metaspace       used 52209K, capacity 56339K, committed 56448K, reserved 1097728K
  class space    used 7342K, capacity 8572K, committed 8576K, reserved 1048576K
}
Event: 46.715 GC heap before
{Heap before GC invocations=71 (full 2):
 def new generation   total 314560K, used 281873K [0x00000000c0000000, 0x00000000d5550000, 0x00000000d5550000)
  eden space 279616K, 100% used [0x00000000c0000000, 0x00000000d1110000, 0x00000000d1110000)
  from space 34944K,   6% used [0x00000000d3330000, 0x00000000d35647a8, 0x00000000d5550000)
  to   space 34944K,   0% used [0x00000000d1110000, 0x00000000d1110000, 0x00000000d3330000)
 tenured generation   total 699072K, used 219569K [0x00000000d5550000, 0x0000000100000000, 0x0000000100000000)
   the space 699072K,  31% used [0x00000000d5550000, 0x00000000e2bbc7e0, 0x00000000e2bbc800, 0x0000000100000000)
 Metaspace       used 52209K, capacity 56339K, committed 56448K, reserved 1097728K
  class space    used 7342K, capacity 8572K, committed 8576K, reserved 1048576K
Event: 46.723 GC heap after
Heap after GC invocations=72 (full 2):
 def new generation   total 314560K, used 2413K [0x00000000c0000000, 0x00000000d5550000, 0x00000000d5550000)
  eden space 279616K,   0% used [0x00000000c0000000, 0x00000000c0000000, 0x00000000d1110000)
  from space 34944K,   6% used [0x00000000d1110000, 0x00000000d136b7a8, 0x00000000d3330000)
  to   space 34944K,   0% used [0x00000000d3330000, 0x00000000d3330000, 0x00000000d5550000)
 tenured generation   total 699072K, used 219662K [0x00000000d5550000, 0x0000000100000000, 0x0000000100000000)
   the space 699072K,  31% used [0x00000000d5550000, 0x00000000e2bd3978, 0x00000000e2bd3a00, 0x0000000100000000)
 Metaspace       used 52209K, capacity 56339K, committed 56448K, reserved 1097728K
  class space    used 7342K, capacity 8572K, committed 8576K, reserved 1048576K
}
Event: 47.092 GC heap before
{Heap before GC invocations=72 (full 2):
 def new generation   total 314560K, used 282029K [0x00000000c0000000, 0x00000000d5550000, 0x00000000d5550000)
  eden space 279616K, 100% used [0x00000000c0000000, 0x00000000d1110000, 0x00000000d1110000)
  from space 34944K,   6% used [0x00000000d1110000, 0x00000000d136b7a8, 0x00000000d3330000)
  to   space 34944K,   0% used [0x00000000d3330000, 0x00000000d3330000, 0x00000000d5550000)
 tenured generation   total 699072K, used 219662K [0x00000000d5550000, 0x0000000100000000, 0x0000000100000000)
   the space 699072K,  31% used [0x00000000d5550000, 0x00000000e2bd3978, 0x00000000e2bd3a00, 0x0000000100000000)
 Metaspace       used 52209K, capacity 56339K, committed 56448K, reserved 1097728K
  class space    used 7342K, capacity 8572K, committed 8576K, reserved 1048576K
Event: 47.101 GC heap after
Heap after GC invocations=73 (full 2):
 def new generation   total 314560K, used 2692K [0x00000000c0000000, 0x00000000d5550000, 0x00000000d5550000)
  eden space 279616K,   0% used [0x00000000c0000000, 0x00000000c0000000, 0x00000000d1110000)
  from space 34944K,   7% used [0x00000000d3330000, 0x00000000d35d10d0, 0x00000000d5550000)
  to   space 34944K,   0% used [0x00000000d1110000, 0x00000000d1110000, 0x00000000d3330000)
 tenured generation   total 699072K, used 219743K [0x00000000d5550000, 0x0000000100000000, 0x0000000100000000)
   the space 699072K,  31% used [0x00000000d5550000, 0x00000000e2be7d68, 0x00000000e2be7e00, 0x0000000100000000)
 Metaspace       used 52209K, capacity 56339K, committed 56448K, reserved 1097728K
  class space    used 7342K, capacity 8572K, committed 8576K, reserved 1048576K
}
Event: 47.521 GC heap before
{Heap before GC invocations=73 (full 2):
 def new generation   total 314560K, used 282308K [0x00000000c0000000, 0x00000000d5550000, 0x00000000d5550000)
  eden space 279616K, 100% used [0x00000000c0000000, 0x00000000d1110000, 0x00000000d1110000)
  from space 34944K,   7% used [0x00000000d3330000, 0x00000000d35d10d0, 0x00000000d5550000)
  to   space 34944K,   0% used [0x00000000d1110000, 0x00000000d1110000, 0x00000000d3330000)
 tenured generation   total 699072K, used 219743K [0x00000000d5550000, 0x0000000100000000, 0x0000000100000000)
   the space 699072K,  31% used [0x00000000d5550000, 0x00000000e2be7d68, 0x00000000e2be7e00, 0x0000000100000000)
 Metaspace       used 52209K, capacity 56339K, committed 56448K, reserved 1097728K
  class space    used 7342K, capacity 8572K, committed 8576K, reserved 1048576K
Event: 47.533 GC heap after
Heap after GC invocations=74 (full 2):
 def new generation   total 314560K, used 3344K [0x00000000c0000000, 0x00000000d5550000, 0x00000000d5550000)
  eden space 279616K,   0% used [0x00000000c0000000, 0x00000000c0000000, 0x00000000d1110000)
  from space 34944K,   9% used [0x00000000d1110000, 0x00000000d14541a0, 0x00000000d3330000)
  to   space 34944K,   0% used [0x00000000d3330000, 0x00000000d3330000, 0x00000000d5550000)
 tenured generation   total 699072K, used 219793K [0x00000000d5550000, 0x0000000100000000, 0x0000000100000000)
   the space 699072K,  31% used [0x00000000d5550000, 0x00000000e2bf4670, 0x00000000e2bf4800, 0x0000000100000000)
 Metaspace       used 52209K, capacity 56339K, committed 56448K, reserved 1097728K
  class space    used 7342K, capacity 8572K, committed 8576K, reserved 1048576K
}
Event: 47.891 GC heap before
{Heap before GC invocations=74 (full 2):
 def new generation   total 314560K, used 282960K [0x00000000c0000000, 0x00000000d5550000, 0x00000000d5550000)
  eden space 279616K, 100% used [0x00000000c0000000, 0x00000000d1110000, 0x00000000d1110000)
  from space 34944K,   9% used [0x00000000d1110000, 0x00000000d14541a0, 0x00000000d3330000)
  to   space 34944K,   0% used [0x00000000d3330000, 0x00000000d3330000, 0x00000000d5550000)
 tenured generation   total 699072K, used 219793K [0x00000000d5550000, 0x0000000100000000, 0x0000000100000000)
   the space 699072K,  31% used [0x00000000d5550000, 0x00000000e2bf4670, 0x00000000e2bf4800, 0x0000000100000000)
 Metaspace       used 52209K, capacity 56339K, committed 56448K, reserved 1097728K
  class space    used 7342K, capacity 8572K, committed 8576K, reserved 1048576K
Event: 47.904 GC heap after
Heap after GC invocations=75 (full 2):
 def new generation   total 314560K, used 4124K [0x00000000c0000000, 0x00000000d5550000, 0x00000000d5550000)
  eden space 279616K,   0% used [0x00000000c0000000, 0x00000000c0000000, 0x00000000d1110000)
  from space 34944K,  11% used [0x00000000d3330000, 0x00000000d3737330, 0x00000000d5550000)
  to   space 34944K,   0% used [0x00000000d1110000, 0x00000000d1110000, 0x00000000d3330000)
 tenured generation   total 699072K, used 219863K [0x00000000d5550000, 0x0000000100000000, 0x0000000100000000)
   the space 699072K,  31% used [0x00000000d5550000, 0x00000000e2c05e18, 0x00000000e2c06000, 0x0000000100000000)
 Metaspace       used 52209K, capacity 56339K, committed 56448K, reserved 1097728K
  class space    used 7342K, capacity 8572K, committed 8576K, reserved 1048576K
}
Event: 48.310 GC heap before
{Heap before GC invocations=75 (full 2):
 def new generation   total 314560K, used 283740K [0x00000000c0000000, 0x00000000d5550000, 0x00000000d5550000)
  eden space 279616K, 100% used [0x00000000c0000000, 0x00000000d1110000, 0x00000000d1110000)
  from space 34944K,  11% used [0x00000000d3330000, 0x00000000d3737330, 0x00000000d5550000)
  to   space 34944K,   0% used [0x00000000d1110000, 0x00000000d1110000, 0x00000000d3330000)
 tenured generation   total 699072K, used 219863K [0x00000000d5550000, 0x0000000100000000, 0x0000000100000000)
   the space 699072K,  31% used [0x00000000d5550000, 0x00000000e2c05e18, 0x00000000e2c06000, 0x0000000100000000)
 Metaspace       used 52209K, capacity 56339K, committed 56448K, reserved 1097728K
  class space    used 7342K, capacity 8572K, committed 8576K, reserved 1048576K
Event: 48.323 GC heap after
Heap after GC invocations=76 (full 2):
 def new generation   total 314560K, used 4613K [0x00000000c0000000, 0x00000000d5550000, 0x00000000d5550000)
  eden space 279616K,   0% used [0x00000000c0000000, 0x00000000c0000000, 0x00000000d1110000)
  from space 34944K,  13% used [0x00000000d1110000, 0x00000000d15915f8, 0x00000000d3330000)
  to   space 34944K,   0% used [0x00000000d3330000, 0x00000000d3330000, 0x00000000d5550000)
 tenured generation   total 699072K, used 219953K [0x00000000d5550000, 0x0000000100000000, 0x0000000100000000)
   the space 699072K,  31% used [0x00000000d5550000, 0x00000000e2c1c718, 0x00000000e2c1c800, 0x0000000100000000)
 Metaspace       used 52209K, capacity 56339K, committed 56448K, reserved 1097728K
  class space    used 7342K, capacity 8572K, committed 8576K, reserved 1048576K
}
Event: 48.707 GC heap before
{Heap before GC invocations=76 (full 2):
 def new generation   total 314560K, used 284229K [0x00000000c0000000, 0x00000000d5550000, 0x00000000d5550000)
  eden space 279616K, 100% used [0x00000000c0000000, 0x00000000d1110000, 0x00000000d1110000)
  from space 34944K,  13% used [0x00000000d1110000, 0x00000000d15915f8, 0x00000000d3330000)
  to   space 34944K,   0% used [0x00000000d3330000, 0x00000000d3330000, 0x00000000d5550000)
 tenured generation   total 699072K, used 219953K [0x00000000d5550000, 0x0000000100000000, 0x0000000100000000)
   the space 699072K,  31% used [0x00000000d5550000, 0x00000000e2c1c718, 0x00000000e2c1c800, 0x0000000100000000)
 Metaspace       used 52209K, capacity 56339K, committed 56448K, reserved 1097728K
  class space    used 7342K, capacity 8572K, committed 8576K, reserved 1048576K
Event: 48.720 GC heap after
Heap after GC invocations=77 (full 2):
 def new generation   total 314560K, used 4673K [0x00000000c0000000, 0x00000000d5550000, 0x00000000d5550000)
  eden space 279616K,   0% used [0x00000000c0000000, 0x00000000c0000000, 0x00000000d1110000)
  from space 34944K,  13% used [0x00000000d3330000, 0x00000000d37c06f0, 0x00000000d5550000)
  to   space 34944K,   0% used [0x00000000d1110000, 0x00000000d1110000, 0x00000000d3330000)
 tenured generation   total 699072K, used 220034K [0x00000000d5550000, 0x0000000100000000, 0x0000000100000000)
   the space 699072K,  31% used [0x00000000d5550000, 0x00000000e2c30ab8, 0x00000000e2c30c00, 0x0000000100000000)
 Metaspace       used 52209K, capacity 56339K, committed 56448K, reserved 1097728K
  class space    used 7342K, capacity 8572K, committed 8576K, reserved 1048576K
}
Event: 49.331 GC heap before
{Heap before GC invocations=77 (full 2):
 def new generation   total 314560K, used 284289K [0x00000000c0000000, 0x00000000d5550000, 0x00000000d5550000)
  eden space 279616K, 100% used [0x00000000c0000000, 0x00000000d1110000, 0x00000000d1110000)
  from space 34944K,  13% used [0x00000000d3330000, 0x00000000d37c06f0, 0x00000000d5550000)
  to   space 34944K,   0% used [0x00000000d1110000, 0x00000000d1110000, 0x00000000d3330000)
 tenured generation   total 699072K, used 220034K [0x00000000d5550000, 0x0000000100000000, 0x0000000100000000)
   the space 699072K,  31% used [0x00000000d5550000, 0x00000000e2c30ab8, 0x00000000e2c30c00, 0x0000000100000000)
 Metaspace       used 52209K, capacity 56339K, committed 56448K, reserved 1097728K
  class space    used 7342K, capacity 8572K, committed 8576K, reserved 1048576K
Event: 49.360 GC heap after
Heap after GC invocations=78 (full 2):
 def new generation   total 314560K, used 8819K [0x00000000c0000000, 0x00000000d5550000, 0x00000000d5550000)
  eden space 279616K,   0% used [0x00000000c0000000, 0x00000000c0000000, 0x00000000d1110000)
  from space 34944K,  25% used [0x00000000d1110000, 0x00000000d19acf38, 0x00000000d3330000)
  to   space 34944K,   0% used [0x00000000d3330000, 0x00000000d3330000, 0x00000000d5550000)
 tenured generation   total 699072K, used 220099K [0x00000000d5550000, 0x0000000100000000, 0x0000000100000000)
   the space 699072K,  31% used [0x00000000d5550000, 0x00000000e2c40c20, 0x00000000e2c40e00, 0x0000000100000000)
 Metaspace       used 52209K, capacity 56339K, committed 56448K, reserved 1097728K
  class space    used 7342K, capacity 8572K, committed 8576K, reserved 1048576K
}
Event: 49.859 GC heap before
{Heap before GC invocations=78 (full 2):
 def new generation   total 314560K, used 288435K [0x00000000c0000000, 0x00000000d5550000, 0x00000000d5550000)
  eden space 279616K, 100% used [0x00000000c0000000, 0x00000000d1110000, 0x00000000d1110000)
  from space 34944K,  25% used [0x00000000d1110000, 0x00000000d19acf38, 0x00000000d3330000)
  to   space 34944K,   0% used [0x00000000d3330000, 0x00000000d3330000, 0x00000000d5550000)
 tenured generation   total 699072K, used 220099K [0x00000000d5550000, 0x0000000100000000, 0x0000000100000000)
   the space 699072K,  31% used [0x00000000d5550000, 0x00000000e2c40c20, 0x00000000e2c40e00, 0x0000000100000000)
 Metaspace       used 52209K, capacity 56339K, committed 56448K, reserved 1097728K
  class space    used 7342K, capacity 8572K, committed 8576K, reserved 1048576K
Event: 49.882 GC heap after
Heap after GC invocations=79 (full 2):
 def new generation   total 314560K, used 9620K [0x00000000c0000000, 0x00000000d5550000, 0x00000000d5550000)
  eden space 279616K,   0% used [0x00000000c0000000, 0x00000000c0000000, 0x00000000d1110000)
  from space 34944K,  27% used [0x00000000d3330000, 0x00000000d3c95290, 0x00000000d5550000)
  to   space 34944K,   0% used [0x00000000d1110000, 0x00000000d1110000, 0x00000000d3330000)
 tenured generation   total 699072K, used 220164K [0x00000000d5550000, 0x0000000100000000, 0x0000000100000000)
   the space 699072K,  31% used [0x00000000d5550000, 0x00000000e2c51270, 0x00000000e2c51400, 0x0000000100000000)
 Metaspace       used 52209K, capacity 56339K, committed 56448K, reserved 1097728K
  class space    used 7342K, capacity 8572K, committed 8576K, reserved 1048576K
}
Event: 50.348 GC heap before
{Heap before GC invocations=79 (full 2):
 def new generation   total 314560K, used 289236K [0x00000000c0000000, 0x00000000d5550000, 0x00000000d5550000)
  eden space 279616K, 100% used [0x00000000c0000000, 0x00000000d1110000, 0x00000000d1110000)
  from space 34944K,  27% used [0x00000000d3330000, 0x00000000d3c95290, 0x00000000d5550000)
  to   space 34944K,   0% used [0x00000000d1110000, 0x00000000d1110000, 0x00000000d3330000)
 tenured generation   total 699072K, used 220164K [0x00000000d5550000, 0x0000000100000000, 0x0000000100000000)
   the space 699072K,  31% used [0x00000000d5550000, 0x00000000e2c51270, 0x00000000e2c51400, 0x0000000100000000)
 Metaspace       used 52209K, capacity 56339K, committed 56448K, reserved 1097728K
  class space    used 7342K, capacity 8572K, committed 8576K, reserved 1048576K
Event: 50.370 GC heap after
Heap after GC invocations=80 (full 2):
 def new generation   total 314560K, used 9490K [0x00000000c0000000, 0x00000000d5550000, 0x00000000d5550000)
  eden space 279616K,   0% used [0x00000000c0000000, 0x00000000c0000000, 0x00000000d1110000)
  from space 34944K,  27% used [0x00000000d1110000, 0x00000000d1a54b80, 0x00000000d3330000)
  to   space 34944K,   0% used [0x00000000d3330000, 0x00000000d3330000, 0x00000000d5550000)
 tenured generation   total 699072K, used 220441K [0x00000000d5550000, 0x0000000100000000, 0x0000000100000000)
   the space 699072K,  31% used [0x00000000d5550000, 0x00000000e2c96400, 0x00000000e2c96400, 0x0000000100000000)
 Metaspace       used 52209K, capacity 56339K, committed 56448K, reserved 1097728K
  class space    used 7342K, capacity 8572K, committed 8576K, reserved 1048576K
}
Event: 50.855 GC heap before
{Heap before GC invocations=80 (full 2):
 def new generation   total 314560K, used 289106K [0x00000000c0000000, 0x00000000d5550000, 0x00000000d5550000)
  eden space 279616K, 100% used [0x00000000c0000000, 0x00000000d1110000, 0x00000000d1110000)
  from space 34944K,  27% used [0x00000000d1110000, 0x00000000d1a54b80, 0x00000000d3330000)
  to   space 34944K,   0% used [0x00000000d3330000, 0x00000000d3330000, 0x00000000d5550000)
 tenured generation   total 699072K, used 220441K [0x00000000d5550000, 0x0000000100000000, 0x0000000100000000)
   the space 699072K,  31% used [0x00000000d5550000, 0x00000000e2c96400, 0x00000000e2c96400, 0x0000000100000000)
 Metaspace       used 52209K, capacity 56339K, committed 56448K, reserved 1097728K
  class space    used 7342K, capacity 8572K, committed 8576K, reserved 1048576K
Event: 50.876 GC heap after
Heap after GC invocations=81 (full 2):
 def new generation   total 314560K, used 8682K [0x00000000c0000000, 0x00000000d5550000, 0x00000000d5550000)
  eden space 279616K,   0% used [0x00000000c0000000, 0x00000000c0000000, 0x00000000d1110000)
  from space 34944K,  24% used [0x00000000d3330000, 0x00000000d3baaa60, 0x00000000d5550000)
  to   space 34944K,   0% used [0x00000000d1110000, 0x00000000d1110000, 0x00000000d3330000)
 tenured generation   total 699072K, used 221399K [0x00000000d5550000, 0x0000000100000000, 0x0000000100000000)
   the space 699072K,  31% used [0x00000000d5550000, 0x00000000e2d85c38, 0x00000000e2d85e00, 0x0000000100000000)
 Metaspace       used 52209K, capacity 56339K, committed 56448K, reserved 1097728K
  class space    used 7342K, capacity 8572K, committed 8576K, reserved 1048576K
}
Event: 51.380 GC heap before
{Heap before GC invocations=81 (full 2):
 def new generation   total 314560K, used 288298K [0x00000000c0000000, 0x00000000d5550000, 0x00000000d5550000)
  eden space 279616K, 100% used [0x00000000c0000000, 0x00000000d1110000, 0x00000000d1110000)
  from space 34944K,  24% used [0x00000000d3330000, 0x00000000d3baaa60, 0x00000000d5550000)
  to   space 34944K,   0% used [0x00000000d1110000, 0x00000000d1110000, 0x00000000d3330000)
 tenured generation   total 699072K, used 221399K [0x00000000d5550000, 0x0000000100000000, 0x0000000100000000)
   the space 699072K,  31% used [0x00000000d5550000, 0x00000000e2d85c38, 0x00000000e2d85e00, 0x0000000100000000)
 Metaspace       used 52209K, capacity 56339K, committed 56448K, reserved 1097728K
  class space    used 7342K, capacity 8572K, committed 8576K, reserved 1048576K
Event: 51.400 GC heap after
Heap after GC invocations=82 (full 2):
 def new generation   total 314560K, used 8758K [0x00000000c0000000, 0x00000000d5550000, 0x00000000d5550000)
  eden space 279616K,   0% used [0x00000000c0000000, 0x00000000c0000000, 0x00000000d1110000)
  from space 34944K,  25% used [0x00000000d1110000, 0x00000000d199db10, 0x00000000d3330000)
  to   space 34944K,   0% used [0x00000000d3330000, 0x00000000d3330000, 0x00000000d5550000)
 tenured generation   total 699072K, used 221484K [0x00000000d5550000, 0x0000000100000000, 0x0000000100000000)
   the space 699072K,  31% used [0x00000000d5550000, 0x00000000e2d9b1f0, 0x00000000e2d9b200, 0x0000000100000000)
 Metaspace       used 52209K, capacity 56339K, committed 56448K, reserved 1097728K
  class space    used 7342K, capacity 8572K, committed 8576K, reserved 1048576K
}
Event: 51.977 GC heap before
{Heap before GC invocations=82 (full 2):
 def new generation   total 314560K, used 288374K [0x00000000c0000000, 0x00000000d5550000, 0x00000000d5550000)
  eden space 279616K, 100% used [0x00000000c0000000, 0x00000000d1110000, 0x00000000d1110000)
  from space 34944K,  25% used [0x00000000d1110000, 0x00000000d199db10, 0x00000000d3330000)
  to   space 34944K,   0% used [0x00000000d3330000, 0x00000000d3330000, 0x00000000d5550000)
 tenured generation   total 699072K, used 221484K [0x00000000d5550000, 0x0000000100000000, 0x0000000100000000)
   the space 699072K,  31% used [0x00000000d5550000, 0x00000000e2d9b1f0, 0x00000000e2d9b200, 0x0000000100000000)
 Metaspace       used 52209K, capacity 56339K, committed 56448K, reserved 1097728K
  class space    used 7342K, capacity 8572K, committed 8576K, reserved 1048576K
Event: 51.998 GC heap after
Heap after GC invocations=83 (full 2):
 def new generation   total 314560K, used 8960K [0x00000000c0000000, 0x00000000d5550000, 0x00000000d5550000)
  eden space 279616K,   0% used [0x00000000c0000000, 0x00000000c0000000, 0x00000000d1110000)
  from space 34944K,  25% used [0x00000000d3330000, 0x00000000d3bf00e0, 0x00000000d5550000)
  to   space 34944K,   0% used [0x00000000d1110000, 0x00000000d1110000, 0x00000000d3330000)
 tenured generation   total 699072K, used 221559K [0x00000000d5550000, 0x0000000100000000, 0x0000000100000000)
   the space 699072K,  31% used [0x00000000d5550000, 0x00000000e2dadf58, 0x00000000e2dae000, 0x0000000100000000)
 Metaspace       used 52209K, capacity 56339K, committed 56448K, reserved 1097728K
  class space    used 7342K, capacity 8572K, committed 8576K, reserved 1048576K
}
Event: 52.627 GC heap before
{Heap before GC invocations=83 (full 2):
 def new generation   total 314560K, used 288576K [0x00000000c0000000, 0x00000000d5550000, 0x00000000d5550000)
  eden space 279616K, 100% used [0x00000000c0000000, 0x00000000d1110000, 0x00000000d1110000)
  from space 34944K,  25% used [0x00000000d3330000, 0x00000000d3bf00e0, 0x00000000d5550000)
  to   space 34944K,   0% used [0x00000000d1110000, 0x00000000d1110000, 0x00000000d3330000)
 tenured generation   total 699072K, used 221559K [0x00000000d5550000, 0x0000000100000000, 0x0000000100000000)
   the space 699072K,  31% used [0x00000000d5550000, 0x00000000e2dadf58, 0x00000000e2dae000, 0x0000000100000000)
 Metaspace       used 52209K, capacity 56339K, committed 56448K, reserved 1097728K
  class space    used 7342K, capacity 8572K, committed 8576K, reserved 1048576K
Event: 52.648 GC heap after
Heap after GC invocations=84 (full 2):
 def new generation   total 314560K, used 9239K [0x00000000c0000000, 0x00000000d5550000, 0x00000000d5550000)
  eden space 279616K,   0% used [0x00000000c0000000, 0x00000000c0000000, 0x00000000d1110000)
  from space 34944K,  26% used [0x00000000d1110000, 0x00000000d1a15f28, 0x00000000d3330000)
  to   space 34944K,   0% used [0x00000000d3330000, 0x00000000d3330000, 0x00000000d5550000)
 tenured generation   total 699072K, used 221643K [0x00000000d5550000, 0x0000000100000000, 0x0000000100000000)
   the space 699072K,  31% used [0x00000000d5550000, 0x00000000e2dc2c58, 0x00000000e2dc2e00, 0x0000000100000000)
 Metaspace       used 52209K, capacity 56339K, committed 56448K, reserved 1097728K
  class space    used 7342K, capacity 8572K, committed 8576K, reserved 1048576K
}
Event: 57.387 GC heap before
{Heap before GC invocations=84 (full 2):
 def new generation   total 314560K, used 288855K [0x00000000c0000000, 0x00000000d5550000, 0x00000000d5550000)
  eden space 279616K, 100% used [0x00000000c0000000, 0x00000000d1110000, 0x00000000d1110000)
  from space 34944K,  26% used [0x00000000d1110000, 0x00000000d1a15f28, 0x00000000d3330000)
  to   space 34944K,   0% used [0x00000000d3330000, 0x00000000d3330000, 0x00000000d5550000)
 tenured generation   total 699072K, used 221643K [0x00000000d5550000, 0x0000000100000000, 0x0000000100000000)
   the space 699072K,  31% used [0x00000000d5550000, 0x00000000e2dc2c58, 0x00000000e2dc2e00, 0x0000000100000000)
 Metaspace       used 52745K, capacity 57017K, committed 57088K, reserved 1097728K
  class space    used 7390K, capacity 8639K, committed 8704K, reserved 1048576K
Event: 57.444 GC heap after
Heap after GC invocations=85 (full 2):
 def new generation   total 314560K, used 20702K [0x00000000c0000000, 0x00000000d5550000, 0x00000000d5550000)
  eden space 279616K,   0% used [0x00000000c0000000, 0x00000000c0000000, 0x00000000d1110000)
  from space 34944K,  59% used [0x00000000d3330000, 0x00000000d47679f0, 0x00000000d5550000)
  to   space 34944K,   0% used [0x00000000d1110000, 0x00000000d1110000, 0x00000000d3330000)
 tenured generation   total 699072K, used 221720K [0x00000000d5550000, 0x0000000100000000, 0x0000000100000000)
   the space 699072K,  31% used [0x00000000d5550000, 0x00000000e2dd6098, 0x00000000e2dd6200, 0x0000000100000000)
 Metaspace       used 52745K, capacity 57017K, committed 57088K, reserved 1097728K
  class space    used 7390K, capacity 8639K, committed 8704K, reserved 1048576K
}
Event: 64.172 GC heap before
{Heap before GC invocations=85 (full 2):
 def new generation   total 314560K, used 300318K [0x00000000c0000000, 0x00000000d5550000, 0x00000000d5550000)
  eden space 279616K, 100% used [0x00000000c0000000, 0x00000000d1110000, 0x00000000d1110000)
  from space 34944K,  59% used [0x00000000d3330000, 0x00000000d47679f0, 0x00000000d5550000)
  to   space 34944K,   0% used [0x00000000d1110000, 0x00000000d1110000, 0x00000000d3330000)
 tenured generation   total 699072K, used 221720K [0x00000000d5550000, 0x0000000100000000, 0x0000000100000000)
   the space 699072K,  31% used [0x00000000d5550000, 0x00000000e2dd6098, 0x00000000e2dd6200, 0x0000000100000000)
 Metaspace       used 53997K, capacity 58605K, committed 58752K, reserved 1099776K
  class space    used 7525K, capacity 8829K, committed 8832K, reserved 1048576K
Event: 64.219 GC heap after
Heap after GC invocations=86 (full 2):
 def new generation   total 314560K, used 24244K [0x00000000c0000000, 0x00000000d5550000, 0x00000000d5550000)
  eden space 279616K,   0% used [0x00000000c0000000, 0x00000000c0000000, 0x00000000d1110000)
  from space 34944K,  69% used [0x00000000d1110000, 0x00000000d28bd0c0, 0x00000000d3330000)
  to   space 34944K,   0% used [0x00000000d3330000, 0x00000000d3330000, 0x00000000d5550000)
 tenured generation   total 699072K, used 228910K [0x00000000d5550000, 0x0000000100000000, 0x0000000100000000)
   the space 699072K,  32% used [0x00000000d5550000, 0x00000000e34db838, 0x00000000e34dba00, 0x0000000100000000)
 Metaspace       used 53997K, capacity 58605K, committed 58752K, reserved 1099776K
  class space    used 7525K, capacity 8829K, committed 8832K, reserved 1048576K
}
Event: 65.178 GC heap before
{Heap before GC invocations=86 (full 2):
 def new generation   total 314560K, used 63357K [0x00000000c0000000, 0x00000000d5550000, 0x00000000d5550000)
  eden space 279616K,  13% used [0x00000000c0000000, 0x00000000c26323a0, 0x00000000d1110000)
  from space 34944K,  69% used [0x00000000d1110000, 0x00000000d28bd0c0, 0x00000000d3330000)
  to   space 34944K,   0% used [0x00000000d3330000, 0x00000000d3330000, 0x00000000d5550000)
 tenured generation   total 699072K, used 228910K [0x00000000d5550000, 0x0000000100000000, 0x0000000100000000)
   the space 699072K,  32% used [0x00000000d5550000, 0x00000000e34db838, 0x00000000e34dba00, 0x0000000100000000)
 Metaspace       used 54298K, capacity 59030K, committed 59096K, reserved 1099776K
  class space    used 7566K, capacity 8894K, committed 8960K, reserved 1048576K
Event: 65.654 GC heap after
Heap after GC invocations=87 (full 3):
 def new generation   total 314560K, used 0K [0x00000000c0000000, 0x00000000d5550000, 0x00000000d5550000)
  eden space 279616K,   0% used [0x00000000c0000000, 0x00000000c0000000, 0x00000000d1110000)
  from space 34944K,   0% used [0x00000000d1110000, 0x00000000d1110000, 0x00000000d3330000)
  to   space 34944K,   0% used [0x00000000d3330000, 0x00000000d3330000, 0x00000000d5550000)
 tenured generation   total 699072K, used 215728K [0x00000000d5550000, 0x0000000100000000, 0x0000000100000000)
   the space 699072K,  30% used [0x00000000d5550000, 0x00000000e27fc2c8, 0x00000000e27fc400, 0x0000000100000000)
 Metaspace       used 54298K, capacity 59030K, committed 59096K, reserved 1099776K
  class space    used 7566K, capacity 8894K, committed 8960K, reserved 1048576K
}
Event: 71.180 GC heap before
{Heap before GC invocations=87 (full 3):
 def new generation   total 314560K, used 279616K [0x00000000c0000000, 0x00000000d5550000, 0x00000000d5550000)
  eden space 279616K, 100% used [0x00000000c0000000, 0x00000000d1110000, 0x00000000d1110000)
  from space 34944K,   0% used [0x00000000d1110000, 0x00000000d1110000, 0x00000000d3330000)
  to   space 34944K,   0% used [0x00000000d3330000, 0x00000000d3330000, 0x00000000d5550000)
 tenured generation   total 699072K, used 215728K [0x00000000d5550000, 0x0000000100000000, 0x0000000100000000)
   the space 699072K,  30% used [0x00000000d5550000, 0x00000000e27fc2c8, 0x00000000e27fc400, 0x0000000100000000)
 Metaspace       used 56649K, capacity 61808K, committed 62040K, reserved 1101824K
  class space    used 7818K, capacity 9237K, committed 9344K, reserved 1048576K
Event: 71.199 GC heap after
Heap after GC invocations=88 (full 3):
 def new generation   total 314560K, used 20254K [0x00000000c0000000, 0x00000000d5550000, 0x00000000d5550000)
  eden space 279616K,   0% used [0x00000000c0000000, 0x00000000c0000000, 0x00000000d1110000)
  from space 34944K,  57% used [0x00000000d3330000, 0x00000000d46f7bf8, 0x00000000d5550000)
  to   space 34944K,   0% used [0x00000000d1110000, 0x00000000d1110000, 0x00000000d3330000)
 tenured generation   total 699072K, used 215728K [0x00000000d5550000, 0x0000000100000000, 0x0000000100000000)
   the space 699072K,  30% used [0x00000000d5550000, 0x00000000e27fc2c8, 0x00000000e27fc400, 0x0000000100000000)
 Metaspace       used 56649K, capacity 61808K, committed 62040K, reserved 1101824K
  class space    used 7818K, capacity 9237K, committed 9344K, reserved 1048576K
}
Event: 77.863 GC heap before
{Heap before GC invocations=88 (full 3):
 def new generation   total 314560K, used 299870K [0x00000000c0000000, 0x00000000d5550000, 0x00000000d5550000)
  eden space 279616K, 100% used [0x00000000c0000000, 0x00000000d1110000, 0x00000000d1110000)
  from space 34944K,  57% used [0x00000000d3330000, 0x00000000d46f7bf8, 0x00000000d5550000)
  to   space 34944K,   0% used [0x00000000d1110000, 0x00000000d1110000, 0x00000000d3330000)
 tenured generation   total 699072K, used 215728K [0x00000000d5550000, 0x0000000100000000, 0x0000000100000000)
   the space 699072K,  30% used [0x00000000d5550000, 0x00000000e27fc2c8, 0x00000000e27fc400, 0x0000000100000000)
 Metaspace       used 56946K, capacity 62244K, committed 62552K, reserved 1101824K
  class space    used 7842K, capacity 9255K, committed 9344K, reserved 1048576K
Event: 77.887 GC heap after
Heap after GC invocations=89 (full 3):
 def new generation   total 314560K, used 402K [0x00000000c0000000, 0x00000000d5550000, 0x00000000d5550000)
  eden space 279616K,   0% used [0x00000000c0000000, 0x00000000c0000000, 0x00000000d1110000)
  from space 34944K,   1% used [0x00000000d1110000, 0x00000000d11748b8, 0x00000000d3330000)
  to   space 34944K,   0% used [0x00000000d3330000, 0x00000000d3330000, 0x00000000d5550000)
 tenured generation   total 699072K, used 235304K [0x00000000d5550000, 0x0000000100000000, 0x0000000100000000)
   the space 699072K,  33% used [0x00000000d5550000, 0x00000000e3b1a378, 0x00000000e3b1a400, 0x0000000100000000)
 Metaspace       used 56946K, capacity 62244K, committed 62552K, reserved 1101824K
  class space    used 7842K, capacity 9255K, committed 9344K, reserved 1048576K
}
Event: 85.015 GC heap before
{Heap before GC invocations=89 (full 3):
 def new generation   total 314560K, used 280018K [0x00000000c0000000, 0x00000000d5550000, 0x00000000d5550000)
  eden space 279616K, 100% used [0x00000000c0000000, 0x00000000d1110000, 0x00000000d1110000)
  from space 34944K,   1% used [0x00000000d1110000, 0x00000000d11748b8, 0x00000000d3330000)
  to   space 34944K,   0% used [0x00000000d3330000, 0x00000000d3330000, 0x00000000d5550000)
 tenured generation   total 699072K, used 235304K [0x00000000d5550000, 0x0000000100000000, 0x0000000100000000)
   the space 699072K,  33% used [0x00000000d5550000, 0x00000000e3b1a378, 0x00000000e3b1a400, 0x0000000100000000)
 Metaspace       used 57032K, capacity 62308K, committed 62552K, reserved 1101824K
  class space    used 7842K, capacity 9255K, committed 9344K, reserved 1048576K
Event: 85.019 GC heap after
Heap after GC invocations=90 (full 3):
 def new generation   total 314560K, used 370K [0x00000000c0000000, 0x00000000d5550000, 0x00000000d5550000)
  eden space 279616K,   0% used [0x00000000c0000000, 0x00000000c0000000, 0x00000000d1110000)
  from space 34944K,   1% used [0x00000000d3330000, 0x00000000d338c820, 0x00000000d5550000)
  to   space 34944K,   0% used [0x00000000d1110000, 0x00000000d1110000, 0x00000000d3330000)
 tenured generation   total 699072K, used 235304K [0x00000000d5550000, 0x0000000100000000, 0x0000000100000000)
   the space 699072K,  33% used [0x00000000d5550000, 0x00000000e3b1a378, 0x00000000e3b1a400, 0x0000000100000000)
 Metaspace       used 57032K, capacity 62308K, committed 62552K, reserved 1101824K
  class space    used 7842K, capacity 9255K, committed 9344K, reserved 1048576K
}
Event: 92.414 GC heap before
{Heap before GC invocations=90 (full 3):
 def new generation   total 314560K, used 279986K [0x00000000c0000000, 0x00000000d5550000, 0x00000000d5550000)
  eden space 279616K, 100% used [0x00000000c0000000, 0x00000000d1110000, 0x00000000d1110000)
  from space 34944K,   1% used [0x00000000d3330000, 0x00000000d338c820, 0x00000000d5550000)
  to   space 34944K,   0% used [0x00000000d1110000, 0x00000000d1110000, 0x00000000d3330000)
 tenured generation   total 699072K, used 235304K [0x00000000d5550000, 0x0000000100000000, 0x0000000100000000)
   the space 699072K,  33% used [0x00000000d5550000, 0x00000000e3b1a378, 0x00000000e3b1a400, 0x0000000100000000)
 Metaspace       used 57091K, capacity 62392K, committed 62552K, reserved 1101824K
  class space    used 7842K, capacity 9255K, committed 9344K, reserved 1048576K
Event: 92.418 GC heap after
Heap after GC invocations=91 (full 3):
 def new generation   total 314560K, used 396K [0x00000000c0000000, 0x00000000d5550000, 0x00000000d5550000)
  eden space 279616K,   0% used [0x00000000c0000000, 0x00000000c0000000, 0x00000000d1110000)
  from space 34944K,   1% used [0x00000000d1110000, 0x00000000d11732f0, 0x00000000d3330000)
  to   space 34944K,   0% used [0x00000000d3330000, 0x00000000d3330000, 0x00000000d5550000)
 tenured generation   total 699072K, used 235304K [0x00000000d5550000, 0x0000000100000000, 0x0000000100000000)
   the space 699072K,  33% used [0x00000000d5550000, 0x00000000e3b1a378, 0x00000000e3b1a400, 0x0000000100000000)
 Metaspace       used 57091K, capacity 62392K, committed 62552K, reserved 1101824K
  class space    used 7842K, capacity 9255K, committed 9344K, reserved 1048576K
}
Event: 96.338 GC heap before
{Heap before GC invocations=91 (full 3):
 def new generation   total 314560K, used 280012K [0x00000000c0000000, 0x00000000d5550000, 0x00000000d5550000)
  eden space 279616K, 100% used [0x00000000c0000000, 0x00000000d1110000, 0x00000000d1110000)
  from space 34944K,   1% used [0x00000000d1110000, 0x00000000d11732f0, 0x00000000d3330000)
  to   space 34944K,   0% used [0x00000000d3330000, 0x00000000d3330000, 0x00000000d5550000)
 tenured generation   total 699072K, used 235304K [0x00000000d5550000, 0x0000000100000000, 0x0000000100000000)
   the space 699072K,  33% used [0x00000000d5550000, 0x00000000e3b1a378, 0x00000000e3b1a400, 0x0000000100000000)
 Metaspace       used 57201K, capacity 62516K, committed 62808K, reserved 1103872K
  class space    used 7849K, capacity 9261K, committed 9344K, reserved 1048576K
Event: 96.351 GC heap after
Heap after GC invocations=92 (full 3):
 def new generation   total 314560K, used 23127K [0x00000000c0000000, 0x00000000d5550000, 0x00000000d5550000)
  eden space 279616K,   0% used [0x00000000c0000000, 0x00000000c0000000, 0x00000000d1110000)
  from space 34944K,  66% used [0x00000000d3330000, 0x00000000d49c5ff8, 0x00000000d5550000)
  to   space 34944K,   0% used [0x00000000d1110000, 0x00000000d1110000, 0x00000000d3330000)
 tenured generation   total 699072K, used 235304K [0x00000000d5550000, 0x0000000100000000, 0x0000000100000000)
   the space 699072K,  33% used [0x00000000d5550000, 0x00000000e3b1a378, 0x00000000e3b1a400, 0x0000000100000000)
 Metaspace       used 57201K, capacity 62516K, committed 62808K, reserved 1103872K
  class space    used 7849K, capacity 9261K, committed 9344K, reserved 1048576K
}
Event: 100.373 GC heap before
{Heap before GC invocations=92 (full 3):
 def new generation   total 314560K, used 302743K [0x00000000c0000000, 0x00000000d5550000, 0x00000000d5550000)
  eden space 279616K, 100% used [0x00000000c0000000, 0x00000000d1110000, 0x00000000d1110000)
  from space 34944K,  66% used [0x00000000d3330000, 0x00000000d49c5ff8, 0x00000000d5550000)
  to   space 34944K,   0% used [0x00000000d1110000, 0x00000000d1110000, 0x00000000d3330000)
 tenured generation   total 699072K, used 235304K [0x00000000d5550000, 0x0000000100000000, 0x0000000100000000)
   the space 699072K,  33% used [0x00000000d5550000, 0x00000000e3b1a378, 0x00000000e3b1a400, 0x0000000100000000)
 Metaspace       used 57415K, capacity 62816K, committed 63064K, reserved 1103872K
  class space    used 7876K, capacity 9321K, committed 9344K, reserved 1048576K
Event: 100.424 GC heap after
Heap after GC invocations=93 (full 3):
 def new generation   total 314560K, used 4269K [0x00000000c0000000, 0x00000000d5550000, 0x00000000d5550000)
  eden space 279616K,   0% used [0x00000000c0000000, 0x00000000c0000000, 0x00000000d1110000)
  from space 34944K,  12% used [0x00000000d1110000, 0x00000000d153b748, 0x00000000d3330000)
  to   space 34944K,   0% used [0x00000000d3330000, 0x00000000d3330000, 0x00000000d5550000)
 tenured generation   total 699072K, used 257804K [0x00000000d5550000, 0x0000000100000000, 0x0000000100000000)
   the space 699072K,  36% used [0x00000000d5550000, 0x00000000e51131a8, 0x00000000e5113200, 0x0000000100000000)
 Metaspace       used 57415K, capacity 62816K, committed 63064K, reserved 1103872K
  class space    used 7876K, capacity 9321K, committed 9344K, reserved 1048576K
}
Event: 103.626 GC heap before
{Heap before GC invocations=93 (full 3):
 def new generation   total 314560K, used 283885K [0x00000000c0000000, 0x00000000d5550000, 0x00000000d5550000)
  eden space 279616K, 100% used [0x00000000c0000000, 0x00000000d1110000, 0x00000000d1110000)
  from space 34944K,  12% used [0x00000000d1110000, 0x00000000d153b748, 0x00000000d3330000)
  to   space 34944K,   0% used [0x00000000d3330000, 0x00000000d3330000, 0x00000000d5550000)
 tenured generation   total 699072K, used 257804K [0x00000000d5550000, 0x0000000100000000, 0x0000000100000000)
   the space 699072K,  36% used [0x00000000d5550000, 0x00000000e51131a8, 0x00000000e5113200, 0x0000000100000000)
 Metaspace       used 57561K, capacity 63004K, committed 63064K, reserved 1103872K
  class space    used 7885K, capacity 9331K, committed 9344K, reserved 1048576K
Event: 103.638 GC heap after
Heap after GC invocations=94 (full 3):
 def new generation   total 314560K, used 6632K [0x00000000c0000000, 0x00000000d5550000, 0x00000000d5550000)
  eden space 279616K,   0% used [0x00000000c0000000, 0x00000000c0000000, 0x00000000d1110000)
  from space 34944K,  18% used [0x00000000d3330000, 0x00000000d39aa0f8, 0x00000000d5550000)
  to   space 34944K,   0% used [0x00000000d1110000, 0x00000000d1110000, 0x00000000d3330000)
 tenured generation   total 699072K, used 257804K [0x00000000d5550000, 0x0000000100000000, 0x0000000100000000)
   the space 699072K,  36% used [0x00000000d5550000, 0x00000000e51131a8, 0x00000000e5113200, 0x0000000100000000)
 Metaspace       used 57561K, capacity 63004K, committed 63064K, reserved 1103872K
  class space    used 7885K, capacity 9331K, committed 9344K, reserved 1048576K
}
Event: 106.956 GC heap before
{Heap before GC invocations=94 (full 3):
 def new generation   total 314560K, used 286248K [0x00000000c0000000, 0x00000000d5550000, 0x00000000d5550000)
  eden space 279616K, 100% used [0x00000000c0000000, 0x00000000d1110000, 0x00000000d1110000)
  from space 34944K,  18% used [0x00000000d3330000, 0x00000000d39aa0f8, 0x00000000d5550000)
  to   space 34944K,   0% used [0x00000000d1110000, 0x00000000d1110000, 0x00000000d3330000)
 tenured generation   total 699072K, used 257804K [0x00000000d5550000, 0x0000000100000000, 0x0000000100000000)
   the space 699072K,  36% used [0x00000000d5550000, 0x00000000e51131a8, 0x00000000e5113200, 0x0000000100000000)
 Metaspace       used 57680K, capacity 63096K, committed 63320K, reserved 1103872K
  class space    used 7889K, capacity 9335K, committed 9344K, reserved 1048576K
Event: 106.970 GC heap after
Heap after GC invocations=95 (full 3):
 def new generation   total 314560K, used 9351K [0x00000000c0000000, 0x00000000d5550000, 0x00000000d5550000)
  eden space 279616K,   0% used [0x00000000c0000000, 0x00000000c0000000, 0x00000000d1110000)
  from space 34944K,  26% used [0x00000000d1110000, 0x00000000d1a31fb8, 0x00000000d3330000)
  to   space 34944K,   0% used [0x00000000d3330000, 0x00000000d3330000, 0x00000000d5550000)
 tenured generation   total 699072K, used 257804K [0x00000000d5550000, 0x0000000100000000, 0x0000000100000000)
   the space 699072K,  36% used [0x00000000d5550000, 0x00000000e51131a8, 0x00000000e5113200, 0x0000000100000000)
 Metaspace       used 57680K, capacity 63096K, committed 63320K, reserved 1103872K
  class space    used 7889K, capacity 9335K, committed 9344K, reserved 1048576K
}
Event: 111.666 GC heap before
{Heap before GC invocations=95 (full 3):
 def new generation   total 314560K, used 288967K [0x00000000c0000000, 0x00000000d5550000, 0x00000000d5550000)
  eden space 279616K, 100% used [0x00000000c0000000, 0x00000000d1110000, 0x00000000d1110000)
  from space 34944K,  26% used [0x00000000d1110000, 0x00000000d1a31fb8, 0x00000000d3330000)
  to   space 34944K,   0% used [0x00000000d3330000, 0x00000000d3330000, 0x00000000d5550000)
 tenured generation   total 699072K, used 257804K [0x00000000d5550000, 0x0000000100000000, 0x0000000100000000)
   the space 699072K,  36% used [0x00000000d5550000, 0x00000000e51131a8, 0x00000000e5113200, 0x0000000100000000)
 Metaspace       used 57720K, capacity 63180K, committed 63320K, reserved 1103872K
  class space    used 7892K, capacity 9337K, committed 9344K, reserved 1048576K
Event: 111.680 GC heap after
Heap after GC invocations=96 (full 3):
 def new generation   total 314560K, used 9823K [0x00000000c0000000, 0x00000000d5550000, 0x00000000d5550000)
  eden space 279616K,   0% used [0x00000000c0000000, 0x00000000c0000000, 0x00000000d1110000)
  from space 34944K,  28% used [0x00000000d3330000, 0x00000000d3cc7f90, 0x00000000d5550000)
  to   space 34944K,   0% used [0x00000000d1110000, 0x00000000d1110000, 0x00000000d3330000)
 tenured generation   total 699072K, used 257804K [0x00000000d5550000, 0x0000000100000000, 0x0000000100000000)
   the space 699072K,  36% used [0x00000000d5550000, 0x00000000e51131a8, 0x00000000e5113200, 0x0000000100000000)
 Metaspace       used 57720K, capacity 63180K, committed 63320K, reserved 1103872K
  class space    used 7892K, capacity 9337K, committed 9344K, reserved 1048576K
}
Event: 115.722 GC heap before
{Heap before GC invocations=96 (full 3):
 def new generation   total 314560K, used 289439K [0x00000000c0000000, 0x00000000d5550000, 0x00000000d5550000)
  eden space 279616K, 100% used [0x00000000c0000000, 0x00000000d1110000, 0x00000000d1110000)
  from space 34944K,  28% used [0x00000000d3330000, 0x00000000d3cc7f90, 0x00000000d5550000)
  to   space 34944K,   0% used [0x00000000d1110000, 0x00000000d1110000, 0x00000000d3330000)
 tenured generation   total 699072K, used 257804K [0x00000000d5550000, 0x0000000100000000, 0x0000000100000000)
   the space 699072K,  36% used [0x00000000d5550000, 0x00000000e51131a8, 0x00000000e5113200, 0x0000000100000000)
 Metaspace       used 57754K, capacity 63184K, committed 63320K, reserved 1103872K
  class space    used 7892K, capacity 9337K, committed 9344K, reserved 1048576K
Event: 115.743 GC heap after
Heap after GC invocations=97 (full 3):
 def new generation   total 314560K, used 11632K [0x00000000c0000000, 0x00000000d5550000, 0x00000000d5550000)
  eden space 279616K,   0% used [0x00000000c0000000, 0x00000000c0000000, 0x00000000d1110000)
  from space 34944K,  33% used [0x00000000d1110000, 0x00000000d1c6c300, 0x00000000d3330000)
  to   space 34944K,   0% used [0x00000000d3330000, 0x00000000d3330000, 0x00000000d5550000)
 tenured generation   total 699072K, used 257804K [0x00000000d5550000, 0x0000000100000000, 0x0000000100000000)
   the space 699072K,  36% used [0x00000000d5550000, 0x00000000e51131a8, 0x00000000e5113200, 0x0000000100000000)
 Metaspace       used 57754K, capacity 63184K, committed 63320K, reserved 1103872K
  class space    used 7892K, capacity 9337K, committed 9344K, reserved 1048576K
}
Event: 119.776 GC heap before
{Heap before GC invocations=97 (full 3):
 def new generation   total 314560K, used 291248K [0x00000000c0000000, 0x00000000d5550000, 0x00000000d5550000)
  eden space 279616K, 100% used [0x00000000c0000000, 0x00000000d1110000, 0x00000000d1110000)
  from space 34944K,  33% used [0x00000000d1110000, 0x00000000d1c6c300, 0x00000000d3330000)
  to   space 34944K,   0% used [0x00000000d3330000, 0x00000000d3330000, 0x00000000d5550000)
 tenured generation   total 699072K, used 257804K [0x00000000d5550000, 0x0000000100000000, 0x0000000100000000)
   the space 699072K,  36% used [0x00000000d5550000, 0x00000000e51131a8, 0x00000000e5113200, 0x0000000100000000)
 Metaspace       used 57852K, capacity 63344K, committed 63704K, reserved 1103872K
  class space    used 7902K, capacity 9351K, committed 9472K, reserved 1048576K
Event: 119.790 GC heap after
Heap after GC invocations=98 (full 3):
 def new generation   total 314560K, used 13381K [0x00000000c0000000, 0x00000000d5550000, 0x00000000d5550000)
  eden space 279616K,   0% used [0x00000000c0000000, 0x00000000c0000000, 0x00000000d1110000)
  from space 34944K,  38% used [0x00000000d3330000, 0x00000000d4041750, 0x00000000d5550000)
  to   space 34944K,   0% used [0x00000000d1110000, 0x00000000d1110000, 0x00000000d3330000)
 tenured generation   total 699072K, used 257804K [0x00000000d5550000, 0x0000000100000000, 0x0000000100000000)
   the space 699072K,  36% used [0x00000000d5550000, 0x00000000e51131a8, 0x00000000e5113200, 0x0000000100000000)
 Metaspace       used 57852K, capacity 63344K, committed 63704K, reserved 1103872K
  class space    used 7902K, capacity 9351K, committed 9472K, reserved 1048576K
}
Event: 122.736 GC heap before
{Heap before GC invocations=98 (full 3):
 def new generation   total 314560K, used 292997K [0x00000000c0000000, 0x00000000d5550000, 0x00000000d5550000)
  eden space 279616K, 100% used [0x00000000c0000000, 0x00000000d1110000, 0x00000000d1110000)
  from space 34944K,  38% used [0x00000000d3330000, 0x00000000d4041750, 0x00000000d5550000)
  to   space 34944K,   0% used [0x00000000d1110000, 0x00000000d1110000, 0x00000000d3330000)
 tenured generation   total 699072K, used 257804K [0x00000000d5550000, 0x0000000100000000, 0x0000000100000000)
   the space 699072K,  36% used [0x00000000d5550000, 0x00000000e51131a8, 0x00000000e5113200, 0x0000000100000000)
 Metaspace       used 57932K, capacity 63526K, committed 63704K, reserved 1103872K
  class space    used 7910K, capacity 9362K, committed 9472K, reserved 1048576K
Event: 122.763 GC heap after
Heap after GC invocations=99 (full 3):
 def new generation   total 314560K, used 15389K [0x00000000c0000000, 0x00000000d5550000, 0x00000000d5550000)
  eden space 279616K,   0% used [0x00000000c0000000, 0x00000000c0000000, 0x00000000d1110000)
  from space 34944K,  44% used [0x00000000d1110000, 0x00000000d2017610, 0x00000000d3330000)
  to   space 34944K,   0% used [0x00000000d3330000, 0x00000000d3330000, 0x00000000d5550000)
 tenured generation   total 699072K, used 257804K [0x00000000d5550000, 0x0000000100000000, 0x0000000100000000)
   the space 699072K,  36% used [0x00000000d5550000, 0x00000000e51131a8, 0x00000000e5113200, 0x0000000100000000)
 Metaspace       used 57932K, capacity 63526K, committed 63704K, reserved 1103872K
  class space    used 7910K, capacity 9362K, committed 9472K, reserved 1048576K
}
Event: 125.944 GC heap before
{Heap before GC invocations=99 (full 3):
 def new generation   total 314560K, used 295005K [0x00000000c0000000, 0x00000000d5550000, 0x00000000d5550000)
  eden space 279616K, 100% used [0x00000000c0000000, 0x00000000d1110000, 0x00000000d1110000)
  from space 34944K,  44% used [0x00000000d1110000, 0x00000000d2017610, 0x00000000d3330000)
  to   space 34944K,   0% used [0x00000000d3330000, 0x00000000d3330000, 0x00000000d5550000)
 tenured generation   total 699072K, used 257804K [0x00000000d5550000, 0x0000000100000000, 0x0000000100000000)
   the space 699072K,  36% used [0x00000000d5550000, 0x00000000e51131a8, 0x00000000e5113200, 0x0000000100000000)
 Metaspace       used 57951K, capacity 63534K, committed 63704K, reserved 1103872K
  class space    used 7912K, capacity 9364K, committed 9472K, reserved 1048576K
Event: 125.960 GC heap after
Heap after GC invocations=100 (full 3):
 def new generation   total 314560K, used 18249K [0x00000000c0000000, 0x00000000d5550000, 0x00000000d5550000)
  eden space 279616K,   0% used [0x00000000c0000000, 0x00000000c0000000, 0x00000000d1110000)
  from space 34944K,  52% used [0x00000000d3330000, 0x00000000d4502630, 0x00000000d5550000)
  to   space 34944K,   0% used [0x00000000d1110000, 0x00000000d1110000, 0x00000000d3330000)
 tenured generation   total 699072K, used 257804K [0x00000000d5550000, 0x0000000100000000, 0x0000000100000000)
   the space 699072K,  36% used [0x00000000d5550000, 0x00000000e51131a8, 0x00000000e5113200, 0x0000000100000000)
 Metaspace       used 57951K, capacity 63534K, committed 63704K, reserved 1103872K
  class space    used 7912K, capacity 9364K, committed 9472K, reserved 1048576K
}
Event: 129.096 GC heap before
{Heap before GC invocations=100 (full 3):
 def new generation   total 314560K, used 297865K [0x00000000c0000000, 0x00000000d5550000, 0x00000000d5550000)
  eden space 279616K, 100% used [0x00000000c0000000, 0x00000000d1110000, 0x00000000d1110000)
  from space 34944K,  52% used [0x00000000d3330000, 0x00000000d4502630, 0x00000000d5550000)
  to   space 34944K,   0% used [0x00000000d1110000, 0x00000000d1110000, 0x00000000d3330000)
 tenured generation   total 699072K, used 257804K [0x00000000d5550000, 0x0000000100000000, 0x0000000100000000)
   the space 699072K,  36% used [0x00000000d5550000, 0x00000000e51131a8, 0x00000000e5113200, 0x0000000100000000)
 Metaspace       used 58561K, capacity 64268K, committed 64600K, reserved 1103872K
  class space    used 8002K, capacity 9483K, committed 9600K, reserved 1048576K
Event: 129.136 GC heap after
Heap after GC invocations=101 (full 3):
 def new generation   total 314560K, used 17708K [0x00000000c0000000, 0x00000000d5550000, 0x00000000d5550000)
  eden space 279616K,   0% used [0x00000000c0000000, 0x00000000c0000000, 0x00000000d1110000)
  from space 34944K,  50% used [0x00000000d1110000, 0x00000000d225b098, 0x00000000d3330000)
  to   space 34944K,   0% used [0x00000000d3330000, 0x00000000d3330000, 0x00000000d5550000)
 tenured generation   total 699072K, used 261146K [0x00000000d5550000, 0x0000000100000000, 0x0000000100000000)
   the space 699072K,  37% used [0x00000000d5550000, 0x00000000e5456860, 0x00000000e5456a00, 0x0000000100000000)
 Metaspace       used 58561K, capacity 64268K, committed 64600K, reserved 1103872K
  class space    used 8002K, capacity 9483K, committed 9600K, reserved 1048576K
}
Event: 131.691 GC heap before
{Heap before GC invocations=101 (full 3):
 def new generation   total 314560K, used 297324K [0x00000000c0000000, 0x00000000d5550000, 0x00000000d5550000)
  eden space 279616K, 100% used [0x00000000c0000000, 0x00000000d1110000, 0x00000000d1110000)
  from space 34944K,  50% used [0x00000000d1110000, 0x00000000d225b098, 0x00000000d3330000)
  to   space 34944K,   0% used [0x00000000d3330000, 0x00000000d3330000, 0x00000000d5550000)
 tenured generation   total 699072K, used 261146K [0x00000000d5550000, 0x0000000100000000, 0x0000000100000000)
   the space 699072K,  37% used [0x00000000d5550000, 0x00000000e5456860, 0x00000000e5456a00, 0x0000000100000000)
 Metaspace       used 58574K, capacity 64268K, committed 64600K, reserved 1103872K
  class space    used 8003K, capacity 9483K, committed 9600K, reserved 1048576K
Event: 131.716 GC heap after
Heap after GC invocations=102 (full 3):
 def new generation   total 314560K, used 17910K [0x00000000c0000000, 0x00000000d5550000, 0x00000000d5550000)
  eden space 279616K,   0% used [0x00000000c0000000, 0x00000000c0000000, 0x00000000d1110000)
  from space 34944K,  51% used [0x00000000d3330000, 0x00000000d44ad8d8, 0x00000000d5550000)
  to   space 34944K,   0% used [0x00000000d1110000, 0x00000000d1110000, 0x00000000d3330000)
 tenured generation   total 699072K, used 263528K [0x00000000d5550000, 0x0000000100000000, 0x0000000100000000)
   the space 699072K,  37% used [0x00000000d5550000, 0x00000000e56aa3e0, 0x00000000e56aa400, 0x0000000100000000)
 Metaspace       used 58574K, capacity 64268K, committed 64600K, reserved 1103872K
  class space    used 8003K, capacity 9483K, committed 9600K, reserved 1048576K
}
Event: 134.069 GC heap before
{Heap before GC invocations=102 (full 3):
 def new generation   total 314560K, used 297526K [0x00000000c0000000, 0x00000000d5550000, 0x00000000d5550000)
  eden space 279616K, 100% used [0x00000000c0000000, 0x00000000d1110000, 0x00000000d1110000)
  from space 34944K,  51% used [0x00000000d3330000, 0x00000000d44ad8d8, 0x00000000d5550000)
  to   space 34944K,   0% used [0x00000000d1110000, 0x00000000d1110000, 0x00000000d3330000)
 tenured generation   total 699072K, used 263528K [0x00000000d5550000, 0x0000000100000000, 0x0000000100000000)
   the space 699072K,  37% used [0x00000000d5550000, 0x00000000e56aa3e0, 0x00000000e56aa400, 0x0000000100000000)
 Metaspace       used 58599K, capacity 64290K, committed 64600K, reserved 1103872K
  class space    used 8004K, capacity 9484K, committed 9600K, reserved 1048576K
Event: 134.101 GC heap after
Heap after GC invocations=103 (full 3):
 def new generation   total 314560K, used 18921K [0x00000000c0000000, 0x00000000d5550000, 0x00000000d5550000)
  eden space 279616K,   0% used [0x00000000c0000000, 0x00000000c0000000, 0x00000000d1110000)
  from space 34944K,  54% used [0x00000000d1110000, 0x00000000d238a520, 0x00000000d3330000)
  to   space 34944K,   0% used [0x00000000d3330000, 0x00000000d3330000, 0x00000000d5550000)
 tenured generation   total 699072K, used 266028K [0x00000000d5550000, 0x0000000100000000, 0x0000000100000000)
   the space 699072K,  38% used [0x00000000d5550000, 0x00000000e591b3a0, 0x00000000e591b400, 0x0000000100000000)
 Metaspace       used 58599K, capacity 64290K, committed 64600K, reserved 1103872K
  class space    used 8004K, capacity 9484K, committed 9600K, reserved 1048576K
}
Event: 136.280 GC heap before
{Heap before GC invocations=103 (full 3):
 def new generation   total 314560K, used 298537K [0x00000000c0000000, 0x00000000d5550000, 0x00000000d5550000)
  eden space 279616K, 100% used [0x00000000c0000000, 0x00000000d1110000, 0x00000000d1110000)
  from space 34944K,  54% used [0x00000000d1110000, 0x00000000d238a520, 0x00000000d3330000)
  to   space 34944K,   0% used [0x00000000d3330000, 0x00000000d3330000, 0x00000000d5550000)
 tenured generation   total 699072K, used 266028K [0x00000000d5550000, 0x0000000100000000, 0x0000000100000000)
   the space 699072K,  38% used [0x00000000d5550000, 0x00000000e591b3a0, 0x00000000e591b400, 0x0000000100000000)
 Metaspace       used 58612K, capacity 64358K, committed 64600K, reserved 1103872K
  class space    used 8004K, capacity 9484K, committed 9600K, reserved 1048576K
Event: 136.299 GC heap after
Heap after GC invocations=104 (full 3):
 def new generation   total 314560K, used 19396K [0x00000000c0000000, 0x00000000d5550000, 0x00000000d5550000)
  eden space 279616K,   0% used [0x00000000c0000000, 0x00000000c0000000, 0x00000000d1110000)
  from space 34944K,  55% used [0x00000000d3330000, 0x00000000d4621038, 0x00000000d5550000)
  to   space 34944K,   0% used [0x00000000d1110000, 0x00000000d1110000, 0x00000000d3330000)
 tenured generation   total 699072K, used 268121K [0x00000000d5550000, 0x0000000100000000, 0x0000000100000000)
   the space 699072K,  38% used [0x00000000d5550000, 0x00000000e5b26448, 0x00000000e5b26600, 0x0000000100000000)
 Metaspace       used 58612K, capacity 64358K, committed 64600K, reserved 1103872K
  class space    used 8004K, capacity 9484K, committed 9600K, reserved 1048576K
}
Event: 138.614 GC heap before
{Heap before GC invocations=104 (full 3):
 def new generation   total 314560K, used 299012K [0x00000000c0000000, 0x00000000d5550000, 0x00000000d5550000)
  eden space 279616K, 100% used [0x00000000c0000000, 0x00000000d1110000, 0x00000000d1110000)
  from space 34944K,  55% used [0x00000000d3330000, 0x00000000d4621038, 0x00000000d5550000)
  to   space 34944K,   0% used [0x00000000d1110000, 0x00000000d1110000, 0x00000000d3330000)
 tenured generation   total 699072K, used 268121K [0x00000000d5550000, 0x0000000100000000, 0x0000000100000000)
   the space 699072K,  38% used [0x00000000d5550000, 0x00000000e5b26448, 0x00000000e5b26600, 0x0000000100000000)
 Metaspace       used 58628K, capacity 64372K, committed 64600K, reserved 1103872K
  class space    used 8006K, capacity 9487K, committed 9600K, reserved 1048576K
Event: 138.634 GC heap after
Heap after GC invocations=105 (full 3):
 def new generation   total 314560K, used 16563K [0x00000000c0000000, 0x00000000d5550000, 0x00000000d5550000)
  eden space 279616K,   0% used [0x00000000c0000000, 0x00000000c0000000, 0x00000000d1110000)
  from space 34944K,  47% used [0x00000000d1110000, 0x00000000d213ce38, 0x00000000d3330000)
  to   space 34944K,   0% used [0x00000000d3330000, 0x00000000d3330000, 0x00000000d5550000)
 tenured generation   total 699072K, used 272087K [0x00000000d5550000, 0x0000000100000000, 0x0000000100000000)
   the space 699072K,  38% used [0x00000000d5550000, 0x00000000e5f05d98, 0x00000000e5f05e00, 0x0000000100000000)
 Metaspace       used 58628K, capacity 64372K, committed 64600K, reserved 1103872K
  class space    used 8006K, capacity 9487K, committed 9600K, reserved 1048576K
}
Event: 142.513 GC heap before
{Heap before GC invocations=105 (full 3):
 def new generation   total 314560K, used 296179K [0x00000000c0000000, 0x00000000d5550000, 0x00000000d5550000)
  eden space 279616K, 100% used [0x00000000c0000000, 0x00000000d1110000, 0x00000000d1110000)
  from space 34944K,  47% used [0x00000000d1110000, 0x00000000d213ce38, 0x00000000d3330000)
  to   space 34944K,   0% used [0x00000000d3330000, 0x00000000d3330000, 0x00000000d5550000)
 tenured generation   total 699072K, used 272087K [0x00000000d5550000, 0x0000000100000000, 0x0000000100000000)
   the space 699072K,  38% used [0x00000000d5550000, 0x00000000e5f05d98, 0x00000000e5f05e00, 0x0000000100000000)
 Metaspace       used 58638K, capacity 64372K, committed 64600K, reserved 1103872K
  class space    used 8006K, capacity 9487K, committed 9600K, reserved 1048576K
Event: 142.528 GC heap after
Heap after GC invocations=106 (full 3):
 def new generation   total 314560K, used 16627K [0x00000000c0000000, 0x00000000d5550000, 0x00000000d5550000)
  eden space 279616K,   0% used [0x00000000c0000000, 0x00000000c0000000, 0x00000000d1110000)
  from space 34944K,  47% used [0x00000000d3330000, 0x00000000d436cfa0, 0x00000000d5550000)
  to   space 34944K,   0% used [0x00000000d1110000, 0x00000000d1110000, 0x00000000d3330000)
 tenured generation   total 699072K, used 272087K [0x00000000d5550000, 0x0000000100000000, 0x0000000100000000)
   the space 699072K,  38% used [0x00000000d5550000, 0x00000000e5f05d98, 0x00000000e5f05e00, 0x0000000100000000)
 Metaspace       used 58638K, capacity 64372K, committed 64600K, reserved 1103872K
  class space    used 8006K, capacity 9487K, committed 9600K, reserved 1048576K
}
Event: 145.450 GC heap before
{Heap before GC invocations=106 (full 3):
 def new generation   total 314560K, used 296243K [0x00000000c0000000, 0x00000000d5550000, 0x00000000d5550000)
  eden space 279616K, 100% used [0x00000000c0000000, 0x00000000d1110000, 0x00000000d1110000)
  from space 34944K,  47% used [0x00000000d3330000, 0x00000000d436cfa0, 0x00000000d5550000)
  to   space 34944K,   0% used [0x00000000d1110000, 0x00000000d1110000, 0x00000000d3330000)
 tenured generation   total 699072K, used 272087K [0x00000000d5550000, 0x0000000100000000, 0x0000000100000000)
   the space 699072K,  38% used [0x00000000d5550000, 0x00000000e5f05d98, 0x00000000e5f05e00, 0x0000000100000000)
 Metaspace       used 58662K, capacity 64386K, committed 64600K, reserved 1103872K
  class space    used 8009K, capacity 9492K, committed 9600K, reserved 1048576K
Event: 145.479 GC heap after
Heap after GC invocations=107 (full 3):
 def new generation   total 314560K, used 18464K [0x00000000c0000000, 0x00000000d5550000, 0x00000000d5550000)
  eden space 279616K,   0% used [0x00000000c0000000, 0x00000000c0000000, 0x00000000d1110000)
  from space 34944K,  52% used [0x00000000d1110000, 0x00000000d2318268, 0x00000000d3330000)
  to   space 34944K,   0% used [0x00000000d3330000, 0x00000000d3330000, 0x00000000d5550000)
 tenured generation   total 699072K, used 272087K [0x00000000d5550000, 0x0000000100000000, 0x0000000100000000)
   the space 699072K,  38% used [0x00000000d5550000, 0x00000000e5f05d98, 0x00000000e5f05e00, 0x0000000100000000)
 Metaspace       used 58662K, capacity 64386K, committed 64600K, reserved 1103872K
  class space    used 8009K, capacity 9492K, committed 9600K, reserved 1048576K
}
Event: 148.122 GC heap before
{Heap before GC invocations=107 (full 3):
 def new generation   total 314560K, used 298080K [0x00000000c0000000, 0x00000000d5550000, 0x00000000d5550000)
  eden space 279616K, 100% used [0x00000000c0000000, 0x00000000d1110000, 0x00000000d1110000)
  from space 34944K,  52% used [0x00000000d1110000, 0x00000000d2318268, 0x00000000d3330000)
  to   space 34944K,   0% used [0x00000000d3330000, 0x00000000d3330000, 0x00000000d5550000)
 tenured generation   total 699072K, used 272087K [0x00000000d5550000, 0x0000000100000000, 0x0000000100000000)
   the space 699072K,  38% used [0x00000000d5550000, 0x00000000e5f05d98, 0x00000000e5f05e00, 0x0000000100000000)
 Metaspace       used 58706K, capacity 64404K, committed 64600K, reserved 1103872K
  class space    used 8011K, capacity 9495K, committed 9600K, reserved 1048576K
Event: 148.143 GC heap after
Heap after GC invocations=108 (full 3):
 def new generation   total 314560K, used 18460K [0x00000000c0000000, 0x00000000d5550000, 0x00000000d5550000)
  eden space 279616K,   0% used [0x00000000c0000000, 0x00000000c0000000, 0x00000000d1110000)
  from space 34944K,  52% used [0x00000000d3330000, 0x00000000d4537138, 0x00000000d5550000)
  to   space 34944K,   0% used [0x00000000d1110000, 0x00000000d1110000, 0x00000000d3330000)
 tenured generation   total 699072K, used 274913K [0x00000000d5550000, 0x0000000100000000, 0x0000000100000000)
   the space 699072K,  39% used [0x00000000d5550000, 0x00000000e61c8758, 0x00000000e61c8800, 0x0000000100000000)
 Metaspace       used 58706K, capacity 64404K, committed 64600K, reserved 1103872K
  class space    used 8011K, capacity 9495K, committed 9600K, reserved 1048576K
}
Event: 150.395 GC heap before
{Heap before GC invocations=108 (full 3):
 def new generation   total 314560K, used 298076K [0x00000000c0000000, 0x00000000d5550000, 0x00000000d5550000)
  eden space 279616K, 100% used [0x00000000c0000000, 0x00000000d1110000, 0x00000000d1110000)
  from space 34944K,  52% used [0x00000000d3330000, 0x00000000d4537138, 0x00000000d5550000)
  to   space 34944K,   0% used [0x00000000d1110000, 0x00000000d1110000, 0x00000000d3330000)
 tenured generation   total 699072K, used 274913K [0x00000000d5550000, 0x0000000100000000, 0x0000000100000000)
   the space 699072K,  39% used [0x00000000d5550000, 0x00000000e61c8758, 0x00000000e61c8800, 0x0000000100000000)
 Metaspace       used 58728K, capacity 64468K, committed 64600K, reserved 1103872K
  class space    used 8012K, capacity 9495K, committed 9600K, reserved 1048576K
Event: 150.430 GC heap after
Heap after GC invocations=109 (full 3):
 def new generation   total 314560K, used 17179K [0x00000000c0000000, 0x00000000d5550000, 0x00000000d5550000)
  eden space 279616K,   0% used [0x00000000c0000000, 0x00000000c0000000, 0x00000000d1110000)
  from space 34944K,  49% used [0x00000000d1110000, 0x00000000d21d6ca8, 0x00000000d3330000)
  to   space 34944K,   0% used [0x00000000d3330000, 0x00000000d3330000, 0x00000000d5550000)
 tenured generation   total 699072K, used 277404K [0x00000000d5550000, 0x0000000100000000, 0x0000000100000000)
   the space 699072K,  39% used [0x00000000d5550000, 0x00000000e6437398, 0x00000000e6437400, 0x0000000100000000)
 Metaspace       used 58728K, capacity 64468K, committed 64600K, reserved 1103872K
  class space    used 8012K, capacity 9495K, committed 9600K, reserved 1048576K
}
Event: 152.590 GC heap before
{Heap before GC invocations=109 (full 3):
 def new generation   total 314560K, used 296795K [0x00000000c0000000, 0x00000000d5550000, 0x00000000d5550000)
  eden space 279616K, 100% used [0x00000000c0000000, 0x00000000d1110000, 0x00000000d1110000)
  from space 34944K,  49% used [0x00000000d1110000, 0x00000000d21d6ca8, 0x00000000d3330000)
  to   space 34944K,   0% used [0x00000000d3330000, 0x00000000d3330000, 0x00000000d5550000)
 tenured generation   total 699072K, used 277404K [0x00000000d5550000, 0x0000000100000000, 0x0000000100000000)
   the space 699072K,  39% used [0x00000000d5550000, 0x00000000e6437398, 0x00000000e6437400, 0x0000000100000000)
 Metaspace       used 58743K, capacity 64480K, committed 64600K, reserved 1103872K
  class space    used 8012K, capacity 9495K, committed 9600K, reserved 1048576K
Event: 152.608 GC heap after
Heap after GC invocations=110 (full 3):
 def new generation   total 314560K, used 20049K [0x00000000c0000000, 0x00000000d5550000, 0x00000000d5550000)
  eden space 279616K,   0% used [0x00000000c0000000, 0x00000000c0000000, 0x00000000d1110000)
  from space 34944K,  57% used [0x00000000d3330000, 0x00000000d46c46a0, 0x00000000d5550000)
  to   space 34944K,   0% used [0x00000000d1110000, 0x00000000d1110000, 0x00000000d3330000)
 tenured generation   total 699072K, used 277404K [0x00000000d5550000, 0x0000000100000000, 0x0000000100000000)
   the space 699072K,  39% used [0x00000000d5550000, 0x00000000e6437398, 0x00000000e6437400, 0x0000000100000000)
 Metaspace       used 58743K, capacity 64480K, committed 64600K, reserved 1103872K
  class space    used 8012K, capacity 9495K, committed 9600K, reserved 1048576K
}
Event: 155.471 GC heap before
{Heap before GC invocations=110 (full 3):
 def new generation   total 314560K, used 299665K [0x00000000c0000000, 0x00000000d5550000, 0x00000000d5550000)
  eden space 279616K, 100% used [0x00000000c0000000, 0x00000000d1110000, 0x00000000d1110000)
  from space 34944K,  57% used [0x00000000d3330000, 0x00000000d46c46a0, 0x00000000d5550000)
  to   space 34944K,   0% used [0x00000000d1110000, 0x00000000d1110000, 0x00000000d3330000)
 tenured generation   total 699072K, used 277404K [0x00000000d5550000, 0x0000000100000000, 0x0000000100000000)
   the space 699072K,  39% used [0x00000000d5550000, 0x00000000e6437398, 0x00000000e6437400, 0x0000000100000000)
 Metaspace       used 58747K, capacity 64480K, committed 64600K, reserved 1103872K
  class space    used 8012K, capacity 9495K, committed 9600K, reserved 1048576K
Event: 155.489 GC heap after
Heap after GC invocations=111 (full 3):
 def new generation   total 314560K, used 17809K [0x00000000c0000000, 0x00000000d5550000, 0x00000000d5550000)
  eden space 279616K,   0% used [0x00000000c0000000, 0x00000000c0000000, 0x00000000d1110000)
  from space 34944K,  50% used [0x00000000d1110000, 0x00000000d22744d0, 0x00000000d3330000)
  to   space 34944K,   0% used [0x00000000d3330000, 0x00000000d3330000, 0x00000000d5550000)
 tenured generation   total 699072K, used 280094K [0x00000000d5550000, 0x0000000100000000, 0x0000000100000000)
   the space 699072K,  40% used [0x00000000d5550000, 0x00000000e66d7908, 0x00000000e66d7a00, 0x0000000100000000)
 Metaspace       used 58747K, capacity 64480K, committed 64600K, reserved 1103872K
  class space    used 8012K, capacity 9495K, committed 9600K, reserved 1048576K
}
Event: 157.917 GC heap before
{Heap before GC invocations=111 (full 3):
 def new generation   total 314560K, used 297425K [0x00000000c0000000, 0x00000000d5550000, 0x00000000d5550000)
  eden space 279616K, 100% used [0x00000000c0000000, 0x00000000d1110000, 0x00000000d1110000)
  from space 34944K,  50% used [0x00000000d1110000, 0x00000000d22744d0, 0x00000000d3330000)
  to   space 34944K,   0% used [0x00000000d3330000, 0x00000000d3330000, 0x00000000d5550000)
 tenured generation   total 699072K, used 280094K [0x00000000d5550000, 0x0000000100000000, 0x0000000100000000)
   the space 699072K,  40% used [0x00000000d5550000, 0x00000000e66d7908, 0x00000000e66d7a00, 0x0000000100000000)
 Metaspace       used 58796K, capacity 64552K, committed 64856K, reserved 1103872K
  class space    used 8015K, capacity 9497K, committed 9600K, reserved 1048576K
Event: 157.939 GC heap after
Heap after GC invocations=112 (full 3):
 def new generation   total 314560K, used 17544K [0x00000000c0000000, 0x00000000d5550000, 0x00000000d5550000)
  eden space 279616K,   0% used [0x00000000c0000000, 0x00000000c0000000, 0x00000000d1110000)
  from space 34944K,  50% used [0x00000000d3330000, 0x00000000d4452328, 0x00000000d5550000)
  to   space 34944K,   0% used [0x00000000d1110000, 0x00000000d1110000, 0x00000000d3330000)
 tenured generation   total 699072K, used 283172K [0x00000000d5550000, 0x0000000100000000, 0x0000000100000000)
   the space 699072K,  40% used [0x00000000d5550000, 0x00000000e69d9308, 0x00000000e69d9400, 0x0000000100000000)
 Metaspace       used 58796K, capacity 64552K, committed 64856K, reserved 1103872K
  class space    used 8015K, capacity 9497K, committed 9600K, reserved 1048576K
}
Event: 160.238 GC heap before
{Heap before GC invocations=112 (full 3):
 def new generation   total 314560K, used 297160K [0x00000000c0000000, 0x00000000d5550000, 0x00000000d5550000)
  eden space 279616K, 100% used [0x00000000c0000000, 0x00000000d1110000, 0x00000000d1110000)
  from space 34944K,  50% used [0x00000000d3330000, 0x00000000d4452328, 0x00000000d5550000)
  to   space 34944K,   0% used [0x00000000d1110000, 0x00000000d1110000, 0x00000000d3330000)
 tenured generation   total 699072K, used 283172K [0x00000000d5550000, 0x0000000100000000, 0x0000000100000000)
   the space 699072K,  40% used [0x00000000d5550000, 0x00000000e69d9308, 0x00000000e69d9400, 0x0000000100000000)
 Metaspace       used 58805K, capacity 64552K, committed 64856K, reserved 1103872K
  class space    used 8015K, capacity 9497K, committed 9600K, reserved 1048576K
Event: 160.275 GC heap after
Heap after GC invocations=113 (full 3):
 def new generation   total 314560K, used 17180K [0x00000000c0000000, 0x00000000d5550000, 0x00000000d5550000)
  eden space 279616K,   0% used [0x00000000c0000000, 0x00000000c0000000, 0x00000000d1110000)
  from space 34944K,  49% used [0x00000000d1110000, 0x00000000d21d7118, 0x00000000d3330000)
  to   space 34944K,   0% used [0x00000000d3330000, 0x00000000d3330000, 0x00000000d5550000)
 tenured generation   total 699072K, used 285654K [0x00000000d5550000, 0x0000000100000000, 0x0000000100000000)
   the space 699072K,  40% used [0x00000000d5550000, 0x00000000e6c45840, 0x00000000e6c45a00, 0x0000000100000000)
 Metaspace       used 58805K, capacity 64552K, committed 64856K, reserved 1103872K
  class space    used 8015K, capacity 9497K, committed 9600K, reserved 1048576K
}
Event: 162.347 GC heap before
{Heap before GC invocations=113 (full 3):
 def new generation   total 314560K, used 296796K [0x00000000c0000000, 0x00000000d5550000, 0x00000000d5550000)
  eden space 279616K, 100% used [0x00000000c0000000, 0x00000000d1110000, 0x00000000d1110000)
  from space 34944K,  49% used [0x00000000d1110000, 0x00000000d21d7118, 0x00000000d3330000)
  to   space 34944K,   0% used [0x00000000d3330000, 0x00000000d3330000, 0x00000000d5550000)
 tenured generation   total 699072K, used 285654K [0x00000000d5550000, 0x0000000100000000, 0x0000000100000000)
   the space 699072K,  40% used [0x00000000d5550000, 0x00000000e6c45840, 0x00000000e6c45a00, 0x0000000100000000)
 Metaspace       used 58855K, capacity 64588K, committed 64856K, reserved 1103872K
  class space    used 8020K, capacity 9503K, committed 9600K, reserved 1048576K
Event: 162.366 GC heap after
Heap after GC invocations=114 (full 3):
 def new generation   total 314560K, used 19343K [0x00000000c0000000, 0x00000000d5550000, 0x00000000d5550000)
  eden space 279616K,   0% used [0x00000000c0000000, 0x00000000c0000000, 0x00000000d1110000)
  from space 34944K,  55% used [0x00000000d3330000, 0x00000000d4613d00, 0x00000000d5550000)
  to   space 34944K,   0% used [0x00000000d1110000, 0x00000000d1110000, 0x00000000d3330000)
 tenured generation   total 699072K, used 285654K [0x00000000d5550000, 0x0000000100000000, 0x0000000100000000)
   the space 699072K,  40% used [0x00000000d5550000, 0x00000000e6c45840, 0x00000000e6c45a00, 0x0000000100000000)
 Metaspace       used 58855K, capacity 64588K, committed 64856K, reserved 1103872K
  class space    used 8020K, capacity 9503K, committed 9600K, reserved 1048576K
}
Event: 164.306 GC heap before
{Heap before GC invocations=114 (full 3):
 def new generation   total 314560K, used 298959K [0x00000000c0000000, 0x00000000d5550000, 0x00000000d5550000)
  eden space 279616K, 100% used [0x00000000c0000000, 0x00000000d1110000, 0x00000000d1110000)
  from space 34944K,  55% used [0x00000000d3330000, 0x00000000d4613d00, 0x00000000d5550000)
  to   space 34944K,   0% used [0x00000000d1110000, 0x00000000d1110000, 0x00000000d3330000)
 tenured generation   total 699072K, used 285654K [0x00000000d5550000, 0x0000000100000000, 0x0000000100000000)
   the space 699072K,  40% used [0x00000000d5550000, 0x00000000e6c45840, 0x00000000e6c45a00, 0x0000000100000000)
 Metaspace       used 58899K, capacity 64668K, committed 64856K, reserved 1103872K
  class space    used 8022K, capacity 9507K, committed 9600K, reserved 1048576K
Event: 164.330 GC heap after
Heap after GC invocations=115 (full 3):
 def new generation   total 314560K, used 18956K [0x00000000c0000000, 0x00000000d5550000, 0x00000000d5550000)
  eden space 279616K,   0% used [0x00000000c0000000, 0x00000000c0000000, 0x00000000d1110000)
  from space 34944K,  54% used [0x00000000d1110000, 0x00000000d23931a0, 0x00000000d3330000)
  to   space 34944K,   0% used [0x00000000d3330000, 0x00000000d3330000, 0x00000000d5550000)
 tenured generation   total 699072K, used 288727K [0x00000000d5550000, 0x0000000100000000, 0x0000000100000000)
   the space 699072K,  41% used [0x00000000d5550000, 0x00000000e6f45df8, 0x00000000e6f45e00, 0x0000000100000000)
 Metaspace       used 58899K, capacity 64668K, committed 64856K, reserved 1103872K
  class space    used 8022K, capacity 9507K, committed 9600K, reserved 1048576K
}
Event: 166.388 GC heap before
{Heap before GC invocations=115 (full 3):
 def new generation   total 314560K, used 298572K [0x00000000c0000000, 0x00000000d5550000, 0x00000000d5550000)
  eden space 279616K, 100% used [0x00000000c0000000, 0x00000000d1110000, 0x00000000d1110000)
  from space 34944K,  54% used [0x00000000d1110000, 0x00000000d23931a0, 0x00000000d3330000)
  to   space 34944K,   0% used [0x00000000d3330000, 0x00000000d3330000, 0x00000000d5550000)
 tenured generation   total 699072K, used 288727K [0x00000000d5550000, 0x0000000100000000, 0x0000000100000000)
   the space 699072K,  41% used [0x00000000d5550000, 0x00000000e6f45df8, 0x00000000e6f45e00, 0x0000000100000000)
 Metaspace       used 58915K, capacity 64668K, committed 64856K, reserved 1103872K
  class space    used 8022K, capacity 9507K, committed 9600K, reserved 1048576K
Event: 166.410 GC heap after
Heap after GC invocations=116 (full 3):
 def new generation   total 314560K, used 19846K [0x00000000c0000000, 0x00000000d5550000, 0x00000000d5550000)
  eden space 279616K,   0% used [0x00000000c0000000, 0x00000000c0000000, 0x00000000d1110000)
  from space 34944K,  56% used [0x00000000d3330000, 0x00000000d4691830, 0x00000000d5550000)
  to   space 34944K,   0% used [0x00000000d1110000, 0x00000000d1110000, 0x00000000d3330000)
 tenured generation   total 699072K, used 291379K [0x00000000d5550000, 0x0000000100000000, 0x0000000100000000)
   the space 699072K,  41% used [0x00000000d5550000, 0x00000000e71dcea0, 0x00000000e71dd000, 0x0000000100000000)
 Metaspace       used 58915K, capacity 64668K, committed 64856K, reserved 1103872K
  class space    used 8022K, capacity 9507K, committed 9600K, reserved 1048576K
}
Event: 168.099 GC heap before
{Heap before GC invocations=116 (full 3):
 def new generation   total 314560K, used 299462K [0x00000000c0000000, 0x00000000d5550000, 0x00000000d5550000)
  eden space 279616K, 100% used [0x00000000c0000000, 0x00000000d1110000, 0x00000000d1110000)
  from space 34944K,  56% used [0x00000000d3330000, 0x00000000d4691830, 0x00000000d5550000)
  to   space 34944K,   0% used [0x00000000d1110000, 0x00000000d1110000, 0x00000000d3330000)
 tenured generation   total 699072K, used 291379K [0x00000000d5550000, 0x0000000100000000, 0x0000000100000000)
   the space 699072K,  41% used [0x00000000d5550000, 0x00000000e71dcea0, 0x00000000e71dd000, 0x0000000100000000)
 Metaspace       used 58936K, capacity 64668K, committed 64856K, reserved 1103872K
  class space    used 8022K, capacity 9507K, committed 9600K, reserved 1048576K
Event: 168.129 GC heap after
Heap after GC invocations=117 (full 3):
 def new generation   total 314560K, used 18240K [0x00000000c0000000, 0x00000000d5550000, 0x00000000d5550000)
  eden space 279616K,   0% used [0x00000000c0000000, 0x00000000c0000000, 0x00000000d1110000)
  from space 34944K,  52% used [0x00000000d1110000, 0x00000000d22e02e0, 0x00000000d3330000)
  to   space 34944K,   0% used [0x00000000d3330000, 0x00000000d3330000, 0x00000000d5550000)
 tenured generation   total 699072K, used 295848K [0x00000000d5550000, 0x0000000100000000, 0x0000000100000000)
   the space 699072K,  42% used [0x00000000d5550000, 0x00000000e763a028, 0x00000000e763a200, 0x0000000100000000)
 Metaspace       used 58936K, capacity 64668K, committed 64856K, reserved 1103872K
  class space    used 8022K, capacity 9507K, committed 9600K, reserved 1048576K
}
Event: 169.779 GC heap before
{Heap before GC invocations=117 (full 3):
 def new generation   total 314560K, used 297856K [0x00000000c0000000, 0x00000000d5550000, 0x00000000d5550000)
  eden space 279616K, 100% used [0x00000000c0000000, 0x00000000d1110000, 0x00000000d1110000)
  from space 34944K,  52% used [0x00000000d1110000, 0x00000000d22e02e0, 0x00000000d3330000)
  to   space 34944K,   0% used [0x00000000d3330000, 0x00000000d3330000, 0x00000000d5550000)
 tenured generation   total 699072K, used 295848K [0x00000000d5550000, 0x0000000100000000, 0x0000000100000000)
   the space 699072K,  42% used [0x00000000d5550000, 0x00000000e763a028, 0x00000000e763a200, 0x0000000100000000)
 Metaspace       used 58950K, capacity 64732K, committed 64856K, reserved 1103872K
  class space    used 8024K, capacity 9507K, committed 9600K, reserved 1048576K
Event: 169.799 GC heap after
Heap after GC invocations=118 (full 3):
 def new generation   total 314560K, used 17765K [0x00000000c0000000, 0x00000000d5550000, 0x00000000d5550000)
  eden space 279616K,   0% used [0x00000000c0000000, 0x00000000c0000000, 0x00000000d1110000)
  from space 34944K,  50% used [0x00000000d3330000, 0x00000000d4489448, 0x00000000d5550000)
  to   space 34944K,   0% used [0x00000000d1110000, 0x00000000d1110000, 0x00000000d3330000)
 tenured generation   total 699072K, used 298758K [0x00000000d5550000, 0x0000000100000000, 0x0000000100000000)
   the space 699072K,  42% used [0x00000000d5550000, 0x00000000e79118c8, 0x00000000e7911a00, 0x0000000100000000)
 Metaspace       used 58950K, capacity 64732K, committed 64856K, reserved 1103872K
  class space    used 8024K, capacity 9507K, committed 9600K, reserved 1048576K
}
Event: 171.496 GC heap before
{Heap before GC invocations=118 (full 3):
 def new generation   total 314560K, used 297381K [0x00000000c0000000, 0x00000000d5550000, 0x00000000d5550000)
  eden space 279616K, 100% used [0x00000000c0000000, 0x00000000d1110000, 0x00000000d1110000)
  from space 34944K,  50% used [0x00000000d3330000, 0x00000000d4489448, 0x00000000d5550000)
  to   space 34944K,   0% used [0x00000000d1110000, 0x00000000d1110000, 0x00000000d3330000)
 tenured generation   total 699072K, used 298758K [0x00000000d5550000, 0x0000000100000000, 0x0000000100000000)
   the space 699072K,  42% used [0x00000000d5550000, 0x00000000e79118c8, 0x00000000e7911a00, 0x0000000100000000)
 Metaspace       used 58968K, capacity 64738K, committed 64856K, reserved 1103872K
  class space    used 8024K, capacity 9508K, committed 9600K, reserved 1048576K
Event: 171.517 GC heap after
Heap after GC invocations=119 (full 3):
 def new generation   total 314560K, used 17736K [0x00000000c0000000, 0x00000000d5550000, 0x00000000d5550000)
  eden space 279616K,   0% used [0x00000000c0000000, 0x00000000c0000000, 0x00000000d1110000)
  from space 34944K,  50% used [0x00000000d1110000, 0x00000000d22623e8, 0x00000000d3330000)
  to   space 34944K,   0% used [0x00000000d3330000, 0x00000000d3330000, 0x00000000d5550000)
 tenured generation   total 699072K, used 301039K [0x00000000d5550000, 0x0000000100000000, 0x0000000100000000)
   the space 699072K,  43% used [0x00000000d5550000, 0x00000000e7b4bed0, 0x00000000e7b4c000, 0x0000000100000000)
 Metaspace       used 58968K, capacity 64738K, committed 64856K, reserved 1103872K
  class space    used 8024K, capacity 9508K, committed 9600K, reserved 1048576K
}
Event: 173.024 GC heap before
{Heap before GC invocations=119 (full 3):
 def new generation   total 314560K, used 297352K [0x00000000c0000000, 0x00000000d5550000, 0x00000000d5550000)
  eden space 279616K, 100% used [0x00000000c0000000, 0x00000000d1110000, 0x00000000d1110000)
  from space 34944K,  50% used [0x00000000d1110000, 0x00000000d22623e8, 0x00000000d3330000)
  to   space 34944K,   0% used [0x00000000d3330000, 0x00000000d3330000, 0x00000000d5550000)
 tenured generation   total 699072K, used 301039K [0x00000000d5550000, 0x0000000100000000, 0x0000000100000000)
   the space 699072K,  43% used [0x00000000d5550000, 0x00000000e7b4bed0, 0x00000000e7b4c000, 0x0000000100000000)
 Metaspace       used 58998K, capacity 64738K, committed 64856K, reserved 1103872K
  class space    used 8024K, capacity 9508K, committed 9600K, reserved 1048576K
Event: 173.047 GC heap after
Heap after GC invocations=120 (full 3):
 def new generation   total 314560K, used 16948K [0x00000000c0000000, 0x00000000d5550000, 0x00000000d5550000)
  eden space 279616K,   0% used [0x00000000c0000000, 0x00000000c0000000, 0x00000000d1110000)
  from space 34944K,  48% used [0x00000000d3330000, 0x00000000d43bd320, 0x00000000d5550000)
  to   space 34944K,   0% used [0x00000000d1110000, 0x00000000d1110000, 0x00000000d3330000)
 tenured generation   total 699072K, used 303415K [0x00000000d5550000, 0x0000000100000000, 0x0000000100000000)
   the space 699072K,  43% used [0x00000000d5550000, 0x00000000e7d9dc98, 0x00000000e7d9de00, 0x0000000100000000)
 Metaspace       used 58998K, capacity 64738K, committed 64856K, reserved 1103872K
  class space    used 8024K, capacity 9508K, committed 9600K, reserved 1048576K
}
Event: 174.750 GC heap before
{Heap before GC invocations=120 (full 3):
 def new generation   total 314560K, used 296564K [0x00000000c0000000, 0x00000000d5550000, 0x00000000d5550000)
  eden space 279616K, 100% used [0x00000000c0000000, 0x00000000d1110000, 0x00000000d1110000)
  from space 34944K,  48% used [0x00000000d3330000, 0x00000000d43bd320, 0x00000000d5550000)
  to   space 34944K,   0% used [0x00000000d1110000, 0x00000000d1110000, 0x00000000d3330000)
 tenured generation   total 699072K, used 303415K [0x00000000d5550000, 0x0000000100000000, 0x0000000100000000)
   the space 699072K,  43% used [0x00000000d5550000, 0x00000000e7d9dc98, 0x00000000e7d9de00, 0x0000000100000000)
 Metaspace       used 59014K, capacity 64746K, committed 64856K, reserved 1103872K
  class space    used 8025K, capacity 9508K, committed 9600K, reserved 1048576K
Event: 174.769 GC heap after
Heap after GC invocations=121 (full 3):
 def new generation   total 314560K, used 19550K [0x00000000c0000000, 0x00000000d5550000, 0x00000000d5550000)
  eden space 279616K,   0% used [0x00000000c0000000, 0x00000000c0000000, 0x00000000d1110000)
  from space 34944K,  55% used [0x00000000d1110000, 0x00000000d2427af8, 0x00000000d3330000)
  to   space 34944K,   0% used [0x00000000d3330000, 0x00000000d3330000, 0x00000000d5550000)
 tenured generation   total 699072K, used 303415K [0x00000000d5550000, 0x0000000100000000, 0x0000000100000000)
   the space 699072K,  43% used [0x00000000d5550000, 0x00000000e7d9dc98, 0x00000000e7d9de00, 0x0000000100000000)
 Metaspace       used 59014K, capacity 64746K, committed 64856K, reserved 1103872K
  class space    used 8025K, capacity 9508K, committed 9600K, reserved 1048576K
}
Event: 176.863 GC heap before
{Heap before GC invocations=121 (full 3):
 def new generation   total 314560K, used 299166K [0x00000000c0000000, 0x00000000d5550000, 0x00000000d5550000)
  eden space 279616K, 100% used [0x00000000c0000000, 0x00000000d1110000, 0x00000000d1110000)
  from space 34944K,  55% used [0x00000000d1110000, 0x00000000d2427af8, 0x00000000d3330000)
  to   space 34944K,   0% used [0x00000000d3330000, 0x00000000d3330000, 0x00000000d5550000)
 tenured generation   total 699072K, used 303415K [0x00000000d5550000, 0x0000000100000000, 0x0000000100000000)
   the space 699072K,  43% used [0x00000000d5550000, 0x00000000e7d9dc98, 0x00000000e7d9de00, 0x0000000100000000)
 Metaspace       used 59023K, capacity 64746K, committed 64856K, reserved 1103872K
  class space    used 8025K, capacity 9508K, committed 9600K, reserved 1048576K
Event: 176.882 GC heap after
Heap after GC invocations=122 (full 3):
 def new generation   total 314560K, used 17863K [0x00000000c0000000, 0x00000000d5550000, 0x00000000d5550000)
  eden space 279616K,   0% used [0x00000000c0000000, 0x00000000c0000000, 0x00000000d1110000)
  from space 34944K,  51% used [0x00000000d3330000, 0x00000000d44a1d98, 0x00000000d5550000)
  to   space 34944K,   0% used [0x00000000d1110000, 0x00000000d1110000, 0x00000000d3330000)
 tenured generation   total 699072K, used 305624K [0x00000000d5550000, 0x0000000100000000, 0x0000000100000000)
   the space 699072K,  43% used [0x00000000d5550000, 0x00000000e7fc60d0, 0x00000000e7fc6200, 0x0000000100000000)
 Metaspace       used 59023K, capacity 64746K, committed 64856K, reserved 1103872K
  class space    used 8025K, capacity 9508K, committed 9600K, reserved 1048576K
}
Event: 179.558 GC heap before
{Heap before GC invocations=122 (full 3):
 def new generation   total 314560K, used 297479K [0x00000000c0000000, 0x00000000d5550000, 0x00000000d5550000)
  eden space 279616K, 100% used [0x00000000c0000000, 0x00000000d1110000, 0x00000000d1110000)
  from space 34944K,  51% used [0x00000000d3330000, 0x00000000d44a1d98, 0x00000000d5550000)
  to   space 34944K,   0% used [0x00000000d1110000, 0x00000000d1110000, 0x00000000d3330000)
 tenured generation   total 699072K, used 305624K [0x00000000d5550000, 0x0000000100000000, 0x0000000100000000)
   the space 699072K,  43% used [0x00000000d5550000, 0x00000000e7fc60d0, 0x00000000e7fc6200, 0x0000000100000000)
 Metaspace       used 59061K, capacity 64810K, committed 65112K, reserved 1105920K
  class space    used 8026K, capacity 9508K, committed 9600K, reserved 1048576K
Event: 179.577 GC heap after
Heap after GC invocations=123 (full 3):
 def new generation   total 314560K, used 15632K [0x00000000c0000000, 0x00000000d5550000, 0x00000000d5550000)
  eden space 279616K,   0% used [0x00000000c0000000, 0x00000000c0000000, 0x00000000d1110000)
  from space 34944K,  44% used [0x00000000d1110000, 0x00000000d2054278, 0x00000000d3330000)
  to   space 34944K,   0% used [0x00000000d3330000, 0x00000000d3330000, 0x00000000d5550000)
 tenured generation   total 699072K, used 309407K [0x00000000d5550000, 0x0000000100000000, 0x0000000100000000)
   the space 699072K,  44% used [0x00000000d5550000, 0x00000000e8377c88, 0x00000000e8377e00, 0x0000000100000000)
 Metaspace       used 59061K, capacity 64810K, committed 65112K, reserved 1105920K
  class space    used 8026K, capacity 9508K, committed 9600K, reserved 1048576K
}
Event: 181.127 GC heap before
{Heap before GC invocations=123 (full 3):
 def new generation   total 314560K, used 295248K [0x00000000c0000000, 0x00000000d5550000, 0x00000000d5550000)
  eden space 279616K, 100% used [0x00000000c0000000, 0x00000000d1110000, 0x00000000d1110000)
  from space 34944K,  44% used [0x00000000d1110000, 0x00000000d2054278, 0x00000000d3330000)
  to   space 34944K,   0% used [0x00000000d3330000, 0x00000000d3330000, 0x00000000d5550000)
 tenured generation   total 699072K, used 309407K [0x00000000d5550000, 0x0000000100000000, 0x0000000100000000)
   the space 699072K,  44% used [0x00000000d5550000, 0x00000000e8377c88, 0x00000000e8377e00, 0x0000000100000000)
 Metaspace       used 59078K, capacity 64814K, committed 65112K, reserved 1105920K
  class space    used 8026K, capacity 9508K, committed 9600K, reserved 1048576K
Event: 181.143 GC heap after
Heap after GC invocations=124 (full 3):
 def new generation   total 314560K, used 17972K [0x00000000c0000000, 0x00000000d5550000, 0x00000000d5550000)
  eden space 279616K,   0% used [0x00000000c0000000, 0x00000000c0000000, 0x00000000d1110000)
  from space 34944K,  51% used [0x00000000d3330000, 0x00000000d44bd3e8, 0x00000000d5550000)
  to   space 34944K,   0% used [0x00000000d1110000, 0x00000000d1110000, 0x00000000d3330000)
 tenured generation   total 699072K, used 309407K [0x00000000d5550000, 0x0000000100000000, 0x0000000100000000)
   the space 699072K,  44% used [0x00000000d5550000, 0x00000000e8377c88, 0x00000000e8377e00, 0x0000000100000000)
 Metaspace       used 59078K, capacity 64814K, committed 65112K, reserved 1105920K
  class space    used 8026K, capacity 9508K, committed 9600K, reserved 1048576K
}
Event: 183.964 GC heap before
{Heap before GC invocations=124 (full 3):
 def new generation   total 314560K, used 297588K [0x00000000c0000000, 0x00000000d5550000, 0x00000000d5550000)
  eden space 279616K, 100% used [0x00000000c0000000, 0x00000000d1110000, 0x00000000d1110000)
  from space 34944K,  51% used [0x00000000d3330000, 0x00000000d44bd3e8, 0x00000000d5550000)
  to   space 34944K,   0% used [0x00000000d1110000, 0x00000000d1110000, 0x00000000d3330000)
 tenured generation   total 699072K, used 309407K [0x00000000d5550000, 0x0000000100000000, 0x0000000100000000)
   the space 699072K,  44% used [0x00000000d5550000, 0x00000000e8377c88, 0x00000000e8377e00, 0x0000000100000000)
 Metaspace       used 59096K, capacity 64814K, committed 65112K, reserved 1105920K
  class space    used 8026K, capacity 9508K, committed 9600K, reserved 1048576K
Event: 183.982 GC heap after
Heap after GC invocations=125 (full 3):
 def new generation   total 314560K, used 15638K [0x00000000c0000000, 0x00000000d5550000, 0x00000000d5550000)
  eden space 279616K,   0% used [0x00000000c0000000, 0x00000000c0000000, 0x00000000d1110000)
  from space 34944K,  44% used [0x00000000d1110000, 0x00000000d2055b28, 0x00000000d3330000)
  to   space 34944K,   0% used [0x00000000d3330000, 0x00000000d3330000, 0x00000000d5550000)
 tenured generation   total 699072K, used 312135K [0x00000000d5550000, 0x0000000100000000, 0x0000000100000000)
   the space 699072K,  44% used [0x00000000d5550000, 0x00000000e8621e78, 0x00000000e8622000, 0x0000000100000000)
 Metaspace       used 59096K, capacity 64814K, committed 65112K, reserved 1105920K
  class space    used 8026K, capacity 9508K, committed 9600K, reserved 1048576K
}
Event: 185.735 GC heap before
{Heap before GC invocations=125 (full 3):
 def new generation   total 314560K, used 295254K [0x00000000c0000000, 0x00000000d5550000, 0x00000000d5550000)
  eden space 279616K, 100% used [0x00000000c0000000, 0x00000000d1110000, 0x00000000d1110000)
  from space 34944K,  44% used [0x00000000d1110000, 0x00000000d2055b28, 0x00000000d3330000)
  to   space 34944K,   0% used [0x00000000d3330000, 0x00000000d3330000, 0x00000000d5550000)
 tenured generation   total 699072K, used 312135K [0x00000000d5550000, 0x0000000100000000, 0x0000000100000000)
   the space 699072K,  44% used [0x00000000d5550000, 0x00000000e8621e78, 0x00000000e8622000, 0x0000000100000000)
 Metaspace       used 59109K, capacity 64822K, committed 65112K, reserved 1105920K
  class space    used 8026K, capacity 9508K, committed 9600K, reserved 1048576K
Event: 185.750 GC heap after
Heap after GC invocations=126 (full 3):
 def new generation   total 314560K, used 18252K [0x00000000c0000000, 0x00000000d5550000, 0x00000000d5550000)
  eden space 279616K,   0% used [0x00000000c0000000, 0x00000000c0000000, 0x00000000d1110000)
  from space 34944K,  52% used [0x00000000d3330000, 0x00000000d4503220, 0x00000000d5550000)
  to   space 34944K,   0% used [0x00000000d1110000, 0x00000000d1110000, 0x00000000d3330000)
 tenured generation   total 699072K, used 312135K [0x00000000d5550000, 0x0000000100000000, 0x0000000100000000)
   the space 699072K,  44% used [0x00000000d5550000, 0x00000000e8621e78, 0x00000000e8622000, 0x0000000100000000)
 Metaspace       used 59109K, capacity 64822K, committed 65112K, reserved 1105920K
  class space    used 8026K, capacity 9508K, committed 9600K, reserved 1048576K
}
Event: 188.570 GC heap before
{Heap before GC invocations=126 (full 3):
 def new generation   total 314560K, used 297868K [0x00000000c0000000, 0x00000000d5550000, 0x00000000d5550000)
  eden space 279616K, 100% used [0x00000000c0000000, 0x00000000d1110000, 0x00000000d1110000)
  from space 34944K,  52% used [0x00000000d3330000, 0x00000000d4503220, 0x00000000d5550000)
  to   space 34944K,   0% used [0x00000000d1110000, 0x00000000d1110000, 0x00000000d3330000)
 tenured generation   total 699072K, used 312135K [0x00000000d5550000, 0x0000000100000000, 0x0000000100000000)
   the space 699072K,  44% used [0x00000000d5550000, 0x00000000e8621e78, 0x00000000e8622000, 0x0000000100000000)
 Metaspace       used 59116K, capacity 64832K, committed 65112K, reserved 1105920K
  class space    used 8027K, capacity 9509K, committed 9600K, reserved 1048576K
Event: 188.586 GC heap after
Heap after GC invocations=127 (full 3):
 def new generation   total 314560K, used 16359K [0x00000000c0000000, 0x00000000d5550000, 0x00000000d5550000)
  eden space 279616K,   0% used [0x00000000c0000000, 0x00000000c0000000, 0x00000000d1110000)
  from space 34944K,  46% used [0x00000000d1110000, 0x00000000d2109e18, 0x00000000d3330000)
  to   space 34944K,   0% used [0x00000000d3330000, 0x00000000d3330000, 0x00000000d5550000)
 tenured generation   total 699072K, used 314452K [0x00000000d5550000, 0x0000000100000000, 0x0000000100000000)
   the space 699072K,  44% used [0x00000000d5550000, 0x00000000e88652e0, 0x00000000e8865400, 0x0000000100000000)
 Metaspace       used 59116K, capacity 64832K, committed 65112K, reserved 1105920K
  class space    used 8027K, capacity 9509K, committed 9600K, reserved 1048576K
}
Event: 191.866 GC heap before
{Heap before GC invocations=127 (full 3):
 def new generation   total 314560K, used 295975K [0x00000000c0000000, 0x00000000d5550000, 0x00000000d5550000)
  eden space 279616K, 100% used [0x00000000c0000000, 0x00000000d1110000, 0x00000000d1110000)
  from space 34944K,  46% used [0x00000000d1110000, 0x00000000d2109e18, 0x00000000d3330000)
  to   space 34944K,   0% used [0x00000000d3330000, 0x00000000d3330000, 0x00000000d5550000)
 tenured generation   total 699072K, used 314452K [0x00000000d5550000, 0x0000000100000000, 0x0000000100000000)
   the space 699072K,  44% used [0x00000000d5550000, 0x00000000e88652e0, 0x00000000e8865400, 0x0000000100000000)
 Metaspace       used 59137K, capacity 64912K, committed 65112K, reserved 1105920K
  class space    used 8027K, capacity 9509K, committed 9600K, reserved 1048576K
Event: 191.880 GC heap after
Heap after GC invocations=128 (full 3):
 def new generation   total 314560K, used 16488K [0x00000000c0000000, 0x00000000d5550000, 0x00000000d5550000)
  eden space 279616K,   0% used [0x00000000c0000000, 0x00000000c0000000, 0x00000000d1110000)
  from space 34944K,  47% used [0x00000000d3330000, 0x00000000d434a378, 0x00000000d5550000)
  to   space 34944K,   0% used [0x00000000d1110000, 0x00000000d1110000, 0x00000000d3330000)
 tenured generation   total 699072K, used 314452K [0x00000000d5550000, 0x0000000100000000, 0x0000000100000000)
   the space 699072K,  44% used [0x00000000d5550000, 0x00000000e88652e0, 0x00000000e8865400, 0x0000000100000000)
 Metaspace       used 59137K, capacity 64912K, committed 65112K, reserved 1105920K
  class space    used 8027K, capacity 9509K, committed 9600K, reserved 1048576K
}
Event: 195.071 GC heap before
{Heap before GC invocations=128 (full 3):
 def new generation   total 314560K, used 296104K [0x00000000c0000000, 0x00000000d5550000, 0x00000000d5550000)
  eden space 279616K, 100% used [0x00000000c0000000, 0x00000000d1110000, 0x00000000d1110000)
  from space 34944K,  47% used [0x00000000d3330000, 0x00000000d434a378, 0x00000000d5550000)
  to   space 34944K,   0% used [0x00000000d1110000, 0x00000000d1110000, 0x00000000d3330000)
 tenured generation   total 699072K, used 314452K [0x00000000d5550000, 0x0000000100000000, 0x0000000100000000)
   the space 699072K,  44% used [0x00000000d5550000, 0x00000000e88652e0, 0x00000000e8865400, 0x0000000100000000)
 Metaspace       used 59155K, capacity 64922K, committed 65112K, reserved 1105920K
  class space    used 8028K, capacity 9510K, committed 9600K, reserved 1048576K
Event: 195.086 GC heap after
Heap after GC invocations=129 (full 3):
 def new generation   total 314560K, used 17025K [0x00000000c0000000, 0x00000000d5550000, 0x00000000d5550000)
  eden space 279616K,   0% used [0x00000000c0000000, 0x00000000c0000000, 0x00000000d1110000)
  from space 34944K,  48% used [0x00000000d1110000, 0x00000000d21b0648, 0x00000000d3330000)
  to   space 34944K,   0% used [0x00000000d3330000, 0x00000000d3330000, 0x00000000d5550000)
 tenured generation   total 699072K, used 314452K [0x00000000d5550000, 0x0000000100000000, 0x0000000100000000)
   the space 699072K,  44% used [0x00000000d5550000, 0x00000000e88652e0, 0x00000000e8865400, 0x0000000100000000)
 Metaspace       used 59155K, capacity 64922K, committed 65112K, reserved 1105920K
  class space    used 8028K, capacity 9510K, committed 9600K, reserved 1048576K
}
Event: 198.070 GC heap before
{Heap before GC invocations=129 (full 3):
 def new generation   total 314560K, used 296641K [0x00000000c0000000, 0x00000000d5550000, 0x00000000d5550000)
  eden space 279616K, 100% used [0x00000000c0000000, 0x00000000d1110000, 0x00000000d1110000)
  from space 34944K,  48% used [0x00000000d1110000, 0x00000000d21b0648, 0x00000000d3330000)
  to   space 34944K,   0% used [0x00000000d3330000, 0x00000000d3330000, 0x00000000d5550000)
 tenured generation   total 699072K, used 314452K [0x00000000d5550000, 0x0000000100000000, 0x0000000100000000)
   the space 699072K,  44% used [0x00000000d5550000, 0x00000000e88652e0, 0x00000000e8865400, 0x0000000100000000)
 Metaspace       used 59174K, capacity 64990K, committed 65112K, reserved 1105920K
  class space    used 8028K, capacity 9510K, committed 9600K, reserved 1048576K
Event: 198.086 GC heap after
Heap after GC invocations=130 (full 3):
 def new generation   total 314560K, used 17346K [0x00000000c0000000, 0x00000000d5550000, 0x00000000d5550000)
  eden space 279616K,   0% used [0x00000000c0000000, 0x00000000c0000000, 0x00000000d1110000)
  from space 34944K,  49% used [0x00000000d3330000, 0x00000000d4420a08, 0x00000000d5550000)
  to   space 34944K,   0% used [0x00000000d1110000, 0x00000000d1110000, 0x00000000d3330000)
 tenured generation   total 699072K, used 314452K [0x00000000d5550000, 0x0000000100000000, 0x0000000100000000)
   the space 699072K,  44% used [0x00000000d5550000, 0x00000000e88652e0, 0x00000000e8865400, 0x0000000100000000)
 Metaspace       used 59174K, capacity 64990K, committed 65112K, reserved 1105920K
  class space    used 8028K, capacity 9510K, committed 9600K, reserved 1048576K
}
Event: 200.069 GC heap before
{Heap before GC invocations=130 (full 3):
 def new generation   total 314560K, used 296962K [0x00000000c0000000, 0x00000000d5550000, 0x00000000d5550000)
  eden space 279616K, 100% used [0x00000000c0000000, 0x00000000d1110000, 0x00000000d1110000)
  from space 34944K,  49% used [0x00000000d3330000, 0x00000000d4420a08, 0x00000000d5550000)
  to   space 34944K,   0% used [0x00000000d1110000, 0x00000000d1110000, 0x00000000d3330000)
 tenured generation   total 699072K, used 314452K [0x00000000d5550000, 0x0000000100000000, 0x0000000100000000)
   the space 699072K,  44% used [0x00000000d5550000, 0x00000000e88652e0, 0x00000000e8865400, 0x0000000100000000)
 Metaspace       used 59184K, capacity 64996K, committed 65112K, reserved 1105920K
  class space    used 8029K, capacity 9511K, committed 9600K, reserved 1048576K
Event: 200.086 GC heap after
Heap after GC invocations=131 (full 3):
 def new generation   total 314560K, used 19816K [0x00000000c0000000, 0x00000000d5550000, 0x00000000d5550000)
  eden space 279616K,   0% used [0x00000000c0000000, 0x00000000c0000000, 0x00000000d1110000)
  from space 34944K,  56% used [0x00000000d1110000, 0x00000000d246a110, 0x00000000d3330000)
  to   space 34944K,   0% used [0x00000000d3330000, 0x00000000d3330000, 0x00000000d5550000)
 tenured generation   total 699072K, used 314452K [0x00000000d5550000, 0x0000000100000000, 0x0000000100000000)
   the space 699072K,  44% used [0x00000000d5550000, 0x00000000e88652e0, 0x00000000e8865400, 0x0000000100000000)
 Metaspace       used 59184K, capacity 64996K, committed 65112K, reserved 1105920K
  class space    used 8029K, capacity 9511K, committed 9600K, reserved 1048576K
}
Event: 203.111 GC heap before
{Heap before GC invocations=131 (full 3):
 def new generation   total 314560K, used 299432K [0x00000000c0000000, 0x00000000d5550000, 0x00000000d5550000)
  eden space 279616K, 100% used [0x00000000c0000000, 0x00000000d1110000, 0x00000000d1110000)
  from space 34944K,  56% used [0x00000000d1110000, 0x00000000d246a110, 0x00000000d3330000)
  to   space 34944K,   0% used [0x00000000d3330000, 0x00000000d3330000, 0x00000000d5550000)
 tenured generation   total 699072K, used 314452K [0x00000000d5550000, 0x0000000100000000, 0x0000000100000000)
   the space 699072K,  44% used [0x00000000d5550000, 0x00000000e88652e0, 0x00000000e8865400, 0x0000000100000000)
 Metaspace       used 59220K, capacity 65048K, committed 65368K, reserved 1105920K
  class space    used 8036K, capacity 9523K, committed 9600K, reserved 1048576K
Event: 203.137 GC heap after
Heap after GC invocations=132 (full 3):
 def new generation   total 314560K, used 15913K [0x00000000c0000000, 0x00000000d5550000, 0x00000000d5550000)
  eden space 279616K,   0% used [0x00000000c0000000, 0x00000000c0000000, 0x00000000d1110000)
  from space 34944K,  45% used [0x00000000d3330000, 0x00000000d42ba780, 0x00000000d5550000)
  to   space 34944K,   0% used [0x00000000d1110000, 0x00000000d1110000, 0x00000000d3330000)
 tenured generation   total 699072K, used 318494K [0x00000000d5550000, 0x0000000100000000, 0x0000000100000000)
   the space 699072K,  45% used [0x00000000d5550000, 0x00000000e8c579e0, 0x00000000e8c57a00, 0x0000000100000000)
 Metaspace       used 59220K, capacity 65048K, committed 65368K, reserved 1105920K
  class space    used 8036K, capacity 9523K, committed 9600K, reserved 1048576K
}
Event: 206.561 GC heap before
{Heap before GC invocations=132 (full 3):
 def new generation   total 314560K, used 295529K [0x00000000c0000000, 0x00000000d5550000, 0x00000000d5550000)
  eden space 279616K, 100% used [0x00000000c0000000, 0x00000000d1110000, 0x00000000d1110000)
  from space 34944K,  45% used [0x00000000d3330000, 0x00000000d42ba780, 0x00000000d5550000)
  to   space 34944K,   0% used [0x00000000d1110000, 0x00000000d1110000, 0x00000000d3330000)
 tenured generation   total 699072K, used 318494K [0x00000000d5550000, 0x0000000100000000, 0x0000000100000000)
   the space 699072K,  45% used [0x00000000d5550000, 0x00000000e8c579e0, 0x00000000e8c57a00, 0x0000000100000000)
 Metaspace       used 59223K, capacity 65048K, committed 65368K, reserved 1105920K
  class space    used 8036K, capacity 9523K, committed 9600K, reserved 1048576K
Event: 206.576 GC heap after
Heap after GC invocations=133 (full 3):
 def new generation   total 314560K, used 15986K [0x00000000c0000000, 0x00000000d5550000, 0x00000000d5550000)
  eden space 279616K,   0% used [0x00000000c0000000, 0x00000000c0000000, 0x00000000d1110000)
  from space 34944K,  45% used [0x00000000d1110000, 0x00000000d20ac990, 0x00000000d3330000)
  to   space 34944K,   0% used [0x00000000d3330000, 0x00000000d3330000, 0x00000000d5550000)
 tenured generation   total 699072K, used 318494K [0x00000000d5550000, 0x0000000100000000, 0x0000000100000000)
   the space 699072K,  45% used [0x00000000d5550000, 0x00000000e8c579e0, 0x00000000e8c57a00, 0x0000000100000000)
 Metaspace       used 59223K, capacity 65048K, committed 65368K, reserved 1105920K
  class space    used 8036K, capacity 9523K, committed 9600K, reserved 1048576K
}
Event: 209.822 GC heap before
{Heap before GC invocations=133 (full 3):
 def new generation   total 314560K, used 295602K [0x00000000c0000000, 0x00000000d5550000, 0x00000000d5550000)
  eden space 279616K, 100% used [0x00000000c0000000, 0x00000000d1110000, 0x00000000d1110000)
  from space 34944K,  45% used [0x00000000d1110000, 0x00000000d20ac990, 0x00000000d3330000)
  to   space 34944K,   0% used [0x00000000d3330000, 0x00000000d3330000, 0x00000000d5550000)
 tenured generation   total 699072K, used 318494K [0x00000000d5550000, 0x0000000100000000, 0x0000000100000000)
   the space 699072K,  45% used [0x00000000d5550000, 0x00000000e8c579e0, 0x00000000e8c57a00, 0x0000000100000000)
 Metaspace       used 59235K, capacity 65112K, committed 65368K, reserved 1105920K
  class space    used 8036K, capacity 9523K, committed 9600K, reserved 1048576K
Event: 209.836 GC heap after
Heap after GC invocations=134 (full 3):
 def new generation   total 314560K, used 16079K [0x00000000c0000000, 0x00000000d5550000, 0x00000000d5550000)
  eden space 279616K,   0% used [0x00000000c0000000, 0x00000000c0000000, 0x00000000d1110000)
  from space 34944K,  46% used [0x00000000d3330000, 0x00000000d42e3d48, 0x00000000d5550000)
  to   space 34944K,   0% used [0x00000000d1110000, 0x00000000d1110000, 0x00000000d3330000)
 tenured generation   total 699072K, used 318494K [0x00000000d5550000, 0x0000000100000000, 0x0000000100000000)
   the space 699072K,  45% used [0x00000000d5550000, 0x00000000e8c579e0, 0x00000000e8c57a00, 0x0000000100000000)
 Metaspace       used 59235K, capacity 65112K, committed 65368K, reserved 1105920K
  class space    used 8036K, capacity 9523K, committed 9600K, reserved 1048576K
}
Event: 213.217 GC heap before
{Heap before GC invocations=134 (full 3):
 def new generation   total 314560K, used 295695K [0x00000000c0000000, 0x00000000d5550000, 0x00000000d5550000)
  eden space 279616K, 100% used [0x00000000c0000000, 0x00000000d1110000, 0x00000000d1110000)
  from space 34944K,  46% used [0x00000000d3330000, 0x00000000d42e3d48, 0x00000000d5550000)
  to   space 34944K,   0% used [0x00000000d1110000, 0x00000000d1110000, 0x00000000d3330000)
 tenured generation   total 699072K, used 318494K [0x00000000d5550000, 0x0000000100000000, 0x0000000100000000)
   the space 699072K,  45% used [0x00000000d5550000, 0x00000000e8c579e0, 0x00000000e8c57a00, 0x0000000100000000)
 Metaspace       used 59238K, capacity 65120K, committed 65368K, reserved 1105920K
  class space    used 8036K, capacity 9523K, committed 9600K, reserved 1048576K
Event: 213.232 GC heap after
Heap after GC invocations=135 (full 3):
 def new generation   total 314560K, used 16168K [0x00000000c0000000, 0x00000000d5550000, 0x00000000d5550000)
  eden space 279616K,   0% used [0x00000000c0000000, 0x00000000c0000000, 0x00000000d1110000)
  from space 34944K,  46% used [0x00000000d1110000, 0x00000000d20da268, 0x00000000d3330000)
  to   space 34944K,   0% used [0x00000000d3330000, 0x00000000d3330000, 0x00000000d5550000)
 tenured generation   total 699072K, used 318494K [0x00000000d5550000, 0x0000000100000000, 0x0000000100000000)
   the space 699072K,  45% used [0x00000000d5550000, 0x00000000e8c579e0, 0x00000000e8c57a00, 0x0000000100000000)
 Metaspace       used 59238K, capacity 65120K, committed 65368K, reserved 1105920K
  class space    used 8036K, capacity 9523K, committed 9600K, reserved 1048576K
}
Event: 216.559 GC heap before
{Heap before GC invocations=135 (full 3):
 def new generation   total 314560K, used 295784K [0x00000000c0000000, 0x00000000d5550000, 0x00000000d5550000)
  eden space 279616K, 100% used [0x00000000c0000000, 0x00000000d1110000, 0x00000000d1110000)
  from space 34944K,  46% used [0x00000000d1110000, 0x00000000d20da268, 0x00000000d3330000)
  to   space 34944K,   0% used [0x00000000d3330000, 0x00000000d3330000, 0x00000000d5550000)
 tenured generation   total 699072K, used 318494K [0x00000000d5550000, 0x0000000100000000, 0x0000000100000000)
   the space 699072K,  45% used [0x00000000d5550000, 0x00000000e8c579e0, 0x00000000e8c57a00, 0x0000000100000000)
 Metaspace       used 59241K, capacity 65124K, committed 65368K, reserved 1105920K
  class space    used 8036K, capacity 9523K, committed 9600K, reserved 1048576K
Event: 216.575 GC heap after
Heap after GC invocations=136 (full 3):
 def new generation   total 314560K, used 14039K [0x00000000c0000000, 0x00000000d5550000, 0x00000000d5550000)
  eden space 279616K,   0% used [0x00000000c0000000, 0x00000000c0000000, 0x00000000d1110000)
  from space 34944K,  40% used [0x00000000d3330000, 0x00000000d40e5fd0, 0x00000000d5550000)
  to   space 34944K,   0% used [0x00000000d1110000, 0x00000000d1110000, 0x00000000d3330000)
 tenured generation   total 699072K, used 321123K [0x00000000d5550000, 0x0000000100000000, 0x0000000100000000)
   the space 699072K,  45% used [0x00000000d5550000, 0x00000000e8ee8f68, 0x00000000e8ee9000, 0x0000000100000000)
 Metaspace       used 59241K, capacity 65124K, committed 65368K, reserved 1105920K
  class space    used 8036K, capacity 9523K, committed 9600K, reserved 1048576K
}
Event: 219.209 GC heap before
{Heap before GC invocations=136 (full 3):
 def new generation   total 314560K, used 293655K [0x00000000c0000000, 0x00000000d5550000, 0x00000000d5550000)
  eden space 279616K, 100% used [0x00000000c0000000, 0x00000000d1110000, 0x00000000d1110000)
  from space 34944K,  40% used [0x00000000d3330000, 0x00000000d40e5fd0, 0x00000000d5550000)
  to   space 34944K,   0% used [0x00000000d1110000, 0x00000000d1110000, 0x00000000d3330000)
 tenured generation   total 699072K, used 321123K [0x00000000d5550000, 0x0000000100000000, 0x0000000100000000)
   the space 699072K,  45% used [0x00000000d5550000, 0x00000000e8ee8f68, 0x00000000e8ee9000, 0x0000000100000000)
 Metaspace       used 59243K, capacity 65124K, committed 65368K, reserved 1105920K
  class space    used 8036K, capacity 9523K, committed 9600K, reserved 1048576K
Event: 219.240 GC heap after
Heap after GC invocations=137 (full 3):
 def new generation   total 314560K, used 15195K [0x00000000c0000000, 0x00000000d5550000, 0x00000000d5550000)
  eden space 279616K,   0% used [0x00000000c0000000, 0x00000000c0000000, 0x00000000d1110000)
  from space 34944K,  43% used [0x00000000d1110000, 0x00000000d1fe6e68, 0x00000000d3330000)
  to   space 34944K,   0% used [0x00000000d3330000, 0x00000000d3330000, 0x00000000d5550000)
 tenured generation   total 699072K, used 321840K [0x00000000d5550000, 0x0000000100000000, 0x0000000100000000)
   the space 699072K,  46% used [0x00000000d5550000, 0x00000000e8f9c1d0, 0x00000000e8f9c200, 0x0000000100000000)
 Metaspace       used 59243K, capacity 65124K, committed 65368K, reserved 1105920K
  class space    used 8036K, capacity 9523K, committed 9600K, reserved 1048576K
}
Event: 222.147 GC heap before
{Heap before GC invocations=137 (full 3):
 def new generation   total 314560K, used 294811K [0x00000000c0000000, 0x00000000d5550000, 0x00000000d5550000)
  eden space 279616K, 100% used [0x00000000c0000000, 0x00000000d1110000, 0x00000000d1110000)
  from space 34944K,  43% used [0x00000000d1110000, 0x00000000d1fe6e68, 0x00000000d3330000)
  to   space 34944K,   0% used [0x00000000d3330000, 0x00000000d3330000, 0x00000000d5550000)
 tenured generation   total 699072K, used 321840K [0x00000000d5550000, 0x0000000100000000, 0x0000000100000000)
   the space 699072K,  46% used [0x00000000d5550000, 0x00000000e8f9c1d0, 0x00000000e8f9c200, 0x0000000100000000)
 Metaspace       used 59255K, capacity 65136K, committed 65368K, reserved 1105920K
  class space    used 8037K, capacity 9525K, committed 9600K, reserved 1048576K
Event: 222.163 GC heap after
Heap after GC invocations=138 (full 3):
 def new generation   total 314560K, used 15340K [0x00000000c0000000, 0x00000000d5550000, 0x00000000d5550000)
  eden space 279616K,   0% used [0x00000000c0000000, 0x00000000c0000000, 0x00000000d1110000)
  from space 34944K,  43% used [0x00000000d3330000, 0x00000000d422b210, 0x00000000d5550000)
  to   space 34944K,   0% used [0x00000000d1110000, 0x00000000d1110000, 0x00000000d3330000)
 tenured generation   total 699072K, used 323152K [0x00000000d5550000, 0x0000000100000000, 0x0000000100000000)
   the space 699072K,  46% used [0x00000000d5550000, 0x00000000e90e4080, 0x00000000e90e4200, 0x0000000100000000)
 Metaspace       used 59255K, capacity 65136K, committed 65368K, reserved 1105920K
  class space    used 8037K, capacity 9525K, committed 9600K, reserved 1048576K
}
Event: 224.268 GC heap before
{Heap before GC invocations=138 (full 3):
 def new generation   total 314560K, used 294956K [0x00000000c0000000, 0x00000000d5550000, 0x00000000d5550000)
  eden space 279616K, 100% used [0x00000000c0000000, 0x00000000d1110000, 0x00000000d1110000)
  from space 34944K,  43% used [0x00000000d3330000, 0x00000000d422b210, 0x00000000d5550000)
  to   space 34944K,   0% used [0x00000000d1110000, 0x00000000d1110000, 0x00000000d3330000)
 tenured generation   total 699072K, used 323152K [0x00000000d5550000, 0x0000000100000000, 0x0000000100000000)
   the space 699072K,  46% used [0x00000000d5550000, 0x00000000e90e4080, 0x00000000e90e4200, 0x0000000100000000)
 Metaspace       used 59261K, capacity 65136K, committed 65368K, reserved 1105920K
  class space    used 8037K, capacity 9525K, committed 9600K, reserved 1048576K
Event: 224.285 GC heap after
Heap after GC invocations=139 (full 3):
 def new generation   total 314560K, used 14512K [0x00000000c0000000, 0x00000000d5550000, 0x00000000d5550000)
  eden space 279616K,   0% used [0x00000000c0000000, 0x00000000c0000000, 0x00000000d1110000)
  from space 34944K,  41% used [0x00000000d1110000, 0x00000000d1f3c0d8, 0x00000000d3330000)
  to   space 34944K,   0% used [0x00000000d3330000, 0x00000000d3330000, 0x00000000d5550000)
 tenured generation   total 699072K, used 325340K [0x00000000d5550000, 0x0000000100000000, 0x0000000100000000)
   the space 699072K,  46% used [0x00000000d5550000, 0x00000000e9307248, 0x00000000e9307400, 0x0000000100000000)
 Metaspace       used 59261K, capacity 65136K, committed 65368K, reserved 1105920K
  class space    used 8037K, capacity 9525K, committed 9600K, reserved 1048576K
}
Event: 227.860 GC heap before
{Heap before GC invocations=139 (full 3):
 def new generation   total 314560K, used 294128K [0x00000000c0000000, 0x00000000d5550000, 0x00000000d5550000)
  eden space 279616K, 100% used [0x00000000c0000000, 0x00000000d1110000, 0x00000000d1110000)
  from space 34944K,  41% used [0x00000000d1110000, 0x00000000d1f3c0d8, 0x00000000d3330000)
  to   space 34944K,   0% used [0x00000000d3330000, 0x00000000d3330000, 0x00000000d5550000)
 tenured generation   total 699072K, used 325340K [0x00000000d5550000, 0x0000000100000000, 0x0000000100000000)
   the space 699072K,  46% used [0x00000000d5550000, 0x00000000e9307248, 0x00000000e9307400, 0x0000000100000000)
 Metaspace       used 59265K, capacity 65136K, committed 65368K, reserved 1105920K
  class space    used 8037K, capacity 9525K, committed 9600K, reserved 1048576K
Event: 227.874 GC heap after
Heap after GC invocations=140 (full 3):
 def new generation   total 314560K, used 13940K [0x00000000c0000000, 0x00000000d5550000, 0x00000000d5550000)
  eden space 279616K,   0% used [0x00000000c0000000, 0x00000000c0000000, 0x00000000d1110000)
  from space 34944K,  39% used [0x00000000d3330000, 0x00000000d40cd3a0, 0x00000000d5550000)
  to   space 34944K,   0% used [0x00000000d1110000, 0x00000000d1110000, 0x00000000d3330000)
 tenured generation   total 699072K, used 325968K [0x00000000d5550000, 0x0000000100000000, 0x0000000100000000)
   the space 699072K,  46% used [0x00000000d5550000, 0x00000000e93a41a8, 0x00000000e93a4200, 0x0000000100000000)
 Metaspace       used 59265K, capacity 65136K, committed 65368K, reserved 1105920K
  class space    used 8037K, capacity 9525K, committed 9600K, reserved 1048576K
}
Event: 231.270 GC heap before
{Heap before GC invocations=140 (full 3):
 def new generation   total 314560K, used 293556K [0x00000000c0000000, 0x00000000d5550000, 0x00000000d5550000)
  eden space 279616K, 100% used [0x00000000c0000000, 0x00000000d1110000, 0x00000000d1110000)
  from space 34944K,  39% used [0x00000000d3330000, 0x00000000d40cd3a0, 0x00000000d5550000)
  to   space 34944K,   0% used [0x00000000d1110000, 0x00000000d1110000, 0x00000000d3330000)
 tenured generation   total 699072K, used 325968K [0x00000000d5550000, 0x0000000100000000, 0x0000000100000000)
   the space 699072K,  46% used [0x00000000d5550000, 0x00000000e93a41a8, 0x00000000e93a4200, 0x0000000100000000)
 Metaspace       used 59267K, capacity 65136K, committed 65368K, reserved 1105920K
  class space    used 8037K, capacity 9525K, committed 9600K, reserved 1048576K
Event: 231.342 GC heap after
Heap after GC invocations=141 (full 3):
 def new generation   total 314560K, used 12039K [0x00000000c0000000, 0x00000000d5550000, 0x00000000d5550000)
  eden space 279616K,   0% used [0x00000000c0000000, 0x00000000c0000000, 0x00000000d1110000)
  from space 34944K,  34% used [0x00000000d1110000, 0x00000000d1cd1df8, 0x00000000d3330000)
  to   space 34944K,   0% used [0x00000000d3330000, 0x00000000d3330000, 0x00000000d5550000)
 tenured generation   total 699072K, used 328358K [0x00000000d5550000, 0x0000000100000000, 0x0000000100000000)
   the space 699072K,  46% used [0x00000000d5550000, 0x00000000e95f9918, 0x00000000e95f9a00, 0x0000000100000000)
 Metaspace       used 59267K, capacity 65136K, committed 65368K, reserved 1105920K
  class space    used 8037K, capacity 9525K, committed 9600K, reserved 1048576K
}
Event: 234.715 GC heap before
{Heap before GC invocations=141 (full 3):
 def new generation   total 314560K, used 291655K [0x00000000c0000000, 0x00000000d5550000, 0x00000000d5550000)
  eden space 279616K, 100% used [0x00000000c0000000, 0x00000000d1110000, 0x00000000d1110000)
  from space 34944K,  34% used [0x00000000d1110000, 0x00000000d1cd1df8, 0x00000000d3330000)
  to   space 34944K,   0% used [0x00000000d3330000, 0x00000000d3330000, 0x00000000d5550000)
 tenured generation   total 699072K, used 328358K [0x00000000d5550000, 0x0000000100000000, 0x0000000100000000)
   the space 699072K,  46% used [0x00000000d5550000, 0x00000000e95f9918, 0x00000000e95f9a00, 0x0000000100000000)
 Metaspace       used 59267K, capacity 65136K, committed 65368K, reserved 1105920K
  class space    used 8037K, capacity 9525K, committed 9600K, reserved 1048576K
Event: 234.731 GC heap after
Heap after GC invocations=142 (full 3):
 def new generation   total 314560K, used 11633K [0x00000000c0000000, 0x00000000d5550000, 0x00000000d5550000)
  eden space 279616K,   0% used [0x00000000c0000000, 0x00000000c0000000, 0x00000000d1110000)
  from space 34944K,  33% used [0x00000000d3330000, 0x00000000d3e8c7a8, 0x00000000d5550000)
  to   space 34944K,   0% used [0x00000000d1110000, 0x00000000d1110000, 0x00000000d3330000)
 tenured generation   total 699072K, used 328868K [0x00000000d5550000, 0x0000000100000000, 0x0000000100000000)
   the space 699072K,  47% used [0x00000000d5550000, 0x00000000e96790d8, 0x00000000e9679200, 0x0000000100000000)
 Metaspace       used 59267K, capacity 65136K, committed 65368K, reserved 1105920K
  class space    used 8037K, capacity 9525K, committed 9600K, reserved 1048576K
}
Event: 237.970 GC heap before
{Heap before GC invocations=142 (full 3):
 def new generation   total 314560K, used 291249K [0x00000000c0000000, 0x00000000d5550000, 0x00000000d5550000)
  eden space 279616K, 100% used [0x00000000c0000000, 0x00000000d1110000, 0x00000000d1110000)
  from space 34944K,  33% used [0x00000000d3330000, 0x00000000d3e8c7a8, 0x00000000d5550000)
  to   space 34944K,   0% used [0x00000000d1110000, 0x00000000d1110000, 0x00000000d3330000)
 tenured generation   total 699072K, used 328868K [0x00000000d5550000, 0x0000000100000000, 0x0000000100000000)
   the space 699072K,  47% used [0x00000000d5550000, 0x00000000e96790d8, 0x00000000e9679200, 0x0000000100000000)
 Metaspace       used 59272K, capacity 65142K, committed 65368K, reserved 1105920K
  class space    used 8038K, capacity 9526K, committed 9600K, reserved 1048576K
Event: 237.984 GC heap after
Heap after GC invocations=143 (full 3):
 def new generation   total 314560K, used 12015K [0x00000000c0000000, 0x00000000d5550000, 0x00000000d5550000)
  eden space 279616K,   0% used [0x00000000c0000000, 0x00000000c0000000, 0x00000000d1110000)
  from space 34944K,  34% used [0x00000000d1110000, 0x00000000d1ccbc80, 0x00000000d3330000)
  to   space 34944K,   0% used [0x00000000d3330000, 0x00000000d3330000, 0x00000000d5550000)
 tenured generation   total 699072K, used 329009K [0x00000000d5550000, 0x0000000100000000, 0x0000000100000000)
   the space 699072K,  47% used [0x00000000d5550000, 0x00000000e969c428, 0x00000000e969c600, 0x0000000100000000)
 Metaspace       used 59272K, capacity 65142K, committed 65368K, reserved 1105920K
  class space    used 8038K, capacity 9526K, committed 9600K, reserved 1048576K
}
Event: 241.511 GC heap before
{Heap before GC invocations=143 (full 3):
 def new generation   total 314560K, used 291631K [0x00000000c0000000, 0x00000000d5550000, 0x00000000d5550000)
  eden space 279616K, 100% used [0x00000000c0000000, 0x00000000d1110000, 0x00000000d1110000)
  from space 34944K,  34% used [0x00000000d1110000, 0x00000000d1ccbc80, 0x00000000d3330000)
  to   space 34944K,   0% used [0x00000000d3330000, 0x00000000d3330000, 0x00000000d5550000)
 tenured generation   total 699072K, used 329009K [0x00000000d5550000, 0x0000000100000000, 0x0000000100000000)
   the space 699072K,  47% used [0x00000000d5550000, 0x00000000e969c428, 0x00000000e969c600, 0x0000000100000000)
 Metaspace       used 59274K, capacity 65144K, committed 65368K, reserved 1105920K
  class space    used 8039K, capacity 9527K, committed 9600K, reserved 1048576K
Event: 241.523 GC heap after
Heap after GC invocations=144 (full 3):
 def new generation   total 314560K, used 11805K [0x00000000c0000000, 0x00000000d5550000, 0x00000000d5550000)
  eden space 279616K,   0% used [0x00000000c0000000, 0x00000000c0000000, 0x00000000d1110000)
  from space 34944K,  33% used [0x00000000d3330000, 0x00000000d3eb74a8, 0x00000000d5550000)
  to   space 34944K,   0% used [0x00000000d1110000, 0x00000000d1110000, 0x00000000d3330000)
 tenured generation   total 699072K, used 329183K [0x00000000d5550000, 0x0000000100000000, 0x0000000100000000)
   the space 699072K,  47% used [0x00000000d5550000, 0x00000000e96c7c48, 0x00000000e96c7e00, 0x0000000100000000)
 Metaspace       used 59274K, capacity 65144K, committed 65368K, reserved 1105920K
  class space    used 8039K, capacity 9527K, committed 9600K, reserved 1048576K
}
Event: 245.561 GC heap before
{Heap before GC invocations=144 (full 3):
 def new generation   total 314560K, used 291421K [0x00000000c0000000, 0x00000000d5550000, 0x00000000d5550000)
  eden space 279616K, 100% used [0x00000000c0000000, 0x00000000d1110000, 0x00000000d1110000)
  from space 34944K,  33% used [0x00000000d3330000, 0x00000000d3eb74a8, 0x00000000d5550000)
  to   space 34944K,   0% used [0x00000000d1110000, 0x00000000d1110000, 0x00000000d3330000)
 tenured generation   total 699072K, used 329183K [0x00000000d5550000, 0x0000000100000000, 0x0000000100000000)
   the space 699072K,  47% used [0x00000000d5550000, 0x00000000e96c7c48, 0x00000000e96c7e00, 0x0000000100000000)
 Metaspace       used 59291K, capacity 65152K, committed 65368K, reserved 1105920K
  class space    used 8040K, capacity 9529K, committed 9600K, reserved 1048576K
Event: 245.575 GC heap after
Heap after GC invocations=145 (full 3):
 def new generation   total 314560K, used 11079K [0x00000000c0000000, 0x00000000d5550000, 0x00000000d5550000)
  eden space 279616K,   0% used [0x00000000c0000000, 0x00000000c0000000, 0x00000000d1110000)
  from space 34944K,  31% used [0x00000000d1110000, 0x00000000d1be1ca8, 0x00000000d3330000)
  to   space 34944K,   0% used [0x00000000d3330000, 0x00000000d3330000, 0x00000000d5550000)
 tenured generation   total 699072K, used 329395K [0x00000000d5550000, 0x0000000100000000, 0x0000000100000000)
   the space 699072K,  47% used [0x00000000d5550000, 0x00000000e96fce90, 0x00000000e96fd000, 0x0000000100000000)
 Metaspace       used 59291K, capacity 65152K, committed 65368K, reserved 1105920K
  class space    used 8040K, capacity 9529K, committed 9600K, reserved 1048576K
}
Event: 250.163 GC heap before
{Heap before GC invocations=145 (full 3):
 def new generation   total 314560K, used 290695K [0x00000000c0000000, 0x00000000d5550000, 0x00000000d5550000)
  eden space 279616K, 100% used [0x00000000c0000000, 0x00000000d1110000, 0x00000000d1110000)
  from space 34944K,  31% used [0x00000000d1110000, 0x00000000d1be1ca8, 0x00000000d3330000)
  to   space 34944K,   0% used [0x00000000d3330000, 0x00000000d3330000, 0x00000000d5550000)
 tenured generation   total 699072K, used 329395K [0x00000000d5550000, 0x0000000100000000, 0x0000000100000000)
   the space 699072K,  47% used [0x00000000d5550000, 0x00000000e96fce90, 0x00000000e96fd000, 0x0000000100000000)
 Metaspace       used 59296K, capacity 65156K, committed 65368K, reserved 1105920K
  class space    used 8040K, capacity 9529K, committed 9600K, reserved 1048576K
Event: 250.176 GC heap after
Heap after GC invocations=146 (full 3):
 def new generation   total 314560K, used 8954K [0x00000000c0000000, 0x00000000d5550000, 0x00000000d5550000)
  eden space 279616K,   0% used [0x00000000c0000000, 0x00000000c0000000, 0x00000000d1110000)
  from space 34944K,  25% used [0x00000000d3330000, 0x00000000d3beeae8, 0x00000000d5550000)
  to   space 34944K,   0% used [0x00000000d1110000, 0x00000000d1110000, 0x00000000d3330000)
 tenured generation   total 699072K, used 331732K [0x00000000d5550000, 0x0000000100000000, 0x0000000100000000)
   the space 699072K,  47% used [0x00000000d5550000, 0x00000000e9945180, 0x00000000e9945200, 0x0000000100000000)
 Metaspace       used 59296K, capacity 65156K, committed 65368K, reserved 1105920K
  class space    used 8040K, capacity 9529K, committed 9600K, reserved 1048576K
}
Event: 254.973 GC heap before
{Heap before GC invocations=146 (full 3):
 def new generation   total 314560K, used 288570K [0x00000000c0000000, 0x00000000d5550000, 0x00000000d5550000)
  eden space 279616K, 100% used [0x00000000c0000000, 0x00000000d1110000, 0x00000000d1110000)
  from space 34944K,  25% used [0x00000000d3330000, 0x00000000d3beeae8, 0x00000000d5550000)
  to   space 34944K,   0% used [0x00000000d1110000, 0x00000000d1110000, 0x00000000d3330000)
 tenured generation   total 699072K, used 331732K [0x00000000d5550000, 0x0000000100000000, 0x0000000100000000)
   the space 699072K,  47% used [0x00000000d5550000, 0x00000000e9945180, 0x00000000e9945200, 0x0000000100000000)
 Metaspace       used 59299K, capacity 65160K, committed 65368K, reserved 1105920K
  class space    used 8040K, capacity 9529K, committed 9600K, reserved 1048576K
Event: 254.984 GC heap after
Heap after GC invocations=147 (full 3):
 def new generation   total 314560K, used 8833K [0x00000000c0000000, 0x00000000d5550000, 0x00000000d5550000)
  eden space 279616K,   0% used [0x00000000c0000000, 0x00000000c0000000, 0x00000000d1110000)
  from space 34944K,  25% used [0x00000000d1110000, 0x00000000d19b06a8, 0x00000000d3330000)
  to   space 34944K,   0% used [0x00000000d3330000, 0x00000000d3330000, 0x00000000d5550000)
 tenured generation   total 699072K, used 331875K [0x00000000d5550000, 0x0000000100000000, 0x0000000100000000)
   the space 699072K,  47% used [0x00000000d5550000, 0x00000000e9968fd0, 0x00000000e9969000, 0x0000000100000000)
 Metaspace       used 59299K, capacity 65160K, committed 65368K, reserved 1105920K
  class space    used 8040K, capacity 9529K, committed 9600K, reserved 1048576K
}
Event: 259.913 GC heap before
{Heap before GC invocations=147 (full 3):
 def new generation   total 314560K, used 288449K [0x00000000c0000000, 0x00000000d5550000, 0x00000000d5550000)
  eden space 279616K, 100% used [0x00000000c0000000, 0x00000000d1110000, 0x00000000d1110000)
  from space 34944K,  25% used [0x00000000d1110000, 0x00000000d19b06a8, 0x00000000d3330000)
  to   space 34944K,   0% used [0x00000000d3330000, 0x00000000d3330000, 0x00000000d5550000)
 tenured generation   total 699072K, used 331875K [0x00000000d5550000, 0x0000000100000000, 0x0000000100000000)
   the space 699072K,  47% used [0x00000000d5550000, 0x00000000e9968fd0, 0x00000000e9969000, 0x0000000100000000)
 Metaspace       used 59323K, capacity 65224K, committed 65368K, reserved 1105920K
  class space    used 8040K, capacity 9529K, committed 9600K, reserved 1048576K
Event: 259.924 GC heap after
Heap after GC invocations=148 (full 3):
 def new generation   total 314560K, used 8839K [0x00000000c0000000, 0x00000000d5550000, 0x00000000d5550000)
  eden space 279616K,   0% used [0x00000000c0000000, 0x00000000c0000000, 0x00000000d1110000)
  from space 34944K,  25% used [0x00000000d3330000, 0x00000000d3bd1e38, 0x00000000d5550000)
  to   space 34944K,   0% used [0x00000000d1110000, 0x00000000d1110000, 0x00000000d3330000)
 tenured generation   total 699072K, used 331913K [0x00000000d5550000, 0x0000000100000000, 0x0000000100000000)
   the space 699072K,  47% used [0x00000000d5550000, 0x00000000e9972488, 0x00000000e9972600, 0x0000000100000000)
 Metaspace       used 59323K, capacity 65224K, committed 65368K, reserved 1105920K
  class space    used 8040K, capacity 9529K, committed 9600K, reserved 1048576K
}
Event: 264.964 GC heap before
{Heap before GC invocations=148 (full 3):
 def new generation   total 314560K, used 288455K [0x00000000c0000000, 0x00000000d5550000, 0x00000000d5550000)
  eden space 279616K, 100% used [0x00000000c0000000, 0x00000000d1110000, 0x00000000d1110000)
  from space 34944K,  25% used [0x00000000d3330000, 0x00000000d3bd1e38, 0x00000000d5550000)
  to   space 34944K,   0% used [0x00000000d1110000, 0x00000000d1110000, 0x00000000d3330000)
 tenured generation   total 699072K, used 331913K [0x00000000d5550000, 0x0000000100000000, 0x0000000100000000)
   the space 699072K,  47% used [0x00000000d5550000, 0x00000000e9972488, 0x00000000e9972600, 0x0000000100000000)
 Metaspace       used 59333K, capacity 65224K, committed 65368K, reserved 1105920K
  class space    used 8040K, capacity 9529K, committed 9600K, reserved 1048576K
Event: 264.974 GC heap after
Heap after GC invocations=149 (full 3):
 def new generation   total 314560K, used 8610K [0x00000000c0000000, 0x00000000d5550000, 0x00000000d5550000)
  eden space 279616K,   0% used [0x00000000c0000000, 0x00000000c0000000, 0x00000000d1110000)
  from space 34944K,  24% used [0x00000000d1110000, 0x00000000d1978b20, 0x00000000d3330000)
  to   space 34944K,   0% used [0x00000000d3330000, 0x00000000d3330000, 0x00000000d5550000)
 tenured generation   total 699072K, used 332048K [0x00000000d5550000, 0x0000000100000000, 0x0000000100000000)
   the space 699072K,  47% used [0x00000000d5550000, 0x00000000e99941a0, 0x00000000e9994200, 0x0000000100000000)
 Metaspace       used 59333K, capacity 65224K, committed 65368K, reserved 1105920K
  class space    used 8040K, capacity 9529K, committed 9600K, reserved 1048576K
}
Event: 270.063 GC heap before
{Heap before GC invocations=149 (full 3):
 def new generation   total 314560K, used 288226K [0x00000000c0000000, 0x00000000d5550000, 0x00000000d5550000)
  eden space 279616K, 100% used [0x00000000c0000000, 0x00000000d1110000, 0x00000000d1110000)
  from space 34944K,  24% used [0x00000000d1110000, 0x00000000d1978b20, 0x00000000d3330000)
  to   space 34944K,   0% used [0x00000000d3330000, 0x00000000d3330000, 0x00000000d5550000)
 tenured generation   total 699072K, used 332048K [0x00000000d5550000, 0x0000000100000000, 0x0000000100000000)
   the space 699072K,  47% used [0x00000000d5550000, 0x00000000e99941a0, 0x00000000e9994200, 0x0000000100000000)
 Metaspace       used 59333K, capacity 65228K, committed 65368K, reserved 1105920K
  class space    used 8040K, capacity 9529K, committed 9600K, reserved 1048576K
Event: 270.074 GC heap after
Heap after GC invocations=150 (full 3):
 def new generation   total 314560K, used 8478K [0x00000000c0000000, 0x00000000d5550000, 0x00000000d5550000)
  eden space 279616K,   0% used [0x00000000c0000000, 0x00000000c0000000, 0x00000000d1110000)
  from space 34944K,  24% used [0x00000000d3330000, 0x00000000d3b77a38, 0x00000000d5550000)
  to   space 34944K,   0% used [0x00000000d1110000, 0x00000000d1110000, 0x00000000d3330000)
 tenured generation   total 699072K, used 332108K [0x00000000d5550000, 0x0000000100000000, 0x0000000100000000)
   the space 699072K,  47% used [0x00000000d5550000, 0x00000000e99a3288, 0x00000000e99a3400, 0x0000000100000000)
 Metaspace       used 59333K, capacity 65228K, committed 65368K, reserved 1105920K
  class space    used 8040K, capacity 9529K, committed 9600K, reserved 1048576K
}
Event: 275.414 GC heap before
{Heap before GC invocations=150 (full 3):
 def new generation   total 314560K, used 288094K [0x00000000c0000000, 0x00000000d5550000, 0x00000000d5550000)
  eden space 279616K, 100% used [0x00000000c0000000, 0x00000000d1110000, 0x00000000d1110000)
  from space 34944K,  24% used [0x00000000d3330000, 0x00000000d3b77a38, 0x00000000d5550000)
  to   space 34944K,   0% used [0x00000000d1110000, 0x00000000d1110000, 0x00000000d3330000)
 tenured generation   total 699072K, used 332108K [0x00000000d5550000, 0x0000000100000000, 0x0000000100000000)
   the space 699072K,  47% used [0x00000000d5550000, 0x00000000e99a3288, 0x00000000e99a3400, 0x0000000100000000)
 Metaspace       used 59334K, capacity 65228K, committed 65368K, reserved 1105920K
  class space    used 8040K, capacity 9529K, committed 9600K, reserved 1048576K
Event: 275.425 GC heap after
Heap after GC invocations=151 (full 3):
 def new generation   total 314560K, used 8337K [0x00000000c0000000, 0x00000000d5550000, 0x00000000d5550000)
  eden space 279616K,   0% used [0x00000000c0000000, 0x00000000c0000000, 0x00000000d1110000)
  from space 34944K,  23% used [0x00000000d1110000, 0x00000000d1934738, 0x00000000d3330000)
  to   space 34944K,   0% used [0x00000000d3330000, 0x00000000d3330000, 0x00000000d5550000)
 tenured generation   total 699072K, used 332290K [0x00000000d5550000, 0x0000000100000000, 0x0000000100000000)
   the space 699072K,  47% used [0x00000000d5550000, 0x00000000e99d0918, 0x00000000e99d0a00, 0x0000000100000000)
 Metaspace       used 59334K, capacity 65228K, committed 65368K, reserved 1105920K
  class space    used 8040K, capacity 9529K, committed 9600K, reserved 1048576K
}
Event: 280.862 GC heap before
{Heap before GC invocations=151 (full 3):
 def new generation   total 314560K, used 287953K [0x00000000c0000000, 0x00000000d5550000, 0x00000000d5550000)
  eden space 279616K, 100% used [0x00000000c0000000, 0x00000000d1110000, 0x00000000d1110000)
  from space 34944K,  23% used [0x00000000d1110000, 0x00000000d1934738, 0x00000000d3330000)
  to   space 34944K,   0% used [0x00000000d3330000, 0x00000000d3330000, 0x00000000d5550000)
 tenured generation   total 699072K, used 332290K [0x00000000d5550000, 0x0000000100000000, 0x0000000100000000)
   the space 699072K,  47% used [0x00000000d5550000, 0x00000000e99d0918, 0x00000000e99d0a00, 0x0000000100000000)
 Metaspace       used 59334K, capacity 65228K, committed 65368K, reserved 1105920K
  class space    used 8040K, capacity 9529K, committed 9600K, reserved 1048576K
Event: 280.876 GC heap after
Heap after GC invocations=152 (full 3):
 def new generation   total 314560K, used 6066K [0x00000000c0000000, 0x00000000d5550000, 0x00000000d5550000)
  eden space 279616K,   0% used [0x00000000c0000000, 0x00000000c0000000, 0x00000000d1110000)
  from space 34944K,  17% used [0x00000000d3330000, 0x00000000d391c950, 0x00000000d5550000)
  to   space 34944K,   0% used [0x00000000d1110000, 0x00000000d1110000, 0x00000000d3330000)
 tenured generation   total 699072K, used 334485K [0x00000000d5550000, 0x0000000100000000, 0x0000000100000000)
   the space 699072K,  47% used [0x00000000d5550000, 0x00000000e9bf56d0, 0x00000000e9bf5800, 0x0000000100000000)
 Metaspace       used 59334K, capacity 65228K, committed 65368K, reserved 1105920K
  class space    used 8040K, capacity 9529K, committed 9600K, reserved 1048576K
}
Event: 286.362 GC heap before
{Heap before GC invocations=152 (full 3):
 def new generation   total 314560K, used 285682K [0x00000000c0000000, 0x00000000d5550000, 0x00000000d5550000)
  eden space 279616K, 100% used [0x00000000c0000000, 0x00000000d1110000, 0x00000000d1110000)
  from space 34944K,  17% used [0x00000000d3330000, 0x00000000d391c950, 0x00000000d5550000)
  to   space 34944K,   0% used [0x00000000d1110000, 0x00000000d1110000, 0x00000000d3330000)
 tenured generation   total 699072K, used 334485K [0x00000000d5550000, 0x0000000100000000, 0x0000000100000000)
   the space 699072K,  47% used [0x00000000d5550000, 0x00000000e9bf56d0, 0x00000000e9bf5800, 0x0000000100000000)
 Metaspace       used 59337K, capacity 65228K, committed 65368K, reserved 1105920K
  class space    used 8040K, capacity 9529K, committed 9600K, reserved 1048576K
Event: 286.373 GC heap after
Heap after GC invocations=153 (full 3):
 def new generation   total 314560K, used 5023K [0x00000000c0000000, 0x00000000d5550000, 0x00000000d5550000)
  eden space 279616K,   0% used [0x00000000c0000000, 0x00000000c0000000, 0x00000000d1110000)
  from space 34944K,  14% used [0x00000000d1110000, 0x00000000d15f7e08, 0x00000000d3330000)
  to   space 34944K,   0% used [0x00000000d3330000, 0x00000000d3330000, 0x00000000d5550000)
 tenured generation   total 699072K, used 335676K [0x00000000d5550000, 0x0000000100000000, 0x0000000100000000)
   the space 699072K,  48% used [0x00000000d5550000, 0x00000000e9d1f120, 0x00000000e9d1f200, 0x0000000100000000)
 Metaspace       used 59337K, capacity 65228K, committed 65368K, reserved 1105920K
  class space    used 8040K, capacity 9529K, committed 9600K, reserved 1048576K
}
Event: 291.809 GC heap before
{Heap before GC invocations=153 (full 3):
 def new generation   total 314560K, used 284639K [0x00000000c0000000, 0x00000000d5550000, 0x00000000d5550000)
  eden space 279616K, 100% used [0x00000000c0000000, 0x00000000d1110000, 0x00000000d1110000)
  from space 34944K,  14% used [0x00000000d1110000, 0x00000000d15f7e08, 0x00000000d3330000)
  to   space 34944K,   0% used [0x00000000d3330000, 0x00000000d3330000, 0x00000000d5550000)
 tenured generation   total 699072K, used 335676K [0x00000000d5550000, 0x0000000100000000, 0x0000000100000000)
   the space 699072K,  48% used [0x00000000d5550000, 0x00000000e9d1f120, 0x00000000e9d1f200, 0x0000000100000000)
 Metaspace       used 59337K, capacity 65228K, committed 65368K, reserved 1105920K
  class space    used 8040K, capacity 9529K, committed 9600K, reserved 1048576K
Event: 291.846 GC heap after
Heap after GC invocations=154 (full 3):
 def new generation   total 314560K, used 2948K [0x00000000c0000000, 0x00000000d5550000, 0x00000000d5550000)
  eden space 279616K,   0% used [0x00000000c0000000, 0x00000000c0000000, 0x00000000d1110000)
  from space 34944K,   8% used [0x00000000d3330000, 0x00000000d3611100, 0x00000000d5550000)
  to   space 34944K,   0% used [0x00000000d1110000, 0x00000000d1110000, 0x00000000d3330000)
 tenured generation   total 699072K, used 337837K [0x00000000d5550000, 0x0000000100000000, 0x0000000100000000)
   the space 699072K,  48% used [0x00000000d5550000, 0x00000000e9f3b740, 0x00000000e9f3b800, 0x0000000100000000)
 Metaspace       used 59337K, capacity 65228K, committed 65368K, reserved 1105920K
  class space    used 8040K, capacity 9529K, committed 9600K, reserved 1048576K
}
Event: 297.269 GC heap before
{Heap before GC invocations=154 (full 3):
 def new generation   total 314560K, used 282564K [0x00000000c0000000, 0x00000000d5550000, 0x00000000d5550000)
  eden space 279616K, 100% used [0x00000000c0000000, 0x00000000d1110000, 0x00000000d1110000)
  from space 34944K,   8% used [0x00000000d3330000, 0x00000000d3611100, 0x00000000d5550000)
  to   space 34944K,   0% used [0x00000000d1110000, 0x00000000d1110000, 0x00000000d3330000)
 tenured generation   total 699072K, used 337837K [0x00000000d5550000, 0x0000000100000000, 0x0000000100000000)
   the space 699072K,  48% used [0x00000000d5550000, 0x00000000e9f3b740, 0x00000000e9f3b800, 0x0000000100000000)
 Metaspace       used 59338K, capacity 65228K, committed 65368K, reserved 1105920K
  class space    used 8040K, capacity 9529K, committed 9600K, reserved 1048576K
Event: 297.280 GC heap after
Heap after GC invocations=155 (full 3):
 def new generation   total 314560K, used 2893K [0x00000000c0000000, 0x00000000d5550000, 0x00000000d5550000)
  eden space 279616K,   0% used [0x00000000c0000000, 0x00000000c0000000, 0x00000000d1110000)
  from space 34944K,   8% used [0x00000000d1110000, 0x00000000d13e37e0, 0x00000000d3330000)
  to   space 34944K,   0% used [0x00000000d3330000, 0x00000000d3330000, 0x00000000d5550000)
 tenured generation   total 699072K, used 337855K [0x00000000d5550000, 0x0000000100000000, 0x0000000100000000)
   the space 699072K,  48% used [0x00000000d5550000, 0x00000000e9f3feb0, 0x00000000e9f40000, 0x0000000100000000)
 Metaspace       used 59338K, capacity 65228K, committed 65368K, reserved 1105920K
  class space    used 8040K, capacity 9529K, committed 9600K, reserved 1048576K
}
Event: 304.665 GC heap before
{Heap before GC invocations=155 (full 3):
 def new generation   total 314560K, used 282509K [0x00000000c0000000, 0x00000000d5550000, 0x00000000d5550000)
  eden space 279616K, 100% used [0x00000000c0000000, 0x00000000d1110000, 0x00000000d1110000)
  from space 34944K,   8% used [0x00000000d1110000, 0x00000000d13e37e0, 0x00000000d3330000)
  to   space 34944K,   0% used [0x00000000d3330000, 0x00000000d3330000, 0x00000000d5550000)
 tenured generation   total 699072K, used 337855K [0x00000000d5550000, 0x0000000100000000, 0x0000000100000000)
   the space 699072K,  48% used [0x00000000d5550000, 0x00000000e9f3feb0, 0x00000000e9f40000, 0x0000000100000000)
 Metaspace       used 59341K, capacity 65228K, committed 65368K, reserved 1105920K
  class space    used 8040K, capacity 9529K, committed 9600K, reserved 1048576K
Event: 304.710 GC heap after
Heap after GC invocations=156 (full 3):
 def new generation   total 314560K, used 4102K [0x00000000c0000000, 0x00000000d5550000, 0x00000000d5550000)
  eden space 279616K,   0% used [0x00000000c0000000, 0x00000000c0000000, 0x00000000d1110000)
  from space 34944K,  11% used [0x00000000d3330000, 0x00000000d37318f8, 0x00000000d5550000)
  to   space 34944K,   0% used [0x00000000d1110000, 0x00000000d1110000, 0x00000000d3330000)
 tenured generation   total 699072K, used 338085K [0x00000000d5550000, 0x0000000100000000, 0x0000000100000000)
   the space 699072K,  48% used [0x00000000d5550000, 0x00000000e9f79630, 0x00000000e9f79800, 0x0000000100000000)
 Metaspace       used 59341K, capacity 65228K, committed 65368K, reserved 1105920K
  class space    used 8040K, capacity 9529K, committed 9600K, reserved 1048576K
}
Event: 307.765 GC heap before
{Heap before GC invocations=156 (full 3):
 def new generation   total 314560K, used 283718K [0x00000000c0000000, 0x00000000d5550000, 0x00000000d5550000)
  eden space 279616K, 100% used [0x00000000c0000000, 0x00000000d1110000, 0x00000000d1110000)
  from space 34944K,  11% used [0x00000000d3330000, 0x00000000d37318f8, 0x00000000d5550000)
  to   space 34944K,   0% used [0x00000000d1110000, 0x00000000d1110000, 0x00000000d3330000)
 tenured generation   total 699072K, used 338085K [0x00000000d5550000, 0x0000000100000000, 0x0000000100000000)
   the space 699072K,  48% used [0x00000000d5550000, 0x00000000e9f79630, 0x00000000e9f79800, 0x0000000100000000)
 Metaspace       used 59341K, capacity 65228K, committed 65368K, reserved 1105920K
  class space    used 8040K, capacity 9529K, committed 9600K, reserved 1048576K
Event: 307.773 GC heap after
Heap after GC invocations=157 (full 3):
 def new generation   total 314560K, used 3939K [0x00000000c0000000, 0x00000000d5550000, 0x00000000d5550000)
  eden space 279616K,   0% used [0x00000000c0000000, 0x00000000c0000000, 0x00000000d1110000)
  from space 34944K,  11% used [0x00000000d1110000, 0x00000000d14e8f10, 0x00000000d3330000)
  to   space 34944K,   0% used [0x00000000d3330000, 0x00000000d3330000, 0x00000000d5550000)
 tenured generation   total 699072K, used 338154K [0x00000000d5550000, 0x0000000100000000, 0x0000000100000000)
   the space 699072K,  48% used [0x00000000d5550000, 0x00000000e9f8abd8, 0x00000000e9f8ac00, 0x0000000100000000)
 Metaspace       used 59341K, capacity 65228K, committed 65368K, reserved 1105920K
  class space    used 8040K, capacity 9529K, committed 9600K, reserved 1048576K
}
Event: 311.863 GC heap before
{Heap before GC invocations=157 (full 3):
 def new generation   total 314560K, used 283555K [0x00000000c0000000, 0x00000000d5550000, 0x00000000d5550000)
  eden space 279616K, 100% used [0x00000000c0000000, 0x00000000d1110000, 0x00000000d1110000)
  from space 34944K,  11% used [0x00000000d1110000, 0x00000000d14e8f10, 0x00000000d3330000)
  to   space 34944K,   0% used [0x00000000d3330000, 0x00000000d3330000, 0x00000000d5550000)
 tenured generation   total 699072K, used 338154K [0x00000000d5550000, 0x0000000100000000, 0x0000000100000000)
   the space 699072K,  48% used [0x00000000d5550000, 0x00000000e9f8abd8, 0x00000000e9f8ac00, 0x0000000100000000)
 Metaspace       used 59342K, capacity 65228K, committed 65368K, reserved 1105920K
  class space    used 8040K, capacity 9529K, committed 9600K, reserved 1048576K
Event: 311.873 GC heap after
Heap after GC invocations=158 (full 3):
 def new generation   total 314560K, used 3949K [0x00000000c0000000, 0x00000000d5550000, 0x00000000d5550000)
  eden space 279616K,   0% used [0x00000000c0000000, 0x00000000c0000000, 0x00000000d1110000)
  from space 34944K,  11% used [0x00000000d3330000, 0x00000000d370b4a8, 0x00000000d5550000)
  to   space 34944K,   0% used [0x00000000d1110000, 0x00000000d1110000, 0x00000000d3330000)
 tenured generation   total 699072K, used 338406K [0x00000000d5550000, 0x0000000100000000, 0x0000000100000000)
   the space 699072K,  48% used [0x00000000d5550000, 0x00000000e9fc9800, 0x00000000e9fc9800, 0x0000000100000000)
 Metaspace       used 59342K, capacity 65228K, committed 65368K, reserved 1105920K
  class space    used 8040K, capacity 9529K, committed 9600K, reserved 1048576K
}
Event: 316.380 GC heap before
{Heap before GC invocations=158 (full 3):
 def new generation   total 314560K, used 283565K [0x00000000c0000000, 0x00000000d5550000, 0x00000000d5550000)
  eden space 279616K, 100% used [0x00000000c0000000, 0x00000000d1110000, 0x00000000d1110000)
  from space 34944K,  11% used [0x00000000d3330000, 0x00000000d370b4a8, 0x00000000d5550000)
  to   space 34944K,   0% used [0x00000000d1110000, 0x00000000d1110000, 0x00000000d3330000)
 tenured generation   total 699072K, used 338406K [0x00000000d5550000, 0x0000000100000000, 0x0000000100000000)
   the space 699072K,  48% used [0x00000000d5550000, 0x00000000e9fc9800, 0x00000000e9fc9800, 0x0000000100000000)
 Metaspace       used 59342K, capacity 65228K, committed 65368K, reserved 1105920K
  class space    used 8040K, capacity 9529K, committed 9600K, reserved 1048576K
Event: 316.393 GC heap after
Heap after GC invocations=159 (full 3):
 def new generation   total 314560K, used 3895K [0x00000000c0000000, 0x00000000d5550000, 0x00000000d5550000)
  eden space 279616K,   0% used [0x00000000c0000000, 0x00000000c0000000, 0x00000000d1110000)
  from space 34944K,  11% used [0x00000000d1110000, 0x00000000d14ddea0, 0x00000000d3330000)
  to   space 34944K,   0% used [0x00000000d3330000, 0x00000000d3330000, 0x00000000d5550000)
 tenured generation   total 699072K, used 338442K [0x00000000d5550000, 0x0000000100000000, 0x0000000100000000)
   the space 699072K,  48% used [0x00000000d5550000, 0x00000000e9fd2980, 0x00000000e9fd2a00, 0x0000000100000000)
 Metaspace       used 59342K, capacity 65228K, committed 65368K, reserved 1105920K
  class space    used 8040K, capacity 9529K, committed 9600K, reserved 1048576K
}
Event: 321.017 GC heap before
{Heap before GC invocations=159 (full 3):
 def new generation   total 314560K, used 283511K [0x00000000c0000000, 0x00000000d5550000, 0x00000000d5550000)
  eden space 279616K, 100% used [0x00000000c0000000, 0x00000000d1110000, 0x00000000d1110000)
  from space 34944K,  11% used [0x00000000d1110000, 0x00000000d14ddea0, 0x00000000d3330000)
  to   space 34944K,   0% used [0x00000000d3330000, 0x00000000d3330000, 0x00000000d5550000)
 tenured generation   total 699072K, used 338442K [0x00000000d5550000, 0x0000000100000000, 0x0000000100000000)
   the space 699072K,  48% used [0x00000000d5550000, 0x00000000e9fd2980, 0x00000000e9fd2a00, 0x0000000100000000)
 Metaspace       used 59342K, capacity 65228K, committed 65368K, reserved 1105920K
  class space    used 8040K, capacity 9529K, committed 9600K, reserved 1048576K
Event: 321.029 GC heap after
Heap after GC invocations=160 (full 3):
 def new generation   total 314560K, used 3530K [0x00000000c0000000, 0x00000000d5550000, 0x00000000d5550000)
  eden space 279616K,   0% used [0x00000000c0000000, 0x00000000c0000000, 0x00000000d1110000)
  from space 34944K,  10% used [0x00000000d3330000, 0x00000000d36a2868, 0x00000000d5550000)
  to   space 34944K,   0% used [0x00000000d1110000, 0x00000000d1110000, 0x00000000d3330000)
 tenured generation   total 699072K, used 338804K [0x00000000d5550000, 0x0000000100000000, 0x0000000100000000)
   the space 699072K,  48% used [0x00000000d5550000, 0x00000000ea02d100, 0x00000000ea02d200, 0x0000000100000000)
 Metaspace       used 59342K, capacity 65228K, committed 65368K, reserved 1105920K
  class space    used 8040K, capacity 9529K, committed 9600K, reserved 1048576K
}
Event: 326.278 GC heap before
{Heap before GC invocations=160 (full 3):
 def new generation   total 314560K, used 283146K [0x00000000c0000000, 0x00000000d5550000, 0x00000000d5550000)
  eden space 279616K, 100% used [0x00000000c0000000, 0x00000000d1110000, 0x00000000d1110000)
  from space 34944K,  10% used [0x00000000d3330000, 0x00000000d36a2868, 0x00000000d5550000)
  to   space 34944K,   0% used [0x00000000d1110000, 0x00000000d1110000, 0x00000000d3330000)
 tenured generation   total 699072K, used 338804K [0x00000000d5550000, 0x0000000100000000, 0x0000000100000000)
   the space 699072K,  48% used [0x00000000d5550000, 0x00000000ea02d100, 0x00000000ea02d200, 0x0000000100000000)
 Metaspace       used 59458K, capacity 65308K, committed 65624K, reserved 1105920K
  class space    used 8051K, capacity 9533K, committed 9600K, reserved 1048576K
Event: 326.365 GC heap after
Heap after GC invocations=161 (full 3):
 def new generation   total 314560K, used 3482K [0x00000000c0000000, 0x00000000d5550000, 0x00000000d5550000)
  eden space 279616K,   0% used [0x00000000c0000000, 0x00000000c0000000, 0x00000000d1110000)
  from space 34944K,   9% used [0x00000000d1110000, 0x00000000d1476bd8, 0x00000000d3330000)
  to   space 34944K,   0% used [0x00000000d3330000, 0x00000000d3330000, 0x00000000d5550000)
 tenured generation   total 699072K, used 338918K [0x00000000d5550000, 0x0000000100000000, 0x0000000100000000)
   the space 699072K,  48% used [0x00000000d5550000, 0x00000000ea049ab0, 0x00000000ea049c00, 0x0000000100000000)
 Metaspace       used 59458K, capacity 65308K, committed 65624K, reserved 1105920K
  class space    used 8051K, capacity 9533K, committed 9600K, reserved 1048576K
}
Event: 331.801 GC heap before
{Heap before GC invocations=161 (full 3):
 def new generation   total 314560K, used 283098K [0x00000000c0000000, 0x00000000d5550000, 0x00000000d5550000)
  eden space 279616K, 100% used [0x00000000c0000000, 0x00000000d1110000, 0x00000000d1110000)
  from space 34944K,   9% used [0x00000000d1110000, 0x00000000d1476bd8, 0x00000000d3330000)
  to   space 34944K,   0% used [0x00000000d3330000, 0x00000000d3330000, 0x00000000d5550000)
 tenured generation   total 699072K, used 338918K [0x00000000d5550000, 0x0000000100000000, 0x0000000100000000)
   the space 699072K,  48% used [0x00000000d5550000, 0x00000000ea049ab0, 0x00000000ea049c00, 0x0000000100000000)
 Metaspace       used 59488K, capacity 65376K, committed 65624K, reserved 1105920K
  class space    used 8051K, capacity 9533K, committed 9600K, reserved 1048576K
Event: 331.816 GC heap after
Heap after GC invocations=162 (full 3):
 def new generation   total 314560K, used 3321K [0x00000000c0000000, 0x00000000d5550000, 0x00000000d5550000)
  eden space 279616K,   0% used [0x00000000c0000000, 0x00000000c0000000, 0x00000000d1110000)
  from space 34944K,   9% used [0x00000000d3330000, 0x00000000d366e4b0, 0x00000000d5550000)
  to   space 34944K,   0% used [0x00000000d1110000, 0x00000000d1110000, 0x00000000d3330000)
 tenured generation   total 699072K, used 338981K [0x00000000d5550000, 0x0000000100000000, 0x0000000100000000)
   the space 699072K,  48% used [0x00000000d5550000, 0x00000000ea0597d8, 0x00000000ea059800, 0x0000000100000000)
 Metaspace       used 59488K, capacity 65376K, committed 65624K, reserved 1105920K
  class space    used 8051K, capacity 9533K, committed 9600K, reserved 1048576K
}
Event: 335.017 GC heap before
{Heap before GC invocations=162 (full 3):
 def new generation   total 314560K, used 282937K [0x00000000c0000000, 0x00000000d5550000, 0x00000000d5550000)
  eden space 279616K, 100% used [0x00000000c0000000, 0x00000000d1110000, 0x00000000d1110000)
  from space 34944K,   9% used [0x00000000d3330000, 0x00000000d366e4b0, 0x00000000d5550000)
  to   space 34944K,   0% used [0x00000000d1110000, 0x00000000d1110000, 0x00000000d3330000)
 tenured generation   total 699072K, used 338981K [0x00000000d5550000, 0x0000000100000000, 0x0000000100000000)
   the space 699072K,  48% used [0x00000000d5550000, 0x00000000ea0597d8, 0x00000000ea059800, 0x0000000100000000)
 Metaspace       used 59508K, capacity 65396K, committed 65624K, reserved 1105920K
  class space    used 8056K, capacity 9537K, committed 9600K, reserved 1048576K
Event: 335.048 GC heap after
Heap after GC invocations=163 (full 3):
 def new generation   total 314560K, used 3112K [0x00000000c0000000, 0x00000000d5550000, 0x00000000d5550000)
  eden space 279616K,   0% used [0x00000000c0000000, 0x00000000c0000000, 0x00000000d1110000)
  from space 34944K,   8% used [0x00000000d1110000, 0x00000000d141a1f0, 0x00000000d3330000)
  to   space 34944K,   0% used [0x00000000d3330000, 0x00000000d3330000, 0x00000000d5550000)
 tenured generation   total 699072K, used 339040K [0x00000000d5550000, 0x0000000100000000, 0x0000000100000000)
   the space 699072K,  48% used [0x00000000d5550000, 0x00000000ea068018, 0x00000000ea068200, 0x0000000100000000)
 Metaspace       used 59508K, capacity 65396K, committed 65624K, reserved 1105920K
  class space    used 8056K, capacity 9537K, committed 9600K, reserved 1048576K
}
Event: 340.463 GC heap before
{Heap before GC invocations=163 (full 3):
 def new generation   total 314560K, used 282728K [0x00000000c0000000, 0x00000000d5550000, 0x00000000d5550000)
  eden space 279616K, 100% used [0x00000000c0000000, 0x00000000d1110000, 0x00000000d1110000)
  from space 34944K,   8% used [0x00000000d1110000, 0x00000000d141a1f0, 0x00000000d3330000)
  to   space 34944K,   0% used [0x00000000d3330000, 0x00000000d3330000, 0x00000000d5550000)
 tenured generation   total 699072K, used 339040K [0x00000000d5550000, 0x0000000100000000, 0x0000000100000000)
   the space 699072K,  48% used [0x00000000d5550000, 0x00000000ea068018, 0x00000000ea068200, 0x0000000100000000)
 Metaspace       used 59534K, capacity 65418K, committed 65624K, reserved 1105920K
  class space    used 8058K, capacity 9540K, committed 9600K, reserved 1048576K
Event: 340.480 GC heap after
Heap after GC invocations=164 (full 3):
 def new generation   total 314560K, used 3111K [0x00000000c0000000, 0x00000000d5550000, 0x00000000d5550000)
  eden space 279616K,   0% used [0x00000000c0000000, 0x00000000c0000000, 0x00000000d1110000)
  from space 34944K,   8% used [0x00000000d3330000, 0x00000000d3639c58, 0x00000000d5550000)
  to   space 34944K,   0% used [0x00000000d1110000, 0x00000000d1110000, 0x00000000d3330000)
 tenured generation   total 699072K, used 339043K [0x00000000d5550000, 0x0000000100000000, 0x0000000100000000)
   the space 699072K,  48% used [0x00000000d5550000, 0x00000000ea068d68, 0x00000000ea068e00, 0x0000000100000000)
 Metaspace       used 59534K, capacity 65418K, committed 65624K, reserved 1105920K
  class space    used 8058K, capacity 9540K, committed 9600K, reserved 1048576K
}
Event: 345.685 GC heap before
{Heap before GC invocations=164 (full 3):
 def new generation   total 314560K, used 282618K [0x00000000c0000000, 0x00000000d5550000, 0x00000000d5550000)
  eden space 279616K,  99% used [0x00000000c0000000, 0x00000000d10f4cb8, 0x00000000d1110000)
  from space 34944K,   8% used [0x00000000d3330000, 0x00000000d3639c58, 0x00000000d5550000)
  to   space 34944K,   0% used [0x00000000d1110000, 0x00000000d1110000, 0x00000000d3330000)
 tenured generation   total 699072K, used 339043K [0x00000000d5550000, 0x0000000100000000, 0x0000000100000000)
   the space 699072K,  48% used [0x00000000d5550000, 0x00000000ea068d68, 0x00000000ea068e00, 0x0000000100000000)
 Metaspace       used 59538K, capacity 65418K, committed 65624K, reserved 1105920K
  class space    used 8058K, capacity 9540K, committed 9600K, reserved 1048576K
Event: 345.799 GC heap after
Heap after GC invocations=165 (full 3):
 def new generation   total 314560K, used 3113K [0x00000000c0000000, 0x00000000d5550000, 0x00000000d5550000)
  eden space 279616K,   0% used [0x00000000c0000000, 0x00000000c0000000, 0x00000000d1110000)
  from space 34944K,   8% used [0x00000000d1110000, 0x00000000d141a7e8, 0x00000000d3330000)
  to   space 34944K,   0% used [0x00000000d3330000, 0x00000000d3330000, 0x00000000d5550000)
 tenured generation   total 699072K, used 339049K [0x00000000d5550000, 0x0000000100000000, 0x0000000100000000)
   the space 699072K,  48% used [0x00000000d5550000, 0x00000000ea06a6b8, 0x00000000ea06a800, 0x0000000100000000)
 Metaspace       used 59538K, capacity 65418K, committed 65624K, reserved 1105920K
  class space    used 8058K, capacity 9540K, committed 9600K, reserved 1048576K
}
Event: 352.730 GC heap before
{Heap before GC invocations=165 (full 3):
 def new generation   total 314560K, used 282729K [0x00000000c0000000, 0x00000000d5550000, 0x00000000d5550000)
  eden space 279616K, 100% used [0x00000000c0000000, 0x00000000d1110000, 0x00000000d1110000)
  from space 34944K,   8% used [0x00000000d1110000, 0x00000000d141a7e8, 0x00000000d3330000)
  to   space 34944K,   0% used [0x00000000d3330000, 0x00000000d3330000, 0x00000000d5550000)
 tenured generation   total 699072K, used 339049K [0x00000000d5550000, 0x0000000100000000, 0x0000000100000000)
   the space 699072K,  48% used [0x00000000d5550000, 0x00000000ea06a6b8, 0x00000000ea06a800, 0x0000000100000000)
 Metaspace       used 59544K, capacity 65424K, committed 65624K, reserved 1105920K
  class space    used 8059K, capacity 9541K, committed 9600K, reserved 1048576K
Event: 352.834 GC heap after
Heap after GC invocations=166 (full 3):
 def new generation   total 314560K, used 3070K [0x00000000c0000000, 0x00000000d5550000, 0x00000000d5550000)
  eden space 279616K,   0% used [0x00000000c0000000, 0x00000000c0000000, 0x00000000d1110000)
  from space 34944K,   8% used [0x00000000d3330000, 0x00000000d362faa8, 0x00000000d5550000)
  to   space 34944K,   0% used [0x00000000d1110000, 0x00000000d1110000, 0x00000000d3330000)
 tenured generation   total 699072K, used 339111K [0x00000000d5550000, 0x0000000100000000, 0x0000000100000000)
   the space 699072K,  48% used [0x00000000d5550000, 0x00000000ea079d50, 0x00000000ea079e00, 0x0000000100000000)
 Metaspace       used 59544K, capacity 65424K, committed 65624K, reserved 1105920K
  class space    used 8059K, capacity 9541K, committed 9600K, reserved 1048576K
}
Event: 358.156 GC heap before
{Heap before GC invocations=166 (full 3):
 def new generation   total 314560K, used 282686K [0x00000000c0000000, 0x00000000d5550000, 0x00000000d5550000)
  eden space 279616K, 100% used [0x00000000c0000000, 0x00000000d1110000, 0x00000000d1110000)
  from space 34944K,   8% used [0x00000000d3330000, 0x00000000d362faa8, 0x00000000d5550000)
  to   space 34944K,   0% used [0x00000000d1110000, 0x00000000d1110000, 0x00000000d3330000)
 tenured generation   total 699072K, used 339111K [0x00000000d5550000, 0x0000000100000000, 0x0000000100000000)
   the space 699072K,  48% used [0x00000000d5550000, 0x00000000ea079d50, 0x00000000ea079e00, 0x0000000100000000)
 Metaspace       used 59548K, capacity 65432K, committed 65624K, reserved 1105920K
  class space    used 8060K, capacity 9543K, committed 9600K, reserved 1048576K
Event: 358.250 GC heap after
Heap after GC invocations=167 (full 3):
 def new generation   total 314560K, used 3135K [0x00000000c0000000, 0x00000000d5550000, 0x00000000d5550000)
  eden space 279616K,   0% used [0x00000000c0000000, 0x00000000c0000000, 0x00000000d1110000)
  from space 34944K,   8% used [0x00000000d1110000, 0x00000000d141fd80, 0x00000000d3330000)
  to   space 34944K,   0% used [0x00000000d3330000, 0x00000000d3330000, 0x00000000d5550000)
 tenured generation   total 699072K, used 339133K [0x00000000d5550000, 0x0000000100000000, 0x0000000100000000)
   the space 699072K,  48% used [0x00000000d5550000, 0x00000000ea07f4a8, 0x00000000ea07f600, 0x0000000100000000)
 Metaspace       used 59548K, capacity 65432K, committed 65624K, reserved 1105920K
  class space    used 8060K, capacity 9543K, committed 9600K, reserved 1048576K
}
Event: 363.423 GC heap before
{Heap before GC invocations=167 (full 3):
 def new generation   total 314560K, used 282751K [0x00000000c0000000, 0x00000000d5550000, 0x00000000d5550000)
  eden space 279616K, 100% used [0x00000000c0000000, 0x00000000d1110000, 0x00000000d1110000)
  from space 34944K,   8% used [0x00000000d1110000, 0x00000000d141fd80, 0x00000000d3330000)
  to   space 34944K,   0% used [0x00000000d3330000, 0x00000000d3330000, 0x00000000d5550000)
 tenured generation   total 699072K, used 339133K [0x00000000d5550000, 0x0000000100000000, 0x0000000100000000)
   the space 699072K,  48% used [0x00000000d5550000, 0x00000000ea07f4a8, 0x00000000ea07f600, 0x0000000100000000)
 Metaspace       used 59550K, capacity 65432K, committed 65624K, reserved 1105920K
  class space    used 8060K, capacity 9543K, committed 9600K, reserved 1048576K
Event: 363.537 GC heap after
Heap after GC invocations=168 (full 3):
 def new generation   total 314560K, used 3392K [0x00000000c0000000, 0x00000000d5550000, 0x00000000d5550000)
  eden space 279616K,   0% used [0x00000000c0000000, 0x00000000c0000000, 0x00000000d1110000)
  from space 34944K,   9% used [0x00000000d3330000, 0x00000000d36801e0, 0x00000000d5550000)
  to   space 34944K,   0% used [0x00000000d1110000, 0x00000000d1110000, 0x00000000d3330000)
 tenured generation   total 699072K, used 339190K [0x00000000d5550000, 0x0000000100000000, 0x0000000100000000)
   the space 699072K,  48% used [0x00000000d5550000, 0x00000000ea08dbd0, 0x00000000ea08dc00, 0x0000000100000000)
 Metaspace       used 59550K, capacity 65432K, committed 65624K, reserved 1105920K
  class space    used 8060K, capacity 9543K, committed 9600K, reserved 1048576K
}
Event: 369.167 GC heap before
{Heap before GC invocations=168 (full 3):
 def new generation   total 314560K, used 283008K [0x00000000c0000000, 0x00000000d5550000, 0x00000000d5550000)
  eden space 279616K, 100% used [0x00000000c0000000, 0x00000000d1110000, 0x00000000d1110000)
  from space 34944K,   9% used [0x00000000d3330000, 0x00000000d36801e0, 0x00000000d5550000)
  to   space 34944K,   0% used [0x00000000d1110000, 0x00000000d1110000, 0x00000000d3330000)
 tenured generation   total 699072K, used 339190K [0x00000000d5550000, 0x0000000100000000, 0x0000000100000000)
   the space 699072K,  48% used [0x00000000d5550000, 0x00000000ea08dbd0, 0x00000000ea08dc00, 0x0000000100000000)
 Metaspace       used 59555K, capacity 65436K, committed 65624K, reserved 1105920K
  class space    used 8060K, capacity 9543K, committed 9600K, reserved 1048576K
Event: 369.282 GC heap after
Heap after GC invocations=169 (full 3):
 def new generation   total 314560K, used 5989K [0x00000000c0000000, 0x00000000d5550000, 0x00000000d5550000)
  eden space 279616K,   0% used [0x00000000c0000000, 0x00000000c0000000, 0x00000000d1110000)
  from space 34944K,  17% used [0x00000000d1110000, 0x00000000d16e9770, 0x00000000d3330000)
  to   space 34944K,   0% used [0x00000000d3330000, 0x00000000d3330000, 0x00000000d5550000)
 tenured generation   total 699072K, used 339284K [0x00000000d5550000, 0x0000000100000000, 0x0000000100000000)
   the space 699072K,  48% used [0x00000000d5550000, 0x00000000ea0a5268, 0x00000000ea0a5400, 0x0000000100000000)
 Metaspace       used 59555K, capacity 65436K, committed 65624K, reserved 1105920K
  class space    used 8060K, capacity 9543K, committed 9600K, reserved 1048576K
}
Event: 374.992 GC heap before
{Heap before GC invocations=169 (full 3):
 def new generation   total 314560K, used 285605K [0x00000000c0000000, 0x00000000d5550000, 0x00000000d5550000)
  eden space 279616K, 100% used [0x00000000c0000000, 0x00000000d1110000, 0x00000000d1110000)
  from space 34944K,  17% used [0x00000000d1110000, 0x00000000d16e9770, 0x00000000d3330000)
  to   space 34944K,   0% used [0x00000000d3330000, 0x00000000d3330000, 0x00000000d5550000)
 tenured generation   total 699072K, used 339284K [0x00000000d5550000, 0x0000000100000000, 0x0000000100000000)
   the space 699072K,  48% used [0x00000000d5550000, 0x00000000ea0a5268, 0x00000000ea0a5400, 0x0000000100000000)
 Metaspace       used 59557K, capacity 65436K, committed 65624K, reserved 1105920K
  class space    used 8060K, capacity 9543K, committed 9600K, reserved 1048576K
Event: 375.014 GC heap after
Heap after GC invocations=170 (full 3):
 def new generation   total 314560K, used 8447K [0x00000000c0000000, 0x00000000d5550000, 0x00000000d5550000)
  eden space 279616K,   0% used [0x00000000c0000000, 0x00000000c0000000, 0x00000000d1110000)
  from space 34944K,  24% used [0x00000000d3330000, 0x00000000d3b6ffd8, 0x00000000d5550000)
  to   space 34944K,   0% used [0x00000000d1110000, 0x00000000d1110000, 0x00000000d3330000)
 tenured generation   total 699072K, used 339297K [0x00000000d5550000, 0x0000000100000000, 0x0000000100000000)
   the space 699072K,  48% used [0x00000000d5550000, 0x00000000ea0a85f8, 0x00000000ea0a8600, 0x0000000100000000)
 Metaspace       used 59557K, capacity 65436K, committed 65624K, reserved 1105920K
  class space    used 8060K, capacity 9543K, committed 9600K, reserved 1048576K
}
Event: 397.992 GC heap before
{Heap before GC invocations=170 (full 3):
 def new generation   total 314560K, used 288063K [0x00000000c0000000, 0x00000000d5550000, 0x00000000d5550000)
  eden space 279616K, 100% used [0x00000000c0000000, 0x00000000d1110000, 0x00000000d1110000)
  from space 34944K,  24% used [0x00000000d3330000, 0x00000000d3b6ffd8, 0x00000000d5550000)
  to   space 34944K,   0% used [0x00000000d1110000, 0x00000000d1110000, 0x00000000d3330000)
 tenured generation   total 699072K, used 339297K [0x00000000d5550000, 0x0000000100000000, 0x0000000100000000)
   the space 699072K,  48% used [0x00000000d5550000, 0x00000000ea0a85f8, 0x00000000ea0a8600, 0x0000000100000000)
 Metaspace       used 59601K, capacity 65546K, committed 65624K, reserved 1105920K
  class space    used 8063K, capacity 9578K, committed 9600K, reserved 1048576K
Event: 398.099 GC heap after
Heap after GC invocations=171 (full 3):
 def new generation   total 314560K, used 26614K [0x00000000c0000000, 0x00000000d5550000, 0x00000000d5550000)
  eden space 279616K,   0% used [0x00000000c0000000, 0x00000000c0000000, 0x00000000d1110000)
  from space 34944K,  76% used [0x00000000d1110000, 0x00000000d2b0d9e8, 0x00000000d3330000)
  to   space 34944K,   0% used [0x00000000d3330000, 0x00000000d3330000, 0x00000000d5550000)
 tenured generation   total 699072K, used 339705K [0x00000000d5550000, 0x0000000100000000, 0x0000000100000000)
   the space 699072K,  48% used [0x00000000d5550000, 0x00000000ea10e6f0, 0x00000000ea10e800, 0x0000000100000000)
 Metaspace       used 59601K, capacity 65546K, committed 65624K, reserved 1105920K
  class space    used 8063K, capacity 9578K, committed 9600K, reserved 1048576K
}

